12:17:33,946 ExportSystem INFO Using AnkerSolixApiExport Version: 2.3.2.0, Date: 2024-12-17, Export Services: set()
12:17:33,946 ExportSystem INFO 
12:17:33,947 ExportSystem INFO Querying common endpoint data...
12:17:33,947 ExportSystem INFO Querying site information...
12:17:35,150 ExportSystem INFO Querying bind devices information...
12:17:35,477 ExportSystem INFO Found 1 accessible systems (sites) and 1 devices.
12:17:35,477 ExportSystem INFO Exporting site list...
12:17:35,477 ExportSystem DEBUG post power_service/v1/site/get_site_list --> site_list.json
12:17:35,816 ExportSystem INFO Saved JSON to file SB1_DischargePrio/site_list.json
12:17:35,818 ExportSystem INFO Exporting bind devices...
12:17:35,818 ExportSystem DEBUG post power_service/v1/app/get_relate_and_bind_devices --> bind_devices.json
12:17:36,153 ExportSystem INFO Saved JSON to file SB1_DischargePrio/bind_devices.json
12:17:36,155 ExportSystem INFO Exporting OTA batch info for all devices...
12:17:36,155 ExportSystem DEBUG post app/ota/batch/check_update --> ota_batch.json
12:17:36,505 ExportSystem INFO Saved JSON to file SB1_DischargePrio/ota_batch.json
12:17:36,505 ExportSystem INFO Exporting message unread status...
12:17:36,505 ExportSystem DEBUG get power_service/v1/get_message_unread --> message_unread.json
12:17:36,829 ExportSystem INFO Saved JSON to file SB1_DischargePrio/message_unread.json
12:17:36,830 ExportSystem INFO Exporting supported sites, devices and accessories...
12:17:36,830 ExportSystem DEBUG post power_service/v1/site/get_site_rules --> list_site_rules.json
12:17:37,198 ExportSystem INFO Saved JSON to file SB1_DischargePrio/list_site_rules.json
12:17:37,200 ExportSystem DEBUG get power_service/v1/product_categories --> list_products.json
12:17:37,571 ExportSystem INFO Saved JSON to file SB1_DischargePrio/list_products.json
12:17:37,572 ExportSystem DEBUG get power_service/v1/product_accessories --> list_accessories.json
12:17:37,913 ExportSystem INFO Saved JSON to file SB1_DischargePrio/list_accessories.json
12:17:37,914 ExportSystem DEBUG post power_service/v1/app/third/platform/list --> list_third_platforms.json
12:17:38,289 ExportSystem INFO Saved JSON to file SB1_DischargePrio/list_third_platforms.json
12:17:38,290 ExportSystem INFO Exporting scene info...
12:17:38,290 ExportSystem DEBUG post power_service/v1/site/get_scen_info --> scene_ed9265ca-7b15-1a7d-2fae-5954001eacdf.json
12:17:38,650 ExportSystem INFO Saved JSON to file SB1_DischargePrio/scene_ed9265ca-7b15-1a7d-2fae-5954001eacdf.json
12:17:38,651 ExportSystem INFO 
12:17:38,651 ExportSystem INFO Querying power_service endpoint data...
12:17:38,652 ExportSystem INFO 
12:17:38,652 ExportSystem INFO Exporting homepage...
12:17:38,652 ExportSystem DEBUG post power_service/v1/site/get_site_homepage --> homepage.json
12:17:38,984 ExportSystem INFO Saved JSON to file SB1_DischargePrio/homepage.json
12:17:38,985 ExportSystem INFO Exporting user devices...
12:17:38,985 ExportSystem DEBUG post power_service/v1/site/list_user_devices --> user_devices.json
12:17:39,321 ExportSystem INFO Saved JSON to file SB1_DischargePrio/user_devices.json
12:17:39,322 ExportSystem INFO Exporting charging devices...
12:17:39,322 ExportSystem DEBUG post power_service/v1/site/get_charging_device --> charging_devices.json
12:17:39,643 ExportSystem INFO Saved JSON to file SB1_DischargePrio/charging_devices.json
12:17:39,644 ExportSystem INFO Exporting auto upgrade settings...
12:17:39,644 ExportSystem DEBUG post power_service/v1/app/get_auto_upgrade --> auto_upgrade.json
12:17:39,981 ExportSystem INFO Saved JSON to file SB1_DischargePrio/auto_upgrade.json
12:17:39,982 ExportSystem INFO Exporting config...
12:17:39,982 ExportSystem DEBUG post power_service/v1/app/get_config --> config.json
12:17:40,307 ExportSystem INFO Saved JSON to file SB1_DischargePrio/config.json
12:17:40,307 ExportSystem INFO Get token for user account...
12:17:40,308 ExportSystem DEBUG post power_service/v1/app/get_token_by_userid --> get_token.json
12:17:40,629 ExportSystem INFO Saved JSON to file SB1_DischargePrio/get_token.json
12:17:40,630 ExportSystem INFO Get Shelly status with token...
12:17:40,630 ExportSystem DEBUG post power_service/v1/app/get_user_op_shelly_status --> shelly_status.json
12:17:40,951 ExportSystem INFO Saved JSON to file SB1_DischargePrio/shelly_status.json
12:17:40,952 ExportSystem INFO 
12:17:40,953 ExportSystem INFO Exporting site specific data for site ed9265ca-7b15-1a7d-2fae-5954001eacdf...
12:17:40,953 ExportSystem INFO Exporting site detail...
12:17:40,953 ExportSystem DEBUG post power_service/v1/site/get_site_detail --> site_detail_ed9265ca-7b15-1a7d-2fae-5954001eacdf.json
12:17:41,289 ExportSystem INFO Saved JSON to file SB1_DischargePrio/site_detail_ed9265ca-7b15-1a7d-2fae-5954001eacdf.json
12:17:41,290 ExportSystem INFO Exporting wifi list...
12:17:41,290 ExportSystem DEBUG post power_service/v1/site/get_wifi_info_list --> wifi_list_ed9265ca-7b15-1a7d-2fae-5954001eacdf.json
12:17:41,624 ExportSystem INFO Saved JSON to file SB1_DischargePrio/wifi_list_ed9265ca-7b15-1a7d-2fae-5954001eacdf.json
12:17:41,626 ExportSystem INFO Exporting installation...
12:17:41,626 ExportSystem DEBUG post power_service/v1/app/compatible/get_installation --> installation_ed9265ca-7b15-1a7d-2fae-5954001eacdf.json
12:17:41,948 ExportSystem INFO Saved JSON to file SB1_DischargePrio/installation_ed9265ca-7b15-1a7d-2fae-5954001eacdf.json
12:17:41,949 ExportSystem INFO Exporting site price...
12:17:41,949 ExportSystem DEBUG post power_service/v1/site/get_site_price --> price_ed9265ca-7b15-1a7d-2fae-5954001eacdf.json
12:17:42,273 ExportSystem INFO Saved JSON to file SB1_DischargePrio/price_ed9265ca-7b15-1a7d-2fae-5954001eacdf.json
12:17:42,274 ExportSystem INFO Exporting device parameter type 4 settings...
12:17:42,274 ExportSystem DEBUG post power_service/v1/site/get_site_device_param --> device_parm_4_ed9265ca-7b15-1a7d-2fae-5954001eacdf.json
12:17:42,616 ExportSystem INFO Saved JSON to file SB1_DischargePrio/device_parm_4_ed9265ca-7b15-1a7d-2fae-5954001eacdf.json
12:17:42,617 ExportSystem INFO Exporting device parameter type 6 settings...
12:17:42,617 ExportSystem DEBUG post power_service/v1/site/get_site_device_param --> device_parm_6_ed9265ca-7b15-1a7d-2fae-5954001eacdf.json
12:17:42,953 ExportSystem INFO Saved JSON to file SB1_DischargePrio/device_parm_6_ed9265ca-7b15-1a7d-2fae-5954001eacdf.json
12:17:42,953 ExportSystem INFO Exporting site energy data for solarbank...
12:17:42,954 ExportSystem DEBUG post power_service/v1/site/energy_analysis --> energy_solarbank_ed9265ca-7b15-1a7d-2fae-5954001eacdf.json
12:17:43,284 ExportSystem INFO Saved JSON to file SB1_DischargePrio/energy_solarbank_ed9265ca-7b15-1a7d-2fae-5954001eacdf.json
12:17:43,284 ExportSystem INFO Exporting site energy data for solar_production...
12:17:43,284 ExportSystem DEBUG post power_service/v1/site/energy_analysis --> energy_solar_production_ed9265ca-7b15-1a7d-2fae-5954001eacdf.json
12:17:43,638 ExportSystem INFO Saved JSON to file SB1_DischargePrio/energy_solar_production_ed9265ca-7b15-1a7d-2fae-5954001eacdf.json
12:17:43,640 ExportSystem INFO Exporting site energy data for solar_production PV1...
12:17:43,640 ExportSystem DEBUG post power_service/v1/site/energy_analysis --> energy_solar_production_pv1_ed9265ca-7b15-1a7d-2fae-5954001eacdf.json
12:17:43,972 ExportSystem INFO Saved JSON to file SB1_DischargePrio/energy_solar_production_pv1_ed9265ca-7b15-1a7d-2fae-5954001eacdf.json
12:17:43,973 ExportSystem WARNING No solar production energy available for PV1, skipping remaining PV channel export...
12:17:43,973 ExportSystem INFO Exporting site energy data for home_usage...
12:17:43,974 ExportSystem DEBUG post power_service/v1/site/energy_analysis --> energy_home_usage_ed9265ca-7b15-1a7d-2fae-5954001eacdf.json
12:17:44,301 ExportSystem INFO Saved JSON to file SB1_DischargePrio/energy_home_usage_ed9265ca-7b15-1a7d-2fae-5954001eacdf.json
12:17:44,302 ExportSystem INFO Exporting site energy data for grid...
12:17:44,303 ExportSystem DEBUG post power_service/v1/site/energy_analysis --> energy_grid_ed9265ca-7b15-1a7d-2fae-5954001eacdf.json
12:17:44,630 ExportSystem INFO Saved JSON to file SB1_DischargePrio/energy_grid_ed9265ca-7b15-1a7d-2fae-5954001eacdf.json
12:17:44,631 ExportSystem INFO 
12:17:44,631 ExportSystem INFO Exporting device specific data for device Solarbank E1600 SN 9J7O8O4D8WLG8JQO...
12:17:44,631 ExportSystem INFO Exporting solar info settings for solarbank...
12:17:44,632 ExportSystem DEBUG post power_service/v1/app/compatible/get_compatible_solar_info --> solar_info_9J7O8O4D8WLG8JQO.json
12:17:44,967 ExportSystem INFO Saved JSON to file SB1_DischargePrio/solar_info_9J7O8O4D8WLG8JQO.json
12:17:44,968 ExportSystem INFO Exporting compatible process info for solarbank...
12:17:44,969 ExportSystem DEBUG post power_service/v1/app/compatible/get_compatible_process --> compatible_process_9J7O8O4D8WLG8JQO.json
12:17:45,301 ExportSystem INFO Saved JSON to file SB1_DischargePrio/compatible_process_9J7O8O4D8WLG8JQO.json
12:17:45,302 ExportSystem INFO Exporting power cutoff settings...
12:17:45,302 ExportSystem DEBUG post power_service/v1/app/compatible/get_power_cutoff --> power_cutoff_9J7O8O4D8WLG8JQO.json
12:17:45,640 ExportSystem INFO Saved JSON to file SB1_DischargePrio/power_cutoff_9J7O8O4D8WLG8JQO.json
12:17:45,642 ExportSystem INFO Exporting fittings...
12:17:45,642 ExportSystem DEBUG post power_service/v1/app/get_relate_device_fittings --> device_fittings_9J7O8O4D8WLG8JQO.json
12:17:45,968 ExportSystem INFO Saved JSON to file SB1_DischargePrio/device_fittings_9J7O8O4D8WLG8JQO.json
12:17:45,969 ExportSystem INFO Exporting load...
12:17:45,969 ExportSystem DEBUG post power_service/v1/app/device/get_device_home_load --> device_load_9J7O8O4D8WLG8JQO.json
12:17:46,336 ExportSystem INFO Saved JSON to file SB1_DischargePrio/device_load_9J7O8O4D8WLG8JQO.json
12:17:46,336 ExportSystem INFO Exporting upgrade record for device...
12:17:46,336 ExportSystem DEBUG post power_service/v1/app/get_upgrade_record --> upgrade_record_1_9J7O8O4D8WLG8JQO.json
12:17:46,682 ExportSystem INFO Saved JSON to file SB1_DischargePrio/upgrade_record_1_9J7O8O4D8WLG8JQO.json
12:17:46,683 ExportSystem INFO Exporting device attributes...
12:17:46,683 ExportSystem DEBUG post power_service/v1/app/device/get_device_attrs --> device_attrs_9J7O8O4D8WLG8JQO.json
12:17:47,2 ExportSystem INFO Saved JSON to file SB1_DischargePrio/device_attrs_9J7O8O4D8WLG8JQO.json
12:17:47,3 ExportSystem INFO 
12:17:47,3 ExportSystem INFO Querying charging_energy_service endpoint data...
12:17:47,3 ExportSystem INFO Exporting Charging error info...
12:17:47,4 ExportSystem DEBUG post charging_energy_service/get_error_infos --> charging_error_info.json
12:17:47,327 ExportSystem WARNING charging_energy_service endpoint data queries may not be supported on used server: ("Api Request Error: 503, message='Service Temporarily Unavailable', url='https://ankerpower-api-eu.anker.com/charging_energy_service/get_error_infos'", 'response=<html>\r\n<head><title>503 Service Temporarily Unavailable</title></head>\r\n<body>\r\n<center><h1>503 Service Temporarily Unavailable</h1></center>\r\n<hr><center>openresty</center>\r\n<p><em>Powered by <a href="https://apisix.apache.org/">APISIX</a>.</em></p></body>\r\n</html>\r\n')
12:17:47,327 ExportSystem WARNING Skipping remaining charging_energy_service endpoint data queries.
12:17:47,327 ExportSystem INFO 
12:17:47,327 ExportSystem INFO Querying charging_hes_svc endpoint data...
12:17:47,328 ExportSystem INFO Exporting HES product info...
12:17:47,328 ExportSystem DEBUG post charging_hes_svc/get_device_product_info --> hes_product_info.json
12:17:47,663 ExportSystem INFO Saved JSON to file SB1_DischargePrio/hes_product_info.json
12:17:47,664 ExportSystem INFO 
12:17:47,664 ExportSystem INFO Exporting HES specific data for site ed9265ca-7b15-1a7d-2fae-5954001eacdf...
12:17:47,664 ExportSystem INFO Exporting HES system running info...
12:17:47,664 ExportSystem DEBUG post charging_hes_svc/get_system_running_info --> hes_system_running_info_ed9265ca-7b15-1a7d-2fae-5954001eacdf.json
12:17:48,9 ExportSystem INFO Saved JSON to file SB1_DischargePrio/hes_system_running_info_ed9265ca-7b15-1a7d-2fae-5954001eacdf.json
12:17:48,10 ExportSystem INFO No system for charging_hes_svc endpoint data found, skipping remaining site queries...
12:17:48,10 ExportSystem INFO No system for charging_hes_svc endpoint data found, skipping remaining queries...
12:17:48,11 ExportSystem DEBUG Saved original testfolder.
12:17:48,34 ExportSystem INFO 
12:17:48,34 ExportSystem INFO Exporting Api sites cache from files...
12:17:48,34 ExportSystem DEBUG Api sites cache --> api_sites.json
12:17:48,36 ExportSystem INFO Saved JSON to file SB1_DischargePrio/api_sites.json
12:17:48,37 ExportSystem INFO Exporting Api devices cache from files...
12:17:48,38 ExportSystem DEBUG Api devices cache --> api_devices.json
12:17:48,40 ExportSystem INFO Saved JSON to file SB1_DischargePrio/api_devices.json
12:17:48,41 ExportSystem INFO 
12:17:48,41 ExportSystem INFO Exporting Api account cache...
12:17:48,41 ExportSystem DEBUG Api account cache --> api_account.json
12:17:48,43 ExportSystem INFO Saved JSON to file SB1_DischargePrio/api_account.json
12:17:48,44 ExportSystem INFO Api Request stats: 59 last hour, 59 last minute
