13:41:36,827 anker_solix_export INFO Using AnkerSolixApiExport Version: 2.7.0.0, Date: 2025-05-23, Export Services: set()
13:41:36,827 anker_solix_export INFO 
13:41:36,827 anker_solix_export INFO Querying common endpoint data...
13:41:36,827 anker_solix_export INFO Querying site information...
13:41:38,245 anker_solix_export INFO Querying bind devices information...
13:41:38,567 anker_solix_export INFO Found 1 accessible systems (sites) and 2 devices.
13:41:38,567 anker_solix_export INFO Exporting site list...
13:41:38,567 anker_solix_export DEBUG post power_service/v1/site/get_site_list --> site_list.json
13:41:38,890 anker_solix_export INFO Saved JSON to file spaxxx/site_list.json
13:41:38,891 anker_solix_export INFO Exporting bind devices...
13:41:38,891 anker_solix_export DEBUG post power_service/v1/app/get_relate_and_bind_devices --> bind_devices.json
13:41:39,213 anker_solix_export INFO Saved JSON to file spaxxx/bind_devices.json
13:41:39,214 anker_solix_export INFO Exporting OTA batch info for all devices...
13:41:39,214 anker_solix_export DEBUG post app/ota/batch/check_update --> ota_batch.json
13:41:39,532 anker_solix_export INFO Saved JSON to file spaxxx/ota_batch.json
13:41:39,533 anker_solix_export INFO Exporting message unread status...
13:41:39,533 anker_solix_export DEBUG get power_service/v1/get_message_unread --> message_unread.json
13:41:39,847 anker_solix_export INFO Saved JSON to file spaxxx/message_unread.json
13:41:39,848 anker_solix_export INFO Exporting currency list...
13:41:39,848 anker_solix_export DEBUG post power_service/v1/currency/get_list --> currency_list.json
13:41:40,193 anker_solix_export INFO Saved JSON to file spaxxx/currency_list.json
13:41:40,194 anker_solix_export INFO Exporting supported sites, devices and accessories...
13:41:40,194 anker_solix_export DEBUG post power_service/v1/site/get_site_rules --> list_site_rules.json
13:41:40,507 anker_solix_export INFO Saved JSON to file spaxxx/list_site_rules.json
13:41:40,508 anker_solix_export DEBUG get power_service/v1/product_categories --> list_products.json
13:41:40,852 anker_solix_export INFO Saved JSON to file spaxxx/list_products.json
13:41:40,853 anker_solix_export DEBUG get power_service/v1/product_accessories --> list_accessories.json
13:41:41,182 anker_solix_export INFO Saved JSON to file spaxxx/list_accessories.json
13:41:41,182 anker_solix_export DEBUG post power_service/v1/app/third/platform/list --> list_third_platforms.json
13:41:41,527 anker_solix_export INFO Saved JSON to file spaxxx/list_third_platforms.json
13:41:41,528 anker_solix_export INFO Exporting scene info...
13:41:41,528 anker_solix_export DEBUG post power_service/v1/site/get_scen_info --> scene_ecadf74c-c3a6-7fb0-8bf4-f757dceabc0f.json
13:41:41,941 anker_solix_export INFO Saved JSON to file spaxxx/scene_ecadf74c-c3a6-7fb0-8bf4-f757dceabc0f.json
13:41:41,942 anker_solix_export INFO 
13:41:41,942 anker_solix_export INFO Querying power_service endpoint data...
13:41:41,942 anker_solix_export INFO 
13:41:41,942 anker_solix_export INFO Exporting homepage...
13:41:41,942 anker_solix_export DEBUG post power_service/v1/site/get_site_homepage --> homepage.json
13:41:42,274 anker_solix_export INFO Saved JSON to file spaxxx/homepage.json
13:41:42,275 anker_solix_export INFO Exporting user devices...
13:41:42,275 anker_solix_export DEBUG post power_service/v1/site/list_user_devices --> user_devices.json
13:41:42,603 anker_solix_export INFO Saved JSON to file spaxxx/user_devices.json
13:41:42,604 anker_solix_export INFO Exporting charging devices...
13:41:42,604 anker_solix_export DEBUG post power_service/v1/site/get_charging_device --> charging_devices.json
13:41:42,919 anker_solix_export INFO Saved JSON to file spaxxx/charging_devices.json
13:41:42,920 anker_solix_export INFO Exporting auto upgrade settings...
13:41:42,920 anker_solix_export DEBUG post power_service/v1/app/get_auto_upgrade --> auto_upgrade.json
13:41:43,243 anker_solix_export INFO Saved JSON to file spaxxx/auto_upgrade.json
13:41:43,244 anker_solix_export INFO Exporting config...
13:41:43,244 anker_solix_export DEBUG post power_service/v1/app/get_config --> config.json
13:41:43,560 anker_solix_export INFO Saved JSON to file spaxxx/config.json
13:41:43,561 anker_solix_export INFO Get token for user account...
13:41:43,561 anker_solix_export DEBUG post power_service/v1/app/get_token_by_userid --> get_token.json
13:41:43,873 anker_solix_export INFO Saved JSON to file spaxxx/get_token.json
13:41:43,874 anker_solix_export INFO Get Shelly status with token...
13:41:43,874 anker_solix_export DEBUG post power_service/v1/app/get_user_op_shelly_status --> shelly_status.json
13:41:44,189 anker_solix_export INFO Saved JSON to file spaxxx/shelly_status.json
13:41:44,189 anker_solix_export INFO 
13:41:44,189 anker_solix_export INFO Exporting site specific data for site ecadf74c-c3a6-7fb0-8bf4-f757dceabc0f...
13:41:44,189 anker_solix_export INFO Exporting site detail...
13:41:44,189 anker_solix_export DEBUG post power_service/v1/site/get_site_detail --> site_detail_ecadf74c-c3a6-7fb0-8bf4-f757dceabc0f.json
13:41:44,189 anker_solix_export WARNING Api spa*** query requires account of site owner: power_service/v1/site/get_site_detail
13:41:44,189 anker_solix_export INFO Exporting wifi list...
13:41:44,189 anker_solix_export DEBUG post power_service/v1/site/get_wifi_info_list --> wifi_list_ecadf74c-c3a6-7fb0-8bf4-f757dceabc0f.json
13:41:44,190 anker_solix_export WARNING Api spa*** query requires account of site owner: power_service/v1/site/get_wifi_info_list
13:41:44,190 anker_solix_export INFO Exporting installation...
13:41:44,190 anker_solix_export DEBUG post power_service/v1/app/compatible/get_installation --> installation_ecadf74c-c3a6-7fb0-8bf4-f757dceabc0f.json
13:41:44,504 anker_solix_export INFO Saved JSON to file spaxxx/installation_ecadf74c-c3a6-7fb0-8bf4-f757dceabc0f.json
13:41:44,504 anker_solix_export INFO Exporting site price...
13:41:44,505 anker_solix_export DEBUG post power_service/v1/site/get_site_price --> price_ecadf74c-c3a6-7fb0-8bf4-f757dceabc0f.json
13:41:44,505 anker_solix_export WARNING Api spa*** query requires account of site owner: power_service/v1/site/get_site_price
13:41:44,505 anker_solix_export INFO Exporting device parameter type 4 settings...
13:41:44,505 anker_solix_export DEBUG post power_service/v1/site/get_site_device_param --> device_parm_4_ecadf74c-c3a6-7fb0-8bf4-f757dceabc0f.json
13:41:44,505 anker_solix_export WARNING Api spa*** query requires account of site owner: power_service/v1/site/get_site_device_param
13:41:44,505 anker_solix_export INFO Exporting device parameter type 6 settings...
13:41:44,505 anker_solix_export DEBUG post power_service/v1/site/get_site_device_param --> device_parm_6_ecadf74c-c3a6-7fb0-8bf4-f757dceabc0f.json
13:41:44,505 anker_solix_export WARNING Api spa*** query requires account of site owner: power_service/v1/site/get_site_device_param
13:41:44,505 anker_solix_export INFO Exporting device parameter type 9 settings...
13:41:44,505 anker_solix_export DEBUG post power_service/v1/site/get_site_device_param --> device_parm_9_ecadf74c-c3a6-7fb0-8bf4-f757dceabc0f.json
13:41:44,505 anker_solix_export WARNING Api spa*** query requires account of site owner: power_service/v1/site/get_site_device_param
13:41:44,505 anker_solix_export INFO Exporting site energy data for SOLARBANK...
13:41:44,505 anker_solix_export DEBUG post power_service/v1/site/energy_analysis --> energy_solarbank_ecadf74c-c3a6-7fb0-8bf4-f757dceabc0f.json
13:41:44,828 anker_solix_export INFO Saved JSON to file spaxxx/energy_solarbank_ecadf74c-c3a6-7fb0-8bf4-f757dceabc0f.json
13:41:44,828 anker_solix_export INFO Exporting site energy data for SOLAR_PRODUCTION...
13:41:44,829 anker_solix_export DEBUG post power_service/v1/site/energy_analysis --> energy_solar_production_ecadf74c-c3a6-7fb0-8bf4-f757dceabc0f.json
13:41:45,165 anker_solix_export INFO Saved JSON to file spaxxx/energy_solar_production_ecadf74c-c3a6-7fb0-8bf4-f757dceabc0f.json
13:41:45,165 anker_solix_export INFO Exporting site energy data for HOME_USAGE...
13:41:45,165 anker_solix_export DEBUG post power_service/v1/site/energy_analysis --> energy_home_usage_ecadf74c-c3a6-7fb0-8bf4-f757dceabc0f.json
13:41:45,489 anker_solix_export INFO Saved JSON to file spaxxx/energy_home_usage_ecadf74c-c3a6-7fb0-8bf4-f757dceabc0f.json
13:41:45,490 anker_solix_export INFO Exporting site energy data for GRID...
13:41:45,490 anker_solix_export DEBUG post power_service/v1/site/energy_analysis --> energy_grid_ecadf74c-c3a6-7fb0-8bf4-f757dceabc0f.json
13:41:45,821 anker_solix_export INFO Saved JSON to file spaxxx/energy_grid_ecadf74c-c3a6-7fb0-8bf4-f757dceabc0f.json
13:41:45,822 anker_solix_export INFO Exporting site energy data for solar production channel PV1...
13:41:45,822 anker_solix_export DEBUG post power_service/v1/site/energy_analysis --> energy_solar_production_pv1_ecadf74c-c3a6-7fb0-8bf4-f757dceabc0f.json
13:41:46,149 anker_solix_export INFO Saved JSON to file spaxxx/energy_solar_production_pv1_ecadf74c-c3a6-7fb0-8bf4-f757dceabc0f.json
13:41:46,149 anker_solix_export INFO Exporting site energy data for solar production channel PV2...
13:41:46,149 anker_solix_export DEBUG post power_service/v1/site/energy_analysis --> energy_solar_production_pv2_ecadf74c-c3a6-7fb0-8bf4-f757dceabc0f.json
13:41:46,476 anker_solix_export INFO Saved JSON to file spaxxx/energy_solar_production_pv2_ecadf74c-c3a6-7fb0-8bf4-f757dceabc0f.json
13:41:46,477 anker_solix_export INFO Exporting site energy data for solar production channel PV3...
13:41:46,477 anker_solix_export DEBUG post power_service/v1/site/energy_analysis --> energy_solar_production_pv3_ecadf74c-c3a6-7fb0-8bf4-f757dceabc0f.json
13:41:46,803 anker_solix_export INFO Saved JSON to file spaxxx/energy_solar_production_pv3_ecadf74c-c3a6-7fb0-8bf4-f757dceabc0f.json
13:41:46,804 anker_solix_export INFO Exporting site energy data for solar production channel PV4...
13:41:46,804 anker_solix_export DEBUG post power_service/v1/site/energy_analysis --> energy_solar_production_pv4_ecadf74c-c3a6-7fb0-8bf4-f757dceabc0f.json
13:41:47,134 anker_solix_export INFO Saved JSON to file spaxxx/energy_solar_production_pv4_ecadf74c-c3a6-7fb0-8bf4-f757dceabc0f.json
13:41:47,134 anker_solix_export INFO Exporting site energy data for solar production channel MICROINVERTER...
13:41:47,134 anker_solix_export DEBUG post power_service/v1/site/energy_analysis --> energy_solar_production_microinverter_ecadf74c-c3a6-7fb0-8bf4-f757dceabc0f.json
13:41:47,460 anker_solix_export INFO Saved JSON to file spaxxx/energy_solar_production_microinverter_ecadf74c-c3a6-7fb0-8bf4-f757dceabc0f.json
13:41:47,461 anker_solix_export INFO 
13:41:47,461 anker_solix_export INFO Exporting device specific data for device Solarbank 3 E2700 Pro SN A8HGUSV0D9KC3HAWM...
13:41:47,461 anker_solix_export INFO Exporting solar info settings for solarbank...
13:41:47,461 anker_solix_export DEBUG post power_service/v1/app/compatible/get_compatible_solar_info --> solar_info_A8HGUSV0D9KC3HAWM.json
13:41:47,781 anker_solix_export INFO Saved JSON to file spaxxx/solar_info_A8HGUSV0D9KC3HAWM.json
13:41:47,781 anker_solix_export INFO Exporting compatible process info for solarbank...
13:41:47,781 anker_solix_export DEBUG post power_service/v1/app/compatible/get_compatible_process --> compatible_process_A8HGUSV0D9KC3HAWM.json
13:41:48,96 anker_solix_export INFO Saved JSON to file spaxxx/compatible_process_A8HGUSV0D9KC3HAWM.json
13:41:48,96 anker_solix_export INFO Exporting power cutoff settings...
13:41:48,96 anker_solix_export DEBUG post power_service/v1/app/compatible/get_power_cutoff --> power_cutoff_A8HGUSV0D9KC3HAWM.json
13:41:48,96 anker_solix_export WARNING Api spa*** query requires account of site owner: power_service/v1/app/compatible/get_power_cutoff
13:41:48,96 anker_solix_export INFO Exporting fittings...
13:41:48,96 anker_solix_export DEBUG post power_service/v1/app/get_relate_device_fittings --> device_fittings_A8HGUSV0D9KC3HAWM.json
13:41:48,97 anker_solix_export WARNING Api spa*** query requires account of site owner: power_service/v1/app/get_relate_device_fittings
13:41:48,97 anker_solix_export INFO Exporting load...
13:41:48,97 anker_solix_export DEBUG post power_service/v1/app/device/get_device_home_load --> device_load_A8HGUSV0D9KC3HAWM.json
13:41:48,97 anker_solix_export WARNING Api spa*** query requires account of site owner: power_service/v1/app/device/get_device_home_load
13:41:48,97 anker_solix_export INFO Exporting upgrade record for device...
13:41:48,97 anker_solix_export DEBUG post power_service/v1/app/get_upgrade_record --> upgrade_record_1_A8HGUSV0D9KC3HAWM.json
13:41:48,473 anker_solix_export INFO Saved JSON to file spaxxx/upgrade_record_1_A8HGUSV0D9KC3HAWM.json
13:41:48,473 anker_solix_export INFO Exporting device attributes...
13:41:48,473 anker_solix_export DEBUG post power_service/v1/app/device/get_device_attrs --> device_attrs_A8HGUSV0D9KC3HAWM.json
13:41:48,791 anker_solix_export INFO Saved JSON to file spaxxx/device_attrs_A8HGUSV0D9KC3HAWM.json
13:41:48,793 anker_solix_export INFO 
13:41:48,793 anker_solix_export INFO Exporting device specific data for device Shelly 3EM SN 9BTJXNL6MSVQSZM...
13:41:48,793 anker_solix_export INFO Exporting power cutoff settings...
13:41:48,793 anker_solix_export DEBUG post power_service/v1/app/compatible/get_power_cutoff --> power_cutoff_9BTJXNL6MSVQSZM.json
13:41:48,793 anker_solix_export WARNING Api spa*** query requires account of site owner: power_service/v1/app/compatible/get_power_cutoff
13:41:48,793 anker_solix_export INFO Exporting fittings...
13:41:48,793 anker_solix_export DEBUG post power_service/v1/app/get_relate_device_fittings --> device_fittings_9BTJXNL6MSVQSZM.json
13:41:48,793 anker_solix_export WARNING Api spa*** query requires account of site owner: power_service/v1/app/get_relate_device_fittings
13:41:48,793 anker_solix_export INFO Exporting load...
13:41:48,793 anker_solix_export DEBUG post power_service/v1/app/device/get_device_home_load --> device_load_9BTJXNL6MSVQSZM.json
13:41:48,793 anker_solix_export WARNING Api spa*** query requires account of site owner: power_service/v1/app/device/get_device_home_load
13:41:48,793 anker_solix_export INFO Exporting upgrade record for device...
13:41:48,793 anker_solix_export DEBUG post power_service/v1/app/get_upgrade_record --> upgrade_record_1_9BTJXNL6MSVQSZM.json
13:41:49,110 anker_solix_export INFO Saved JSON to file spaxxx/upgrade_record_1_9BTJXNL6MSVQSZM.json
13:41:49,111 anker_solix_export INFO Exporting device attributes...
13:41:49,111 anker_solix_export DEBUG post power_service/v1/app/device/get_device_attrs --> device_attrs_9BTJXNL6MSVQSZM.json
13:41:49,427 anker_solix_export INFO Saved JSON to file spaxxx/device_attrs_9BTJXNL6MSVQSZM.json
13:41:49,427 anker_solix_export INFO 
13:41:49,427 anker_solix_export INFO Querying charging_energy_service endpoint data...
13:41:49,427 anker_solix_export INFO Exporting Charging error info...
13:41:49,427 anker_solix_export DEBUG post charging_energy_service/get_error_infos --> charging_error_info.json
13:41:49,741 anker_solix_export WARNING charging_energy_service endpoint data queries may not be supported on used server: ("Api Request Error: 503, message='Service Temporarily Unavailable', url='https://ankerpower-api-eu.anker.com/charging_energy_service/get_error_infos'", 'response=<html>\r\n<head><title>503 Service Temporarily Unavailable</title></head>\r\n<body>\r\n<center><h1>503 Service Temporarily Unavailable</h1></center>\r\n<hr><center>openresty</center>\r\n<p><em>Powered by <a href="https://apisix.apache.org/">APISIX</a>.</em></p></body>\r\n</html>\r\n')
13:41:49,741 anker_solix_export WARNING Skipping remaining charging_energy_service endpoint data queries.
13:41:49,741 anker_solix_export INFO 
13:41:49,741 anker_solix_export INFO Querying charging_hes_svc endpoint data...
13:41:49,741 anker_solix_export INFO Exporting HES product info...
13:41:49,741 anker_solix_export DEBUG post charging_hes_svc/get_device_product_info --> hes_product_info.json
13:41:50,63 anker_solix_export INFO Saved JSON to file spaxxx/hes_product_info.json
13:41:50,63 anker_solix_export INFO 
13:41:50,63 anker_solix_export INFO Exporting HES specific data for site ecadf74c-c3a6-7fb0-8bf4-f757dceabc0f...
13:41:50,63 anker_solix_export INFO Exporting HES system running info...
13:41:50,63 anker_solix_export DEBUG post charging_hes_svc/get_system_running_info --> hes_system_running_info_ecadf74c-c3a6-7fb0-8bf4-f757dceabc0f.json
13:41:50,394 anker_solix_export INFO Saved JSON to file spaxxx/hes_system_running_info_ecadf74c-c3a6-7fb0-8bf4-f757dceabc0f.json
13:41:50,394 anker_solix_export INFO No system for charging_hes_svc endpoint data found, skipping remaining site queries...
13:41:50,395 anker_solix_export INFO No system for charging_hes_svc endpoint data found, skipping remaining queries...
13:41:50,395 anker_solix_export DEBUG Saved api spa*** original testfolder
13:41:50,409 anker_solix_export INFO 
13:41:50,409 anker_solix_export INFO Exporting api spa*** sites cache from files...
13:41:50,409 anker_solix_export DEBUG Api spa*** sites cache --> api_sites.json
13:41:50,410 anker_solix_export INFO Saved JSON to file spaxxx/api_sites.json
13:41:50,411 anker_solix_export INFO Exporting api spa*** devices cache from files...
13:41:50,411 anker_solix_export DEBUG Api spa*** devices cache --> api_devices.json
13:41:50,411 anker_solix_export INFO Saved JSON to file spaxxx/api_devices.json
13:41:50,412 anker_solix_export INFO 
13:41:50,412 anker_solix_export INFO Exporting api spa*** account cache...
13:41:50,412 anker_solix_export DEBUG Api spa*** account cache --> api_account.json
13:41:50,413 anker_solix_export INFO Saved JSON to file spaxxx/api_account.json
13:41:50,414 anker_solix_export INFO Api spa*** request stats: 192 last hour, 61 last minute
