12:08:20,533 anker_solix_export INFO Using AnkerSolixApiExport Version: 2.8.0.0, Date: 2025-06-04, Export Services: set()
12:08:20,533 anker_solix_export INFO 
12:08:20,533 anker_solix_export INFO Querying common endpoint data...
12:08:20,534 anker_solix_export INFO Querying site information...
12:08:21,798 anker_solix_export INFO Querying bind devices information...
12:08:22,350 anker_solix_export INFO Found 1 accessible systems (sites) and 5 devices.
12:08:22,351 anker_solix_export INFO Exporting site list...
12:08:22,351 anker_solix_export DEBUG post power_service/v1/site/get_site_list --> site_list.json
12:08:22,893 anker_solix_export INFO Saved JSON to file denxxx/site_list.json
12:08:22,894 anker_solix_export INFO Exporting bind devices...
12:08:22,895 anker_solix_export DEBUG post power_service/v1/app/get_relate_and_bind_devices --> bind_devices.json
12:08:23,447 anker_solix_export INFO Saved JSON to file denxxx/bind_devices.json
12:08:23,449 anker_solix_export INFO Exporting OTA batch info for all devices...
12:08:23,450 anker_solix_export DEBUG post app/ota/batch/check_update --> ota_batch.json
12:08:24,15 anker_solix_export INFO Saved JSON to file denxxx/ota_batch.json
12:08:24,18 anker_solix_export INFO Exporting message unread status...
12:08:24,18 anker_solix_export DEBUG get power_service/v1/get_message_unread --> message_unread.json
12:08:24,539 anker_solix_export INFO Saved JSON to file denxxx/message_unread.json
12:08:24,541 anker_solix_export INFO Exporting currency list...
12:08:24,541 anker_solix_export DEBUG post power_service/v1/currency/get_list --> currency_list.json
12:08:25,133 anker_solix_export INFO Saved JSON to file denxxx/currency_list.json
12:08:25,134 anker_solix_export INFO Exporting supported sites, devices and accessories...
12:08:25,134 anker_solix_export DEBUG post power_service/v1/site/get_site_rules --> list_site_rules.json
12:08:25,658 anker_solix_export INFO Saved JSON to file denxxx/list_site_rules.json
12:08:25,660 anker_solix_export DEBUG get power_service/v1/product_categories --> list_products.json
12:08:26,232 anker_solix_export INFO Saved JSON to file denxxx/list_products.json
12:08:26,233 anker_solix_export DEBUG get power_service/v1/product_accessories --> list_accessories.json
12:08:26,777 anker_solix_export INFO Saved JSON to file denxxx/list_accessories.json
12:08:26,778 anker_solix_export DEBUG post power_service/v1/app/third/platform/list --> list_third_platforms.json
12:08:27,359 anker_solix_export INFO Saved JSON to file denxxx/list_third_platforms.json
12:08:27,360 anker_solix_export INFO Exporting scene info...
12:08:27,360 anker_solix_export DEBUG post power_service/v1/site/get_scen_info --> scene_a63fc1eb-3afa-cbef-388b-bad12ccb9dc8.json
12:08:27,931 anker_solix_export INFO Saved JSON to file denxxx/scene_a63fc1eb-3afa-cbef-388b-bad12ccb9dc8.json
12:08:27,931 anker_solix_export INFO 
12:08:27,931 anker_solix_export INFO Querying power_service endpoint data...
12:08:27,931 anker_solix_export INFO 
12:08:27,931 anker_solix_export INFO Exporting homepage...
12:08:27,931 anker_solix_export DEBUG post power_service/v1/site/get_site_homepage --> homepage.json
12:08:28,475 anker_solix_export INFO Saved JSON to file denxxx/homepage.json
12:08:28,476 anker_solix_export INFO Exporting user devices...
12:08:28,477 anker_solix_export DEBUG post power_service/v1/site/list_user_devices --> user_devices.json
12:08:29,35 anker_solix_export INFO Saved JSON to file denxxx/user_devices.json
12:08:29,36 anker_solix_export INFO Exporting charging devices...
12:08:29,37 anker_solix_export DEBUG post power_service/v1/site/get_charging_device --> charging_devices.json
12:08:29,561 anker_solix_export INFO Saved JSON to file denxxx/charging_devices.json
12:08:29,561 anker_solix_export INFO Exporting auto upgrade settings...
12:08:29,561 anker_solix_export DEBUG post power_service/v1/app/get_auto_upgrade --> auto_upgrade.json
12:08:30,105 anker_solix_export INFO Saved JSON to file denxxx/auto_upgrade.json
12:08:30,107 anker_solix_export INFO Exporting config...
12:08:30,107 anker_solix_export DEBUG post power_service/v1/app/get_config --> config.json
12:08:30,689 anker_solix_export INFO Saved JSON to file denxxx/config.json
12:08:30,690 anker_solix_export INFO Get token for user account...
12:08:30,691 anker_solix_export DEBUG post power_service/v1/app/get_token_by_userid --> get_token.json
12:08:31,209 anker_solix_export INFO Saved JSON to file denxxx/get_token.json
12:08:31,210 anker_solix_export INFO Get Shelly status with token...
12:08:31,210 anker_solix_export DEBUG post power_service/v1/app/get_user_op_shelly_status --> shelly_status.json
12:08:31,734 anker_solix_export INFO Saved JSON to file denxxx/shelly_status.json
12:08:31,736 anker_solix_export INFO Get dynamic price sites for user account...
12:08:31,736 anker_solix_export DEBUG post power_service/v1/dynamic_price/check_available --> dynamic_price_sites.json
12:08:32,261 anker_solix_export INFO Saved JSON to file denxxx/dynamic_price_sites.json
12:08:32,262 anker_solix_export INFO Exporting dynamic price providers for model 'A17C5'...
12:08:32,262 anker_solix_export DEBUG post power_service/v1/dynamic_price/support_option --> dynamic_price_providers_A17C5.json
12:08:32,788 anker_solix_export INFO Saved JSON to file denxxx/dynamic_price_providers_A17C5.json
12:08:32,789 anker_solix_export INFO 
12:08:32,789 anker_solix_export INFO Exporting site specific data for site a63fc1eb-3afa-cbef-388b-bad12ccb9dc8...
12:08:32,789 anker_solix_export INFO Exporting site detail...
12:08:32,789 anker_solix_export DEBUG post power_service/v1/site/get_site_detail --> site_detail_a63fc1eb-3afa-cbef-388b-bad12ccb9dc8.json
12:08:33,368 anker_solix_export INFO Saved JSON to file denxxx/site_detail_a63fc1eb-3afa-cbef-388b-bad12ccb9dc8.json
12:08:33,369 anker_solix_export INFO Exporting wifi list...
12:08:33,370 anker_solix_export DEBUG post power_service/v1/site/get_wifi_info_list --> wifi_list_a63fc1eb-3afa-cbef-388b-bad12ccb9dc8.json
12:08:33,914 anker_solix_export INFO Saved JSON to file denxxx/wifi_list_a63fc1eb-3afa-cbef-388b-bad12ccb9dc8.json
12:08:33,915 anker_solix_export INFO Exporting installation...
12:08:33,915 anker_solix_export DEBUG post power_service/v1/app/compatible/get_installation --> installation_a63fc1eb-3afa-cbef-388b-bad12ccb9dc8.json
12:08:34,438 anker_solix_export INFO Saved JSON to file denxxx/installation_a63fc1eb-3afa-cbef-388b-bad12ccb9dc8.json
12:08:34,439 anker_solix_export INFO Exporting site price...
12:08:34,439 anker_solix_export DEBUG post power_service/v1/site/get_site_price --> price_a63fc1eb-3afa-cbef-388b-bad12ccb9dc8.json
12:08:34,972 anker_solix_export INFO Saved JSON to file denxxx/price_a63fc1eb-3afa-cbef-388b-bad12ccb9dc8.json
12:08:34,973 anker_solix_export INFO Exporting CO2 ranking...
12:08:34,973 anker_solix_export DEBUG post power_service/v1/site/co2_ranking --> co2_ranking_a63fc1eb-3afa-cbef-388b-bad12ccb9dc8.json
12:08:35,495 anker_solix_export INFO Saved JSON to file denxxx/co2_ranking_a63fc1eb-3afa-cbef-388b-bad12ccb9dc8.json
12:08:35,497 anker_solix_export INFO Exporting site forecast schedule...
12:08:35,497 anker_solix_export DEBUG post power_service/v1/site/get_schedule --> forecast_schedule_a63fc1eb-3afa-cbef-388b-bad12ccb9dc8.json
12:08:36,30 anker_solix_export INFO Saved JSON to file denxxx/forecast_schedule_a63fc1eb-3afa-cbef-388b-bad12ccb9dc8.json
12:08:36,32 anker_solix_export INFO Exporting AI EMS status...
12:08:36,32 anker_solix_export DEBUG post power_service/v1/ai_ems/get_status --> ai_ems_status_a63fc1eb-3afa-cbef-388b-bad12ccb9dc8.json
12:08:36,773 anker_solix_export INFO Saved JSON to file denxxx/ai_ems_status_a63fc1eb-3afa-cbef-388b-bad12ccb9dc8.json
12:08:36,774 anker_solix_export INFO Exporting device parameter type 4 settings...
12:08:36,775 anker_solix_export DEBUG post power_service/v1/site/get_site_device_param --> device_parm_4_a63fc1eb-3afa-cbef-388b-bad12ccb9dc8.json
12:08:37,302 anker_solix_export ERROR Api: den***, Method: POST, Endpoint: power_service/v1/site/get_site_device_param, Payload: ("{'site_id': '<siteId>', 'param_type': '4'}",)
<class 'custom_components.anker_solix.solixapi.errors.AnkerSolixError'>: (10004) Anker Api Error: Failed to request.
12:08:37,302 anker_solix_export INFO Exporting device parameter type 6 settings...
12:08:37,302 anker_solix_export DEBUG post power_service/v1/site/get_site_device_param --> device_parm_6_a63fc1eb-3afa-cbef-388b-bad12ccb9dc8.json
12:08:37,837 anker_solix_export INFO Saved JSON to file denxxx/device_parm_6_a63fc1eb-3afa-cbef-388b-bad12ccb9dc8.json
12:08:37,837 anker_solix_export INFO Exporting device parameter type 9 settings...
12:08:37,837 anker_solix_export DEBUG post power_service/v1/site/get_site_device_param --> device_parm_9_a63fc1eb-3afa-cbef-388b-bad12ccb9dc8.json
12:08:38,365 anker_solix_export INFO Saved JSON to file denxxx/device_parm_9_a63fc1eb-3afa-cbef-388b-bad12ccb9dc8.json
12:08:38,365 anker_solix_export INFO Exporting device parameter type 12 settings...
12:08:38,365 anker_solix_export DEBUG post power_service/v1/site/get_site_device_param --> device_parm_12_a63fc1eb-3afa-cbef-388b-bad12ccb9dc8.json
12:08:38,889 anker_solix_export INFO Saved JSON to file denxxx/device_parm_12_a63fc1eb-3afa-cbef-388b-bad12ccb9dc8.json
12:08:38,890 anker_solix_export INFO Exporting device parameter type 13 settings...
12:08:38,890 anker_solix_export DEBUG post power_service/v1/site/get_site_device_param --> device_parm_13_a63fc1eb-3afa-cbef-388b-bad12ccb9dc8.json
12:08:39,412 anker_solix_export INFO Saved JSON to file denxxx/device_parm_13_a63fc1eb-3afa-cbef-388b-bad12ccb9dc8.json
12:08:39,412 anker_solix_export INFO Exporting site energy data for SOLARBANK...
12:08:39,412 anker_solix_export DEBUG post power_service/v1/site/energy_analysis --> energy_solarbank_a63fc1eb-3afa-cbef-388b-bad12ccb9dc8.json
12:08:39,947 anker_solix_export INFO Saved JSON to file denxxx/energy_solarbank_a63fc1eb-3afa-cbef-388b-bad12ccb9dc8.json
12:08:39,948 anker_solix_export INFO Exporting site energy data for SOLAR_PRODUCTION...
12:08:39,948 anker_solix_export DEBUG post power_service/v1/site/energy_analysis --> energy_solar_production_a63fc1eb-3afa-cbef-388b-bad12ccb9dc8.json
12:08:40,486 anker_solix_export INFO Saved JSON to file denxxx/energy_solar_production_a63fc1eb-3afa-cbef-388b-bad12ccb9dc8.json
12:08:40,487 anker_solix_export INFO Exporting site energy data for HOME_USAGE...
12:08:40,488 anker_solix_export DEBUG post power_service/v1/site/energy_analysis --> energy_home_usage_a63fc1eb-3afa-cbef-388b-bad12ccb9dc8.json
12:08:41,20 anker_solix_export INFO Saved JSON to file denxxx/energy_home_usage_a63fc1eb-3afa-cbef-388b-bad12ccb9dc8.json
12:08:41,21 anker_solix_export INFO Exporting site energy data for GRID...
12:08:41,21 anker_solix_export DEBUG post power_service/v1/site/energy_analysis --> energy_grid_a63fc1eb-3afa-cbef-388b-bad12ccb9dc8.json
12:08:41,554 anker_solix_export INFO Saved JSON to file denxxx/energy_grid_a63fc1eb-3afa-cbef-388b-bad12ccb9dc8.json
12:08:41,556 anker_solix_export INFO Exporting site energy data for solar production channel PV1...
12:08:41,556 anker_solix_export DEBUG post power_service/v1/site/energy_analysis --> energy_solar_production_pv1_a63fc1eb-3afa-cbef-388b-bad12ccb9dc8.json
12:08:42,88 anker_solix_export INFO Saved JSON to file denxxx/energy_solar_production_pv1_a63fc1eb-3afa-cbef-388b-bad12ccb9dc8.json
12:08:42,89 anker_solix_export INFO Exporting site energy data for solar production channel PV2...
12:08:42,89 anker_solix_export DEBUG post power_service/v1/site/energy_analysis --> energy_solar_production_pv2_a63fc1eb-3afa-cbef-388b-bad12ccb9dc8.json
12:08:42,622 anker_solix_export INFO Saved JSON to file denxxx/energy_solar_production_pv2_a63fc1eb-3afa-cbef-388b-bad12ccb9dc8.json
12:08:42,623 anker_solix_export INFO Exporting site energy data for solar production channel PV3...
12:08:42,623 anker_solix_export DEBUG post power_service/v1/site/energy_analysis --> energy_solar_production_pv3_a63fc1eb-3afa-cbef-388b-bad12ccb9dc8.json
12:08:43,154 anker_solix_export INFO Saved JSON to file denxxx/energy_solar_production_pv3_a63fc1eb-3afa-cbef-388b-bad12ccb9dc8.json
12:08:43,156 anker_solix_export INFO Exporting site energy data for solar production channel PV4...
12:08:43,156 anker_solix_export DEBUG post power_service/v1/site/energy_analysis --> energy_solar_production_pv4_a63fc1eb-3afa-cbef-388b-bad12ccb9dc8.json
12:08:43,688 anker_solix_export INFO Saved JSON to file denxxx/energy_solar_production_pv4_a63fc1eb-3afa-cbef-388b-bad12ccb9dc8.json
12:08:43,690 anker_solix_export INFO Exporting site energy data for solar production channel MICROINVERTER...
12:08:43,690 anker_solix_export DEBUG post power_service/v1/site/energy_analysis --> energy_solar_production_microinverter_a63fc1eb-3afa-cbef-388b-bad12ccb9dc8.json
12:08:44,220 anker_solix_export INFO Saved JSON to file denxxx/energy_solar_production_microinverter_a63fc1eb-3afa-cbef-388b-bad12ccb9dc8.json
12:08:44,221 anker_solix_export INFO 
12:08:44,221 anker_solix_export INFO Exporting device specific data for device Solarbank 3 E2700 Pro SN YZ66ISQXWBIBW6E2G...
12:08:44,221 anker_solix_export INFO Exporting solar info settings for solarbank...
12:08:44,222 anker_solix_export DEBUG post power_service/v1/app/compatible/get_compatible_solar_info --> solar_info_YZ66ISQXWBIBW6E2G.json
12:08:44,746 anker_solix_export INFO Saved JSON to file denxxx/solar_info_YZ66ISQXWBIBW6E2G.json
12:08:44,747 anker_solix_export INFO Exporting compatible process info for solarbank...
12:08:44,747 anker_solix_export DEBUG post power_service/v1/app/compatible/get_compatible_process --> compatible_process_YZ66ISQXWBIBW6E2G.json
12:08:45,272 anker_solix_export INFO Saved JSON to file denxxx/compatible_process_YZ66ISQXWBIBW6E2G.json
12:08:45,274 anker_solix_export INFO Exporting device income for solarbank...
12:08:45,274 anker_solix_export DEBUG post power_service/v1/app/device/get_device_income --> device_income_YZ66ISQXWBIBW6E2G.json
12:08:45,796 anker_solix_export INFO Saved JSON to file denxxx/device_income_YZ66ISQXWBIBW6E2G.json
12:08:45,797 anker_solix_export INFO Exporting power cutoff settings...
12:08:45,797 anker_solix_export DEBUG post power_service/v1/app/compatible/get_power_cutoff --> power_cutoff_YZ66ISQXWBIBW6E2G.json
12:08:46,335 anker_solix_export INFO Saved JSON to file denxxx/power_cutoff_YZ66ISQXWBIBW6E2G.json
12:08:46,335 anker_solix_export INFO Exporting fittings...
12:08:46,335 anker_solix_export DEBUG post power_service/v1/app/get_relate_device_fittings --> device_fittings_YZ66ISQXWBIBW6E2G.json
12:08:46,868 anker_solix_export INFO Saved JSON to file denxxx/device_fittings_YZ66ISQXWBIBW6E2G.json
12:08:46,870 anker_solix_export INFO Exporting load...
12:08:46,870 anker_solix_export DEBUG post power_service/v1/app/device/get_device_home_load --> device_load_YZ66ISQXWBIBW6E2G.json
12:08:47,399 anker_solix_export INFO Saved JSON to file denxxx/device_load_YZ66ISQXWBIBW6E2G.json
12:08:47,400 anker_solix_export INFO Exporting upgrade record for device...
12:08:47,400 anker_solix_export DEBUG post power_service/v1/app/get_upgrade_record --> upgrade_record_1_YZ66ISQXWBIBW6E2G.json
12:08:47,934 anker_solix_export INFO Saved JSON to file denxxx/upgrade_record_1_YZ66ISQXWBIBW6E2G.json
12:08:47,934 anker_solix_export INFO Exporting device attributes...
12:08:47,934 anker_solix_export DEBUG post power_service/v1/app/device/get_device_attrs --> device_attrs_YZ66ISQXWBIBW6E2G.json
12:08:48,461 anker_solix_export INFO Saved JSON to file denxxx/device_attrs_YZ66ISQXWBIBW6E2G.json
12:08:48,463 anker_solix_export INFO Exporting device dynamic price details for Nordpool GER...
12:08:48,463 anker_solix_export DEBUG post power_service/v1/dynamic_price/price_detail --> dynamic_price_details_YZ66ISQXWBIBW6E2G.json
12:08:48,996 anker_solix_export INFO Saved JSON to file denxxx/dynamic_price_details_YZ66ISQXWBIBW6E2G.json
12:08:48,997 anker_solix_export INFO 
12:08:48,997 anker_solix_export INFO Exporting device specific data for device Smart Plug SN ZLF94UZ1WWW86V1Z...
12:08:48,997 anker_solix_export INFO Exporting power cutoff settings...
12:08:48,997 anker_solix_export DEBUG post power_service/v1/app/compatible/get_power_cutoff --> power_cutoff_ZLF94UZ1WWW86V1Z.json
12:08:49,534 anker_solix_export INFO Saved JSON to file denxxx/power_cutoff_ZLF94UZ1WWW86V1Z.json
12:08:49,534 anker_solix_export INFO Exporting fittings...
12:08:49,534 anker_solix_export DEBUG post power_service/v1/app/get_relate_device_fittings --> device_fittings_ZLF94UZ1WWW86V1Z.json
12:08:50,66 anker_solix_export INFO Saved JSON to file denxxx/device_fittings_ZLF94UZ1WWW86V1Z.json
12:08:50,68 anker_solix_export INFO Exporting load...
12:08:50,68 anker_solix_export DEBUG post power_service/v1/app/device/get_device_home_load --> device_load_ZLF94UZ1WWW86V1Z.json
12:08:50,599 anker_solix_export INFO Saved JSON to file denxxx/device_load_ZLF94UZ1WWW86V1Z.json
12:08:50,600 anker_solix_export INFO Exporting upgrade record for device...
12:08:50,600 anker_solix_export DEBUG post power_service/v1/app/get_upgrade_record --> upgrade_record_1_ZLF94UZ1WWW86V1Z.json
12:08:51,136 anker_solix_export INFO Saved JSON to file denxxx/upgrade_record_1_ZLF94UZ1WWW86V1Z.json
12:08:51,137 anker_solix_export INFO Exporting device attributes...
12:08:51,138 anker_solix_export DEBUG post power_service/v1/app/device/get_device_attrs --> device_attrs_ZLF94UZ1WWW86V1Z.json
12:08:51,664 anker_solix_export INFO Saved JSON to file denxxx/device_attrs_ZLF94UZ1WWW86V1Z.json
12:08:51,665 anker_solix_export INFO 
12:08:51,666 anker_solix_export INFO Exporting device specific data for device Smart Plug SN Z7TAQWPTMV3ER5TK...
12:08:51,666 anker_solix_export INFO Exporting power cutoff settings...
12:08:51,666 anker_solix_export DEBUG post power_service/v1/app/compatible/get_power_cutoff --> power_cutoff_Z7TAQWPTMV3ER5TK.json
12:08:52,205 anker_solix_export INFO Saved JSON to file denxxx/power_cutoff_Z7TAQWPTMV3ER5TK.json
12:08:52,206 anker_solix_export INFO Exporting fittings...
12:08:52,206 anker_solix_export DEBUG post power_service/v1/app/get_relate_device_fittings --> device_fittings_Z7TAQWPTMV3ER5TK.json
12:08:52,738 anker_solix_export INFO Saved JSON to file denxxx/device_fittings_Z7TAQWPTMV3ER5TK.json
12:08:52,739 anker_solix_export INFO Exporting load...
12:08:52,739 anker_solix_export DEBUG post power_service/v1/app/device/get_device_home_load --> device_load_Z7TAQWPTMV3ER5TK.json
12:08:53,274 anker_solix_export INFO Saved JSON to file denxxx/device_load_Z7TAQWPTMV3ER5TK.json
12:08:53,275 anker_solix_export INFO Exporting upgrade record for device...
12:08:53,275 anker_solix_export DEBUG post power_service/v1/app/get_upgrade_record --> upgrade_record_1_Z7TAQWPTMV3ER5TK.json
12:08:53,813 anker_solix_export INFO Saved JSON to file denxxx/upgrade_record_1_Z7TAQWPTMV3ER5TK.json
12:08:53,814 anker_solix_export INFO Exporting device attributes...
12:08:53,815 anker_solix_export DEBUG post power_service/v1/app/device/get_device_attrs --> device_attrs_Z7TAQWPTMV3ER5TK.json
12:08:54,339 anker_solix_export INFO Saved JSON to file denxxx/device_attrs_Z7TAQWPTMV3ER5TK.json
12:08:54,341 anker_solix_export INFO 
12:08:54,341 anker_solix_export INFO Exporting device specific data for device Smart Plug SN J6569JU7G22QRK7I...
12:08:54,341 anker_solix_export INFO Exporting power cutoff settings...
12:08:54,341 anker_solix_export DEBUG post power_service/v1/app/compatible/get_power_cutoff --> power_cutoff_J6569JU7G22QRK7I.json
12:08:54,876 anker_solix_export INFO Saved JSON to file denxxx/power_cutoff_J6569JU7G22QRK7I.json
12:08:54,877 anker_solix_export INFO Exporting fittings...
12:08:54,877 anker_solix_export DEBUG post power_service/v1/app/get_relate_device_fittings --> device_fittings_J6569JU7G22QRK7I.json
12:08:55,408 anker_solix_export INFO Saved JSON to file denxxx/device_fittings_J6569JU7G22QRK7I.json
12:08:55,409 anker_solix_export INFO Exporting load...
12:08:55,409 anker_solix_export DEBUG post power_service/v1/app/device/get_device_home_load --> device_load_J6569JU7G22QRK7I.json
12:08:55,941 anker_solix_export INFO Saved JSON to file denxxx/device_load_J6569JU7G22QRK7I.json
12:08:55,942 anker_solix_export INFO Exporting upgrade record for device...
12:08:55,942 anker_solix_export DEBUG post power_service/v1/app/get_upgrade_record --> upgrade_record_1_J6569JU7G22QRK7I.json
12:08:56,476 anker_solix_export INFO Saved JSON to file denxxx/upgrade_record_1_J6569JU7G22QRK7I.json
12:08:56,476 anker_solix_export INFO Exporting device attributes...
12:08:56,476 anker_solix_export DEBUG post power_service/v1/app/device/get_device_attrs --> device_attrs_J6569JU7G22QRK7I.json
12:08:57,13 anker_solix_export INFO Saved JSON to file denxxx/device_attrs_J6569JU7G22QRK7I.json
12:08:57,14 anker_solix_export INFO 
12:08:57,14 anker_solix_export INFO Exporting device specific data for device Smart Plug SN F3ZPGYJLCAUUWXPT...
12:08:57,14 anker_solix_export INFO Exporting power cutoff settings...
12:08:57,14 anker_solix_export DEBUG post power_service/v1/app/compatible/get_power_cutoff --> power_cutoff_F3ZPGYJLCAUUWXPT.json
12:08:57,573 anker_solix_export INFO Saved JSON to file denxxx/power_cutoff_F3ZPGYJLCAUUWXPT.json
12:08:57,574 anker_solix_export INFO Exporting fittings...
12:08:57,574 anker_solix_export DEBUG post power_service/v1/app/get_relate_device_fittings --> device_fittings_F3ZPGYJLCAUUWXPT.json
12:08:58,102 anker_solix_export INFO Saved JSON to file denxxx/device_fittings_F3ZPGYJLCAUUWXPT.json
12:08:58,102 anker_solix_export INFO Exporting load...
12:08:58,103 anker_solix_export DEBUG post power_service/v1/app/device/get_device_home_load --> device_load_F3ZPGYJLCAUUWXPT.json
12:08:58,635 anker_solix_export INFO Saved JSON to file denxxx/device_load_F3ZPGYJLCAUUWXPT.json
12:08:58,637 anker_solix_export INFO Exporting upgrade record for device...
12:08:58,637 anker_solix_export DEBUG post power_service/v1/app/get_upgrade_record --> upgrade_record_1_F3ZPGYJLCAUUWXPT.json
12:08:59,171 anker_solix_export INFO Saved JSON to file denxxx/upgrade_record_1_F3ZPGYJLCAUUWXPT.json
12:08:59,172 anker_solix_export INFO Exporting device attributes...
12:08:59,172 anker_solix_export DEBUG post power_service/v1/app/device/get_device_attrs --> device_attrs_F3ZPGYJLCAUUWXPT.json
12:08:59,694 anker_solix_export INFO Saved JSON to file denxxx/device_attrs_F3ZPGYJLCAUUWXPT.json
12:08:59,694 anker_solix_export INFO 
12:08:59,694 anker_solix_export INFO Querying charging_energy_service endpoint data...
12:08:59,694 anker_solix_export INFO Exporting Charging error info...
12:08:59,694 anker_solix_export DEBUG post charging_energy_service/get_error_infos --> charging_error_info.json
12:09:00,277 anker_solix_export WARNING charging_energy_service endpoint data queries may not be supported on used server: ("Api Request Error: 503, message='Service Temporarily Unavailable', url='https://ankerpower-api-eu.anker.com/charging_energy_service/get_error_infos'", 'response=<html>\r\n<head><title>503 Service Temporarily Unavailable</title></head>\r\n<body>\r\n<center><h1>503 Service Temporarily Unavailable</h1></center>\r\n<hr><center>openresty</center>\r\n<p><em>Powered by <a href="https://apisix.apache.org/">APISIX</a>.</em></p></body>\r\n</html>\r\n')
12:09:00,277 anker_solix_export WARNING Skipping remaining charging_energy_service endpoint data queries.
12:09:00,277 anker_solix_export INFO 
12:09:00,278 anker_solix_export INFO Querying charging_hes_svc endpoint data...
12:09:00,278 anker_solix_export INFO Exporting HES product info...
12:09:00,278 anker_solix_export DEBUG post charging_hes_svc/get_device_product_info --> hes_product_info.json
12:09:00,806 anker_solix_export INFO Saved JSON to file denxxx/hes_product_info.json
12:09:00,806 anker_solix_export INFO 
12:09:00,806 anker_solix_export INFO Exporting HES specific data for site a63fc1eb-3afa-cbef-388b-bad12ccb9dc8...
12:09:00,806 anker_solix_export INFO Exporting HES system running info...
12:09:00,806 anker_solix_export DEBUG post charging_hes_svc/get_system_running_info --> hes_system_running_info_a63fc1eb-3afa-cbef-388b-bad12ccb9dc8.json
12:09:01,348 anker_solix_export INFO Saved JSON to file denxxx/hes_system_running_info_a63fc1eb-3afa-cbef-388b-bad12ccb9dc8.json
12:09:01,350 anker_solix_export INFO No system for charging_hes_svc endpoint data found, skipping remaining site queries...
12:09:01,350 anker_solix_export INFO No system for charging_hes_svc endpoint data found, skipping remaining queries...
12:09:01,351 anker_solix_export DEBUG Saved api den*** original testfolder
12:09:01,368 anker_solix_export INFO 
12:09:01,368 anker_solix_export INFO Exporting api den*** sites cache from files...
12:09:01,368 anker_solix_export DEBUG Api den*** sites cache --> api_sites.json
12:09:01,369 anker_solix_export INFO Saved JSON to file denxxx/api_sites.json
12:09:01,370 anker_solix_export INFO Exporting api den*** devices cache from files...
12:09:01,370 anker_solix_export DEBUG Api den*** devices cache --> api_devices.json
12:09:01,371 anker_solix_export INFO Saved JSON to file denxxx/api_devices.json
12:09:01,372 anker_solix_export INFO 
12:09:01,372 anker_solix_export INFO Exporting api den*** account cache...
12:09:01,372 anker_solix_export DEBUG Api den*** account cache --> api_account.json
12:09:01,373 anker_solix_export INFO Saved JSON to file denxxx/api_account.json
12:09:01,374 anker_solix_export INFO Api den*** request stats: 194 last hour, 102 last minute
