17:55:57,920 anker_solix_export INFO Found 1 accessible systems (sites) and 2 devices.
17:55:57,921 anker_solix_export INFO 
17:55:57,921 anker_solix_export INFO Exporting homepage...
17:55:57,921 anker_solix_export DEBUG post power_service/v1/site/get_site_homepage --> homepage.json
17:55:58,105 anker_solix_export INFO Saved JSON to file fraxx/homepage.json
17:55:58,108 anker_solix_export INFO Exporting site list...
17:55:58,108 anker_solix_export DEBUG post power_service/v1/site/get_site_list --> site_list.json
17:55:58,450 anker_solix_export INFO Saved JSON to file fraxx/site_list.json
17:55:58,453 anker_solix_export INFO Exporting bind devices...
17:55:58,454 anker_solix_export DEBUG post power_service/v1/app/get_relate_and_bind_devices --> bind_devices.json
17:55:58,803 anker_solix_export INFO Saved JSON to file fraxx/bind_devices.json
17:55:58,805 anker_solix_export INFO Exporting user devices...
17:55:58,805 anker_solix_export DEBUG post power_service/v1/site/list_user_devices --> user_devices.json
17:55:59,171 anker_solix_export INFO Saved JSON to file fraxx/user_devices.json
17:55:59,173 anker_solix_export INFO Exporting charging devices...
17:55:59,174 anker_solix_export DEBUG post power_service/v1/site/get_charging_device --> charging_devices.json
17:55:59,506 anker_solix_export INFO Saved JSON to file fraxx/charging_devices.json
17:55:59,509 anker_solix_export INFO Exporting auto upgrade settings...
17:55:59,510 anker_solix_export DEBUG post power_service/v1/app/get_auto_upgrade --> auto_upgrade.json
17:55:59,858 anker_solix_export INFO Saved JSON to file fraxx/auto_upgrade.json
17:55:59,860 anker_solix_export INFO Exporting config...
17:55:59,860 anker_solix_export DEBUG post power_service/v1/app/get_config --> config.json
17:56:00,195 anker_solix_export INFO Saved JSON to file fraxx/config.json
17:56:00,197 anker_solix_export INFO Exporting supported sites, devices and accessories...
17:56:00,197 anker_solix_export DEBUG post power_service/v1/site/get_site_rules --> list_site_rules.json
17:56:00,532 anker_solix_export INFO Saved JSON to file fraxx/list_site_rules.json
17:56:00,535 anker_solix_export DEBUG get power_service/v1/product_categories --> list_products.json
17:56:00,964 anker_solix_export INFO Saved JSON to file fraxx/list_products.json
17:56:00,967 anker_solix_export DEBUG get power_service/v1/product_accessories --> list_accessories.json
17:56:01,300 anker_solix_export INFO Saved JSON to file fraxx/list_accessories.json
17:56:01,303 anker_solix_export DEBUG post power_service/v1/app/third/platform/list --> list_third_platforms.json
17:56:01,729 anker_solix_export INFO Saved JSON to file fraxx/list_third_platforms.json
17:56:01,732 anker_solix_export INFO Get token for user account...
17:56:01,733 anker_solix_export DEBUG post power_service/v1/app/get_token_by_userid --> get_token.json
17:56:02,70 anker_solix_export INFO Saved JSON to file fraxx/get_token.json
17:56:02,72 anker_solix_export INFO Get Shelly status with token...
17:56:02,72 anker_solix_export DEBUG post power_service/v1/app/get_user_op_shelly_status --> shelly_status.json
17:56:02,392 anker_solix_export INFO Saved JSON to file fraxx/shelly_status.json
17:56:02,395 anker_solix_export INFO 
17:56:02,395 anker_solix_export INFO Exporting site specific data for site 2cc387cb-2aba-aa1c-d591-dfd5d5c95d6f...
17:56:02,396 anker_solix_export INFO Exporting scene info...
17:56:02,396 anker_solix_export DEBUG post power_service/v1/site/get_scen_info --> scene_2cc387cb-2aba-aa1c-d591-dfd5d5c95d6f.json
17:56:02,778 anker_solix_export INFO Saved JSON to file fraxx/scene_2cc387cb-2aba-aa1c-d591-dfd5d5c95d6f.json
17:56:02,781 anker_solix_export INFO Exporting site detail...
17:56:02,782 anker_solix_export DEBUG post power_service/v1/site/get_site_detail --> site_detail_2cc387cb-2aba-aa1c-d591-dfd5d5c95d6f.json
17:56:03,125 anker_solix_export INFO Saved JSON to file fraxx/site_detail_2cc387cb-2aba-aa1c-d591-dfd5d5c95d6f.json
17:56:03,128 anker_solix_export INFO Exporting wifi list...
17:56:03,128 anker_solix_export DEBUG post power_service/v1/site/get_wifi_info_list --> wifi_list_2cc387cb-2aba-aa1c-d591-dfd5d5c95d6f.json
17:56:03,472 anker_solix_export INFO Saved JSON to file fraxx/wifi_list_2cc387cb-2aba-aa1c-d591-dfd5d5c95d6f.json
17:56:03,475 anker_solix_export INFO Exporting installation...
17:56:03,476 anker_solix_export DEBUG post power_service/v1/app/compatible/get_installation --> installation_2cc387cb-2aba-aa1c-d591-dfd5d5c95d6f.json
17:56:03,808 anker_solix_export INFO Saved JSON to file fraxx/installation_2cc387cb-2aba-aa1c-d591-dfd5d5c95d6f.json
17:56:03,811 anker_solix_export INFO Exporting site price...
17:56:03,812 anker_solix_export DEBUG post power_service/v1/site/get_site_price --> price_2cc387cb-2aba-aa1c-d591-dfd5d5c95d6f.json
17:56:04,142 anker_solix_export INFO Saved JSON to file fraxx/price_2cc387cb-2aba-aa1c-d591-dfd5d5c95d6f.json
17:56:04,144 anker_solix_export INFO Exporting device parameter type 4 settings...
17:56:04,145 anker_solix_export DEBUG post power_service/v1/site/get_site_device_param --> device_parm_4_2cc387cb-2aba-aa1c-d591-dfd5d5c95d6f.json
17:56:04,491 anker_solix_export INFO Saved JSON to file fraxx/device_parm_4_2cc387cb-2aba-aa1c-d591-dfd5d5c95d6f.json
17:56:04,493 anker_solix_export INFO Exporting device parameter type 6 settings...
17:56:04,493 anker_solix_export DEBUG post power_service/v1/site/get_site_device_param --> device_parm_6_2cc387cb-2aba-aa1c-d591-dfd5d5c95d6f.json
17:56:04,832 anker_solix_export INFO Saved JSON to file fraxx/device_parm_6_2cc387cb-2aba-aa1c-d591-dfd5d5c95d6f.json
17:56:04,834 anker_solix_export INFO Exporting site energy data for solarbank...
17:56:04,834 anker_solix_export DEBUG post power_service/v1/site/energy_analysis --> energy_solarbank_2cc387cb-2aba-aa1c-d591-dfd5d5c95d6f.json
17:56:05,190 anker_solix_export INFO Saved JSON to file fraxx/energy_solarbank_2cc387cb-2aba-aa1c-d591-dfd5d5c95d6f.json
17:56:05,193 anker_solix_export INFO Exporting site energy data for solar_production...
17:56:05,194 anker_solix_export DEBUG post power_service/v1/site/energy_analysis --> energy_solar_production_2cc387cb-2aba-aa1c-d591-dfd5d5c95d6f.json
17:56:05,566 anker_solix_export INFO Saved JSON to file fraxx/energy_solar_production_2cc387cb-2aba-aa1c-d591-dfd5d5c95d6f.json
17:56:05,570 anker_solix_export INFO Exporting site energy data for solar_production PV1...
17:56:05,570 anker_solix_export DEBUG post power_service/v1/site/energy_analysis --> energy_solar_production_pv1_2cc387cb-2aba-aa1c-d591-dfd5d5c95d6f.json
17:56:05,911 anker_solix_export INFO Saved JSON to file fraxx/energy_solar_production_pv1_2cc387cb-2aba-aa1c-d591-dfd5d5c95d6f.json
17:56:05,915 anker_solix_export INFO Exporting site energy data for solar_production PV2...
17:56:05,916 anker_solix_export DEBUG post power_service/v1/site/energy_analysis --> energy_solar_production_pv2_2cc387cb-2aba-aa1c-d591-dfd5d5c95d6f.json
17:56:06,255 anker_solix_export INFO Saved JSON to file fraxx/energy_solar_production_pv2_2cc387cb-2aba-aa1c-d591-dfd5d5c95d6f.json
17:56:06,259 anker_solix_export INFO Exporting site energy data for solar_production PV3...
17:56:06,260 anker_solix_export DEBUG post power_service/v1/site/energy_analysis --> energy_solar_production_pv3_2cc387cb-2aba-aa1c-d591-dfd5d5c95d6f.json
17:56:06,599 anker_solix_export INFO Saved JSON to file fraxx/energy_solar_production_pv3_2cc387cb-2aba-aa1c-d591-dfd5d5c95d6f.json
17:56:06,602 anker_solix_export INFO Exporting site energy data for solar_production PV4...
17:56:06,602 anker_solix_export DEBUG post power_service/v1/site/energy_analysis --> energy_solar_production_pv4_2cc387cb-2aba-aa1c-d591-dfd5d5c95d6f.json
17:56:06,941 anker_solix_export INFO Saved JSON to file fraxx/energy_solar_production_pv4_2cc387cb-2aba-aa1c-d591-dfd5d5c95d6f.json
17:56:06,944 anker_solix_export INFO Exporting site energy data for home_usage...
17:56:06,945 anker_solix_export DEBUG post power_service/v1/site/energy_analysis --> energy_home_usage_2cc387cb-2aba-aa1c-d591-dfd5d5c95d6f.json
17:56:07,287 anker_solix_export INFO Saved JSON to file fraxx/energy_home_usage_2cc387cb-2aba-aa1c-d591-dfd5d5c95d6f.json
17:56:07,289 anker_solix_export INFO Exporting site energy data for grid...
17:56:07,290 anker_solix_export DEBUG post power_service/v1/site/energy_analysis --> energy_grid_2cc387cb-2aba-aa1c-d591-dfd5d5c95d6f.json
17:56:07,631 anker_solix_export INFO Saved JSON to file fraxx/energy_grid_2cc387cb-2aba-aa1c-d591-dfd5d5c95d6f.json
17:56:07,633 anker_solix_export INFO 
17:56:07,634 anker_solix_export INFO Exporting device specific data for device Solarbank 2 E1600 Pro SN 65I557AHWTFILC10...
17:56:07,634 anker_solix_export INFO Exporting solar info settings for solarbank...
17:56:07,634 anker_solix_export DEBUG post power_service/v1/app/compatible/get_compatible_solar_info --> solar_info_65I557AHWTFILC10.json
17:56:07,974 anker_solix_export INFO Saved JSON to file fraxx/solar_info_65I557AHWTFILC10.json
17:56:07,977 anker_solix_export INFO Exporting compatible process info for solarbank...
17:56:07,977 anker_solix_export DEBUG post power_service/v1/app/compatible/get_compatible_process --> compatible_process_65I557AHWTFILC10.json
17:56:08,309 anker_solix_export INFO Saved JSON to file fraxx/compatible_process_65I557AHWTFILC10.json
17:56:08,312 anker_solix_export INFO Exporting power cutoff settings...
17:56:08,313 anker_solix_export DEBUG post power_service/v1/app/compatible/get_power_cutoff --> power_cutoff_65I557AHWTFILC10.json
17:56:08,673 anker_solix_export INFO Saved JSON to file fraxx/power_cutoff_65I557AHWTFILC10.json
17:56:08,676 anker_solix_export INFO Exporting fittings...
17:56:08,676 anker_solix_export DEBUG post power_service/v1/app/get_relate_device_fittings --> device_fittings_65I557AHWTFILC10.json
17:56:09,6 anker_solix_export INFO Saved JSON to file fraxx/device_fittings_65I557AHWTFILC10.json
17:56:09,9 anker_solix_export INFO Exporting load...
17:56:09,9 anker_solix_export DEBUG post power_service/v1/app/device/get_device_home_load --> device_load_65I557AHWTFILC10.json
17:56:09,365 anker_solix_export INFO Saved JSON to file fraxx/device_load_65I557AHWTFILC10.json
17:56:09,368 anker_solix_export INFO Exporting OTA update info for device...
17:56:09,368 anker_solix_export DEBUG post power_service/v1/app/compatible/get_ota_update --> ota_update_65I557AHWTFILC10.json
17:56:09,836 anker_solix_export INFO Saved JSON to file fraxx/ota_update_65I557AHWTFILC10.json
17:56:09,839 anker_solix_export INFO Exporting upgrade record for device...
17:56:09,839 anker_solix_export DEBUG post power_service/v1/app/get_upgrade_record --> upgrade_record_1_65I557AHWTFILC10.json
17:56:10,191 anker_solix_export INFO Saved JSON to file fraxx/upgrade_record_1_65I557AHWTFILC10.json
17:56:10,194 anker_solix_export INFO Exporting device attributes...
17:56:10,195 anker_solix_export DEBUG post power_service/v1/app/device/get_device_attrs --> device_attrs_65I557AHWTFILC10.json
17:56:10,524 anker_solix_export INFO Saved JSON to file fraxx/device_attrs_65I557AHWTFILC10.json
17:56:10,527 anker_solix_export INFO 
17:56:10,528 anker_solix_export INFO Exporting device specific data for device Shelly 3EM Stromzähler SN R47PK6JJ33VBGR...
17:56:10,528 anker_solix_export INFO Exporting power cutoff settings...
17:56:10,528 anker_solix_export DEBUG post power_service/v1/app/compatible/get_power_cutoff --> power_cutoff_R47PK6JJ33VBGR.json
17:56:10,872 anker_solix_export INFO Saved JSON to file fraxx/power_cutoff_R47PK6JJ33VBGR.json
17:56:10,875 anker_solix_export INFO Exporting fittings...
17:56:10,876 anker_solix_export DEBUG post power_service/v1/app/get_relate_device_fittings --> device_fittings_R47PK6JJ33VBGR.json
17:56:11,210 anker_solix_export INFO Saved JSON to file fraxx/device_fittings_R47PK6JJ33VBGR.json
17:56:11,213 anker_solix_export INFO Exporting load...
17:56:11,213 anker_solix_export DEBUG post power_service/v1/app/device/get_device_home_load --> device_load_R47PK6JJ33VBGR.json
17:56:11,567 anker_solix_export INFO Saved JSON to file fraxx/device_load_R47PK6JJ33VBGR.json
17:56:11,571 anker_solix_export INFO Exporting OTA update info for device...
17:56:11,571 anker_solix_export DEBUG post power_service/v1/app/compatible/get_ota_update --> ota_update_R47PK6JJ33VBGR.json
17:56:12,49 anker_solix_export INFO Saved JSON to file fraxx/ota_update_R47PK6JJ33VBGR.json
17:56:12,53 anker_solix_export INFO Exporting upgrade record for device...
17:56:12,54 anker_solix_export DEBUG post power_service/v1/app/get_upgrade_record --> upgrade_record_1_R47PK6JJ33VBGR.json
17:56:12,394 anker_solix_export INFO Saved JSON to file fraxx/upgrade_record_1_R47PK6JJ33VBGR.json
17:56:12,398 anker_solix_export INFO Exporting device attributes...
17:56:12,398 anker_solix_export DEBUG post power_service/v1/app/device/get_device_attrs --> device_attrs_R47PK6JJ33VBGR.json
17:56:12,725 anker_solix_export INFO Saved JSON to file fraxx/device_attrs_R47PK6JJ33VBGR.json
17:56:12,728 anker_solix_export INFO 
17:56:12,728 anker_solix_export INFO Exporting message unread status...
17:56:12,729 anker_solix_export DEBUG get power_service/v1/get_message_unread --> message_unread.json
17:56:13,59 anker_solix_export INFO Saved JSON to file fraxx/message_unread.json
17:56:13,63 anker_solix_export DEBUG Saved original client cache and testfolder.
17:56:13,100 anker_solix_export INFO 
17:56:13,100 anker_solix_export INFO Exporting Api sites cache from files...
17:56:13,100 anker_solix_export DEBUG Api sites cache --> api_sites.json
17:56:13,106 anker_solix_export INFO Saved JSON to file fraxx/api_sites.json
17:56:13,108 anker_solix_export INFO Exporting Api devices cache from files...
17:56:13,108 anker_solix_export DEBUG Api devices cache --> api_devices.json
17:56:13,112 anker_solix_export INFO Saved JSON to file fraxx/api_devices.json
17:56:13,116 anker_solix_export DEBUG Restored original sites and devices caches for api client.
