00:20:47,883 ExportSystem INFO Using AnkerSolixApiExport Version: 2.5.0.0, Date: 2025-01-29, Export Services: set()
00:20:47,883 ExportSystem INFO 
00:20:47,883 ExportSystem INFO Querying common endpoint data...
00:20:47,884 ExportSystem INFO Querying site information...
00:20:49,432 ExportSystem INFO Querying bind devices information...
00:20:49,771 ExportSystem INFO Found 2 accessible systems (sites) and 3 devices.
00:20:49,771 ExportSystem INFO Exporting site list...
00:20:49,771 ExportSystem DEBUG post power_service/v1/site/get_site_list --> site_list.json
00:20:50,106 ExportSystem INFO Saved JSON to file SB2_AC_TU/site_list.json
00:20:50,107 ExportSystem INFO Exporting bind devices...
00:20:50,108 ExportSystem DEBUG post power_service/v1/app/get_relate_and_bind_devices --> bind_devices.json
00:20:50,445 ExportSystem INFO Saved JSON to file SB2_AC_TU/bind_devices.json
00:20:50,447 ExportSystem INFO Exporting OTA batch info for all devices...
00:20:50,447 ExportSystem DEBUG post app/ota/batch/check_update --> ota_batch.json
00:20:50,801 ExportSystem INFO Saved JSON to file SB2_AC_TU/ota_batch.json
00:20:50,802 ExportSystem INFO Exporting message unread status...
00:20:50,802 ExportSystem DEBUG get power_service/v1/get_message_unread --> message_unread.json
00:20:51,119 ExportSystem INFO Saved JSON to file SB2_AC_TU/message_unread.json
00:20:51,120 ExportSystem INFO Exporting supported sites, devices and accessories...
00:20:51,120 ExportSystem DEBUG post power_service/v1/site/get_site_rules --> list_site_rules.json
00:20:51,501 ExportSystem INFO Saved JSON to file SB2_AC_TU/list_site_rules.json
00:20:51,502 ExportSystem DEBUG get power_service/v1/product_categories --> list_products.json
00:20:51,865 ExportSystem INFO Saved JSON to file SB2_AC_TU/list_products.json
00:20:51,865 ExportSystem DEBUG get power_service/v1/product_accessories --> list_accessories.json
00:20:52,228 ExportSystem INFO Saved JSON to file SB2_AC_TU/list_accessories.json
00:20:52,229 ExportSystem DEBUG post power_service/v1/app/third/platform/list --> list_third_platforms.json
00:20:52,611 ExportSystem INFO Saved JSON to file SB2_AC_TU/list_third_platforms.json
00:20:52,612 ExportSystem INFO Exporting scene info...
00:20:52,612 ExportSystem DEBUG post power_service/v1/site/get_scen_info --> scene_a283eb18-511c-f6e6-da9d-fecf81ea79ad.json
00:20:52,968 ExportSystem INFO Saved JSON to file SB2_AC_TU/scene_a283eb18-511c-f6e6-da9d-fecf81ea79ad.json
00:20:52,969 ExportSystem INFO Exporting scene info...
00:20:52,969 ExportSystem DEBUG post power_service/v1/site/get_scen_info --> scene_bedec3ba-fe35-f3ac-fbcd-36cccc9a9378.json
00:20:53,350 ExportSystem INFO Saved JSON to file SB2_AC_TU/scene_bedec3ba-fe35-f3ac-fbcd-36cccc9a9378.json
00:20:53,351 ExportSystem INFO 
00:20:53,352 ExportSystem INFO Querying power_service endpoint data...
00:20:53,352 ExportSystem INFO 
00:20:53,352 ExportSystem INFO Exporting homepage...
00:20:53,353 ExportSystem DEBUG post power_service/v1/site/get_site_homepage --> homepage.json
00:20:53,690 ExportSystem INFO Saved JSON to file SB2_AC_TU/homepage.json
00:20:53,690 ExportSystem INFO Exporting user devices...
00:20:53,691 ExportSystem DEBUG post power_service/v1/site/list_user_devices --> user_devices.json
00:20:54,42 ExportSystem INFO Saved JSON to file SB2_AC_TU/user_devices.json
00:20:54,42 ExportSystem INFO Exporting charging devices...
00:20:54,43 ExportSystem DEBUG post power_service/v1/site/get_charging_device --> charging_devices.json
00:20:54,368 ExportSystem INFO Saved JSON to file SB2_AC_TU/charging_devices.json
00:20:54,369 ExportSystem INFO Exporting auto upgrade settings...
00:20:54,369 ExportSystem DEBUG post power_service/v1/app/get_auto_upgrade --> auto_upgrade.json
00:20:54,708 ExportSystem INFO Saved JSON to file SB2_AC_TU/auto_upgrade.json
00:20:54,710 ExportSystem INFO Exporting config...
00:20:54,710 ExportSystem DEBUG post power_service/v1/app/get_config --> config.json
00:20:55,32 ExportSystem INFO Saved JSON to file SB2_AC_TU/config.json
00:20:55,33 ExportSystem INFO Get token for user account...
00:20:55,33 ExportSystem DEBUG post power_service/v1/app/get_token_by_userid --> get_token.json
00:20:55,356 ExportSystem INFO Saved JSON to file SB2_AC_TU/get_token.json
00:20:55,358 ExportSystem INFO Get Shelly status with token...
00:20:55,358 ExportSystem DEBUG post power_service/v1/app/get_user_op_shelly_status --> shelly_status.json
00:20:55,681 ExportSystem INFO Saved JSON to file SB2_AC_TU/shelly_status.json
00:20:55,682 ExportSystem INFO 
00:20:55,683 ExportSystem INFO Exporting site specific data for site a283eb18-511c-f6e6-da9d-fecf81ea79ad...
00:20:55,683 ExportSystem INFO Exporting site detail...
00:20:55,683 ExportSystem DEBUG post power_service/v1/site/get_site_detail --> site_detail_a283eb18-511c-f6e6-da9d-fecf81ea79ad.json
00:20:56,23 ExportSystem INFO Saved JSON to file SB2_AC_TU/site_detail_a283eb18-511c-f6e6-da9d-fecf81ea79ad.json
00:20:56,24 ExportSystem INFO Exporting wifi list...
00:20:56,24 ExportSystem DEBUG post power_service/v1/site/get_wifi_info_list --> wifi_list_a283eb18-511c-f6e6-da9d-fecf81ea79ad.json
00:20:56,368 ExportSystem INFO Saved JSON to file SB2_AC_TU/wifi_list_a283eb18-511c-f6e6-da9d-fecf81ea79ad.json
00:20:56,368 ExportSystem INFO Exporting installation...
00:20:56,368 ExportSystem DEBUG post power_service/v1/app/compatible/get_installation --> installation_a283eb18-511c-f6e6-da9d-fecf81ea79ad.json
00:20:56,693 ExportSystem INFO Saved JSON to file SB2_AC_TU/installation_a283eb18-511c-f6e6-da9d-fecf81ea79ad.json
00:20:56,694 ExportSystem INFO Exporting site price...
00:20:56,694 ExportSystem DEBUG post power_service/v1/site/get_site_price --> price_a283eb18-511c-f6e6-da9d-fecf81ea79ad.json
00:20:57,22 ExportSystem INFO Saved JSON to file SB2_AC_TU/price_a283eb18-511c-f6e6-da9d-fecf81ea79ad.json
00:20:57,23 ExportSystem INFO Exporting device parameter type 4 settings...
00:20:57,23 ExportSystem DEBUG post power_service/v1/site/get_site_device_param --> device_parm_4_a283eb18-511c-f6e6-da9d-fecf81ea79ad.json
00:20:57,350 ExportSystem ERROR Method: POST, Endpoint: power_service/v1/site/get_site_device_param, Payload: ("{'site_id': '<siteId>', 'param_type': '4'}",)
<class 'api.errors.AnkerSolixError'>: (10004) Anker Api Error: Failed to request.
00:20:57,350 ExportSystem INFO Exporting device parameter type 6 settings...
00:20:57,351 ExportSystem DEBUG post power_service/v1/site/get_site_device_param --> device_parm_6_a283eb18-511c-f6e6-da9d-fecf81ea79ad.json
00:20:57,683 ExportSystem INFO Saved JSON to file SB2_AC_TU/device_parm_6_a283eb18-511c-f6e6-da9d-fecf81ea79ad.json
00:20:57,684 ExportSystem INFO Exporting device parameter type 9 settings...
00:20:57,685 ExportSystem DEBUG post power_service/v1/site/get_site_device_param --> device_parm_9_a283eb18-511c-f6e6-da9d-fecf81ea79ad.json
00:20:58,8 ExportSystem ERROR Method: POST, Endpoint: power_service/v1/site/get_site_device_param, Payload: ("{'site_id': '<siteId>', 'param_type': '9'}",)
<class 'api.errors.AnkerSolixError'>: (10004) Anker Api Error: Failed to request.
00:20:58,9 ExportSystem INFO Exporting site energy data for SOLARBANK...
00:20:58,9 ExportSystem DEBUG post power_service/v1/site/energy_analysis --> energy_solarbank_a283eb18-511c-f6e6-da9d-fecf81ea79ad.json
00:20:58,345 ExportSystem INFO Saved JSON to file SB2_AC_TU/energy_solarbank_a283eb18-511c-f6e6-da9d-fecf81ea79ad.json
00:20:58,346 ExportSystem INFO Exporting site energy data for SOLAR_PRODUCTION...
00:20:58,346 ExportSystem DEBUG post power_service/v1/site/energy_analysis --> energy_solar_production_a283eb18-511c-f6e6-da9d-fecf81ea79ad.json
00:20:58,711 ExportSystem INFO Saved JSON to file SB2_AC_TU/energy_solar_production_a283eb18-511c-f6e6-da9d-fecf81ea79ad.json
00:20:58,713 ExportSystem INFO Exporting site energy data for HOME_USAGE...
00:20:58,713 ExportSystem DEBUG post power_service/v1/site/energy_analysis --> energy_home_usage_a283eb18-511c-f6e6-da9d-fecf81ea79ad.json
00:20:59,44 ExportSystem INFO Saved JSON to file SB2_AC_TU/energy_home_usage_a283eb18-511c-f6e6-da9d-fecf81ea79ad.json
00:20:59,45 ExportSystem INFO Exporting site energy data for GRID...
00:20:59,45 ExportSystem DEBUG post power_service/v1/site/energy_analysis --> energy_grid_a283eb18-511c-f6e6-da9d-fecf81ea79ad.json
00:20:59,398 ExportSystem INFO Saved JSON to file SB2_AC_TU/energy_grid_a283eb18-511c-f6e6-da9d-fecf81ea79ad.json
00:20:59,399 ExportSystem INFO Exporting site energy data for solar_production PV1...
00:20:59,399 ExportSystem DEBUG post power_service/v1/site/energy_analysis --> energy_solar_production_pv1_a283eb18-511c-f6e6-da9d-fecf81ea79ad.json
00:20:59,732 ExportSystem INFO Saved JSON to file SB2_AC_TU/energy_solar_production_pv1_a283eb18-511c-f6e6-da9d-fecf81ea79ad.json
00:20:59,733 ExportSystem INFO Exporting site energy data for solar_production PV2...
00:20:59,733 ExportSystem DEBUG post power_service/v1/site/energy_analysis --> energy_solar_production_pv2_a283eb18-511c-f6e6-da9d-fecf81ea79ad.json
00:21:00,68 ExportSystem INFO Saved JSON to file SB2_AC_TU/energy_solar_production_pv2_a283eb18-511c-f6e6-da9d-fecf81ea79ad.json
00:21:00,69 ExportSystem INFO Exporting site energy data for solar_production PV3...
00:21:00,69 ExportSystem DEBUG post power_service/v1/site/energy_analysis --> energy_solar_production_pv3_a283eb18-511c-f6e6-da9d-fecf81ea79ad.json
00:21:00,403 ExportSystem INFO Saved JSON to file SB2_AC_TU/energy_solar_production_pv3_a283eb18-511c-f6e6-da9d-fecf81ea79ad.json
00:21:00,404 ExportSystem INFO Exporting site energy data for solar_production PV4...
00:21:00,404 ExportSystem DEBUG post power_service/v1/site/energy_analysis --> energy_solar_production_pv4_a283eb18-511c-f6e6-da9d-fecf81ea79ad.json
00:21:00,739 ExportSystem INFO Saved JSON to file SB2_AC_TU/energy_solar_production_pv4_a283eb18-511c-f6e6-da9d-fecf81ea79ad.json
00:21:00,740 ExportSystem INFO 
00:21:00,740 ExportSystem INFO Exporting site specific data for site bedec3ba-fe35-f3ac-fbcd-36cccc9a9378...
00:21:00,740 ExportSystem INFO Exporting site detail...
00:21:00,740 ExportSystem DEBUG post power_service/v1/site/get_site_detail --> site_detail_bedec3ba-fe35-f3ac-fbcd-36cccc9a9378.json
00:21:01,81 ExportSystem INFO Saved JSON to file SB2_AC_TU/site_detail_bedec3ba-fe35-f3ac-fbcd-36cccc9a9378.json
00:21:01,81 ExportSystem INFO Exporting wifi list...
00:21:01,82 ExportSystem DEBUG post power_service/v1/site/get_wifi_info_list --> wifi_list_bedec3ba-fe35-f3ac-fbcd-36cccc9a9378.json
00:21:01,417 ExportSystem INFO Saved JSON to file SB2_AC_TU/wifi_list_bedec3ba-fe35-f3ac-fbcd-36cccc9a9378.json
00:21:01,418 ExportSystem INFO Exporting installation...
00:21:01,418 ExportSystem DEBUG post power_service/v1/app/compatible/get_installation --> installation_bedec3ba-fe35-f3ac-fbcd-36cccc9a9378.json
00:21:01,743 ExportSystem INFO Saved JSON to file SB2_AC_TU/installation_bedec3ba-fe35-f3ac-fbcd-36cccc9a9378.json
00:21:01,744 ExportSystem INFO Exporting site price...
00:21:01,744 ExportSystem DEBUG post power_service/v1/site/get_site_price --> price_bedec3ba-fe35-f3ac-fbcd-36cccc9a9378.json
00:21:02,71 ExportSystem INFO Saved JSON to file SB2_AC_TU/price_bedec3ba-fe35-f3ac-fbcd-36cccc9a9378.json
00:21:02,72 ExportSystem INFO Exporting device parameter type 4 settings...
00:21:02,72 ExportSystem DEBUG post power_service/v1/site/get_site_device_param --> device_parm_4_bedec3ba-fe35-f3ac-fbcd-36cccc9a9378.json
00:21:02,398 ExportSystem ERROR Method: POST, Endpoint: power_service/v1/site/get_site_device_param, Payload: ("{'site_id': '<siteId>', 'param_type': '4'}",)
<class 'api.errors.AnkerSolixError'>: (10004) Anker Api Error: Failed to request.
00:21:02,398 ExportSystem INFO Exporting device parameter type 6 settings...
00:21:02,399 ExportSystem DEBUG post power_service/v1/site/get_site_device_param --> device_parm_6_bedec3ba-fe35-f3ac-fbcd-36cccc9a9378.json
00:21:02,728 ExportSystem INFO Saved JSON to file SB2_AC_TU/device_parm_6_bedec3ba-fe35-f3ac-fbcd-36cccc9a9378.json
00:21:02,729 ExportSystem INFO Exporting device parameter type 9 settings...
00:21:02,729 ExportSystem DEBUG post power_service/v1/site/get_site_device_param --> device_parm_9_bedec3ba-fe35-f3ac-fbcd-36cccc9a9378.json
00:21:03,54 ExportSystem INFO Saved JSON to file SB2_AC_TU/device_parm_9_bedec3ba-fe35-f3ac-fbcd-36cccc9a9378.json
00:21:03,55 ExportSystem INFO Exporting site energy data for SOLARBANK...
00:21:03,55 ExportSystem DEBUG post power_service/v1/site/energy_analysis --> energy_solarbank_bedec3ba-fe35-f3ac-fbcd-36cccc9a9378.json
00:21:03,394 ExportSystem INFO Saved JSON to file SB2_AC_TU/energy_solarbank_bedec3ba-fe35-f3ac-fbcd-36cccc9a9378.json
00:21:03,395 ExportSystem INFO Exporting site energy data for SOLAR_PRODUCTION...
00:21:03,395 ExportSystem DEBUG post power_service/v1/site/energy_analysis --> energy_solar_production_bedec3ba-fe35-f3ac-fbcd-36cccc9a9378.json
00:21:03,766 ExportSystem INFO Saved JSON to file SB2_AC_TU/energy_solar_production_bedec3ba-fe35-f3ac-fbcd-36cccc9a9378.json
00:21:03,766 ExportSystem INFO Exporting site energy data for HOME_USAGE...
00:21:03,767 ExportSystem DEBUG post power_service/v1/site/energy_analysis --> energy_home_usage_bedec3ba-fe35-f3ac-fbcd-36cccc9a9378.json
00:21:04,108 ExportSystem INFO Saved JSON to file SB2_AC_TU/energy_home_usage_bedec3ba-fe35-f3ac-fbcd-36cccc9a9378.json
00:21:04,109 ExportSystem INFO Exporting site energy data for GRID...
00:21:04,109 ExportSystem DEBUG post power_service/v1/site/energy_analysis --> energy_grid_bedec3ba-fe35-f3ac-fbcd-36cccc9a9378.json
00:21:04,444 ExportSystem INFO Saved JSON to file SB2_AC_TU/energy_grid_bedec3ba-fe35-f3ac-fbcd-36cccc9a9378.json
00:21:04,445 ExportSystem INFO Exporting site energy data for solar_production PV1...
00:21:04,445 ExportSystem DEBUG post power_service/v1/site/energy_analysis --> energy_solar_production_pv1_bedec3ba-fe35-f3ac-fbcd-36cccc9a9378.json
00:21:04,783 ExportSystem INFO Saved JSON to file SB2_AC_TU/energy_solar_production_pv1_bedec3ba-fe35-f3ac-fbcd-36cccc9a9378.json
00:21:04,784 ExportSystem INFO Exporting site energy data for solar_production PV2...
00:21:04,784 ExportSystem DEBUG post power_service/v1/site/energy_analysis --> energy_solar_production_pv2_bedec3ba-fe35-f3ac-fbcd-36cccc9a9378.json
00:21:05,117 ExportSystem INFO Saved JSON to file SB2_AC_TU/energy_solar_production_pv2_bedec3ba-fe35-f3ac-fbcd-36cccc9a9378.json
00:21:05,118 ExportSystem INFO Exporting site energy data for solar_production PV3...
00:21:05,118 ExportSystem DEBUG post power_service/v1/site/energy_analysis --> energy_solar_production_pv3_bedec3ba-fe35-f3ac-fbcd-36cccc9a9378.json
00:21:05,456 ExportSystem INFO Saved JSON to file SB2_AC_TU/energy_solar_production_pv3_bedec3ba-fe35-f3ac-fbcd-36cccc9a9378.json
00:21:05,457 ExportSystem INFO Exporting site energy data for solar_production PV4...
00:21:05,457 ExportSystem DEBUG post power_service/v1/site/energy_analysis --> energy_solar_production_pv4_bedec3ba-fe35-f3ac-fbcd-36cccc9a9378.json
00:21:05,791 ExportSystem INFO Saved JSON to file SB2_AC_TU/energy_solar_production_pv4_bedec3ba-fe35-f3ac-fbcd-36cccc9a9378.json
00:21:05,791 ExportSystem INFO 
00:21:05,791 ExportSystem INFO Exporting device specific data for device Solarbank 2 E1600 AC SN UG206M25CRYHOSKA...
00:21:05,791 ExportSystem INFO Exporting solar info settings for solarbank...
00:21:05,792 ExportSystem DEBUG post power_service/v1/app/compatible/get_compatible_solar_info --> solar_info_UG206M25CRYHOSKA.json
00:21:06,122 ExportSystem INFO Saved JSON to file SB2_AC_TU/solar_info_UG206M25CRYHOSKA.json
00:21:06,123 ExportSystem INFO Exporting compatible process info for solarbank...
00:21:06,123 ExportSystem DEBUG post power_service/v1/app/compatible/get_compatible_process --> compatible_process_UG206M25CRYHOSKA.json
00:21:06,454 ExportSystem INFO Saved JSON to file SB2_AC_TU/compatible_process_UG206M25CRYHOSKA.json
00:21:06,455 ExportSystem INFO Exporting power cutoff settings...
00:21:06,455 ExportSystem DEBUG post power_service/v1/app/compatible/get_power_cutoff --> power_cutoff_UG206M25CRYHOSKA.json
00:21:06,792 ExportSystem INFO Saved JSON to file SB2_AC_TU/power_cutoff_UG206M25CRYHOSKA.json
00:21:06,793 ExportSystem INFO Exporting fittings...
00:21:06,794 ExportSystem DEBUG post power_service/v1/app/get_relate_device_fittings --> device_fittings_UG206M25CRYHOSKA.json
00:21:07,121 ExportSystem INFO Saved JSON to file SB2_AC_TU/device_fittings_UG206M25CRYHOSKA.json
00:21:07,122 ExportSystem INFO Exporting load...
00:21:07,122 ExportSystem DEBUG post power_service/v1/app/device/get_device_home_load --> device_load_UG206M25CRYHOSKA.json
00:21:07,454 ExportSystem ERROR Method: POST, Endpoint: power_service/v1/app/device/get_device_home_load, Payload: ('("{\'site_id\': \'<siteId>\', \'device_sn\': \'<deviceSn>\'}",)',)
<class 'api.errors.AnkerSolixError'>: (10004) Anker Api Error: Failed to request.
00:21:07,455 ExportSystem INFO Exporting upgrade record for device...
00:21:07,455 ExportSystem DEBUG post power_service/v1/app/get_upgrade_record --> upgrade_record_1_UG206M25CRYHOSKA.json
00:21:07,792 ExportSystem INFO Saved JSON to file SB2_AC_TU/upgrade_record_1_UG206M25CRYHOSKA.json
00:21:07,793 ExportSystem INFO Exporting device attributes...
00:21:07,793 ExportSystem DEBUG post power_service/v1/app/device/get_device_attrs --> device_attrs_UG206M25CRYHOSKA.json
00:21:08,115 ExportSystem INFO Saved JSON to file SB2_AC_TU/device_attrs_UG206M25CRYHOSKA.json
00:21:08,116 ExportSystem INFO 
00:21:08,116 ExportSystem INFO Exporting device specific data for device stromzaehler-01 SN XWZNFAX5WB8KK3I...
00:21:08,116 ExportSystem INFO Exporting power cutoff settings...
00:21:08,116 ExportSystem DEBUG post power_service/v1/app/compatible/get_power_cutoff --> power_cutoff_XWZNFAX5WB8KK3I.json
00:21:08,450 ExportSystem INFO Saved JSON to file SB2_AC_TU/power_cutoff_XWZNFAX5WB8KK3I.json
00:21:08,451 ExportSystem INFO Exporting fittings...
00:21:08,451 ExportSystem DEBUG post power_service/v1/app/get_relate_device_fittings --> device_fittings_XWZNFAX5WB8KK3I.json
00:21:08,779 ExportSystem INFO Saved JSON to file SB2_AC_TU/device_fittings_XWZNFAX5WB8KK3I.json
00:21:08,780 ExportSystem INFO Exporting load...
00:21:08,780 ExportSystem DEBUG post power_service/v1/app/device/get_device_home_load --> device_load_XWZNFAX5WB8KK3I.json
00:21:09,113 ExportSystem ERROR Method: POST, Endpoint: power_service/v1/app/device/get_device_home_load, Payload: ('("{\'site_id\': \'<siteId>\', \'device_sn\': \'<deviceSn>\'}",)',)
<class 'api.errors.AnkerSolixError'>: (10004) Anker Api Error: Failed to request.
00:21:09,114 ExportSystem INFO Exporting upgrade record for device...
00:21:09,114 ExportSystem DEBUG post power_service/v1/app/get_upgrade_record --> upgrade_record_1_XWZNFAX5WB8KK3I.json
00:21:09,447 ExportSystem INFO Saved JSON to file SB2_AC_TU/upgrade_record_1_XWZNFAX5WB8KK3I.json
00:21:09,448 ExportSystem INFO Exporting device attributes...
00:21:09,448 ExportSystem DEBUG post power_service/v1/app/device/get_device_attrs --> device_attrs_XWZNFAX5WB8KK3I.json
00:21:09,769 ExportSystem INFO Saved JSON to file SB2_AC_TU/device_attrs_XWZNFAX5WB8KK3I.json
00:21:09,770 ExportSystem INFO 
00:21:09,770 ExportSystem INFO Exporting device specific data for device Solarbank 2 E1600 Pro SN 94NYIMTJN2AQGQ7K...
00:21:09,770 ExportSystem INFO Exporting solar info settings for solarbank...
00:21:09,770 ExportSystem DEBUG post power_service/v1/app/compatible/get_compatible_solar_info --> solar_info_94NYIMTJN2AQGQ7K.json
00:21:10,96 ExportSystem INFO Saved JSON to file SB2_AC_TU/solar_info_94NYIMTJN2AQGQ7K.json
00:21:10,97 ExportSystem INFO Exporting compatible process info for solarbank...
00:21:10,97 ExportSystem DEBUG post power_service/v1/app/compatible/get_compatible_process --> compatible_process_94NYIMTJN2AQGQ7K.json
00:21:10,436 ExportSystem INFO Saved JSON to file SB2_AC_TU/compatible_process_94NYIMTJN2AQGQ7K.json
00:21:10,437 ExportSystem INFO Exporting power cutoff settings...
00:21:10,437 ExportSystem DEBUG post power_service/v1/app/compatible/get_power_cutoff --> power_cutoff_94NYIMTJN2AQGQ7K.json
00:21:10,437 ExportSystem WARNING Query requires account of site owner: power_service/v1/app/compatible/get_power_cutoff
00:21:10,437 ExportSystem INFO Exporting fittings...
00:21:10,438 ExportSystem DEBUG post power_service/v1/app/get_relate_device_fittings --> device_fittings_94NYIMTJN2AQGQ7K.json
00:21:10,438 ExportSystem WARNING Query requires account of site owner: power_service/v1/app/get_relate_device_fittings
00:21:10,438 ExportSystem INFO Exporting load...
00:21:10,438 ExportSystem DEBUG post power_service/v1/app/device/get_device_home_load --> device_load_94NYIMTJN2AQGQ7K.json
00:21:10,438 ExportSystem WARNING Query requires account of site owner: power_service/v1/app/device/get_device_home_load
00:21:10,438 ExportSystem INFO Exporting upgrade record for device...
00:21:10,439 ExportSystem DEBUG post power_service/v1/app/get_upgrade_record --> upgrade_record_1_94NYIMTJN2AQGQ7K.json
00:21:10,775 ExportSystem INFO Saved JSON to file SB2_AC_TU/upgrade_record_1_94NYIMTJN2AQGQ7K.json
00:21:10,776 ExportSystem INFO Exporting device attributes...
00:21:10,776 ExportSystem DEBUG post power_service/v1/app/device/get_device_attrs --> device_attrs_94NYIMTJN2AQGQ7K.json
00:21:11,98 ExportSystem INFO Saved JSON to file SB2_AC_TU/device_attrs_94NYIMTJN2AQGQ7K.json
00:21:11,98 ExportSystem INFO 
00:21:11,99 ExportSystem INFO Querying charging_energy_service endpoint data...
00:21:11,99 ExportSystem INFO Exporting Charging error info...
00:21:11,99 ExportSystem DEBUG post charging_energy_service/get_error_infos --> charging_error_info.json
00:21:11,419 ExportSystem WARNING charging_energy_service endpoint data queries may not be supported on used server: ("Api Request Error: 503, message='Service Temporarily Unavailable', url='https://ankerpower-api-eu.anker.com/charging_energy_service/get_error_infos'", 'response=<html>\r\n<head><title>503 Service Temporarily Unavailable</title></head>\r\n<body>\r\n<center><h1>503 Service Temporarily Unavailable</h1></center>\r\n<hr><center>openresty</center>\r\n<p><em>Powered by <a href="https://apisix.apache.org/">APISIX</a>.</em></p></body>\r\n</html>\r\n')
00:21:11,419 ExportSystem WARNING Skipping remaining charging_energy_service endpoint data queries.
00:21:11,420 ExportSystem INFO 
00:21:11,420 ExportSystem INFO Querying charging_hes_svc endpoint data...
00:21:11,421 ExportSystem INFO Exporting HES product info...
00:21:11,421 ExportSystem DEBUG post charging_hes_svc/get_device_product_info --> hes_product_info.json
00:21:11,752 ExportSystem INFO Saved JSON to file SB2_AC_TU/hes_product_info.json
00:21:11,753 ExportSystem INFO 
00:21:11,753 ExportSystem INFO Exporting HES specific data for site a283eb18-511c-f6e6-da9d-fecf81ea79ad...
00:21:11,753 ExportSystem INFO Exporting HES system running info...
00:21:11,753 ExportSystem DEBUG post charging_hes_svc/get_system_running_info --> hes_system_running_info_a283eb18-511c-f6e6-da9d-fecf81ea79ad.json
00:21:12,96 ExportSystem INFO Saved JSON to file SB2_AC_TU/hes_system_running_info_a283eb18-511c-f6e6-da9d-fecf81ea79ad.json
00:21:12,97 ExportSystem INFO No system for charging_hes_svc endpoint data found, skipping remaining site queries...
00:21:12,98 ExportSystem INFO 
00:21:12,98 ExportSystem INFO Exporting HES specific data for site bedec3ba-fe35-f3ac-fbcd-36cccc9a9378...
00:21:12,98 ExportSystem INFO Exporting HES system running info...
00:21:12,98 ExportSystem DEBUG post charging_hes_svc/get_system_running_info --> hes_system_running_info_bedec3ba-fe35-f3ac-fbcd-36cccc9a9378.json
00:21:12,437 ExportSystem INFO Saved JSON to file SB2_AC_TU/hes_system_running_info_bedec3ba-fe35-f3ac-fbcd-36cccc9a9378.json
00:21:12,437 ExportSystem INFO No system for charging_hes_svc endpoint data found, skipping remaining site queries...
00:21:12,438 ExportSystem INFO No system for charging_hes_svc endpoint data found, skipping remaining queries...
00:21:12,438 ExportSystem DEBUG Saved original testfolder.
00:21:12,464 ExportSystem INFO 
00:21:12,464 ExportSystem INFO Exporting Api sites cache from files...
00:21:12,465 ExportSystem DEBUG Api sites cache --> api_sites.json
00:21:12,466 ExportSystem INFO Saved JSON to file SB2_AC_TU/api_sites.json
00:21:12,466 ExportSystem INFO Exporting Api devices cache from files...
00:21:12,466 ExportSystem DEBUG Api devices cache --> api_devices.json
00:21:12,468 ExportSystem INFO Saved JSON to file SB2_AC_TU/api_devices.json
00:21:12,468 ExportSystem INFO 
00:21:12,469 ExportSystem INFO Exporting Api account cache...
00:21:12,469 ExportSystem DEBUG Api account cache --> api_account.json
00:21:12,470 ExportSystem INFO Saved JSON to file SB2_AC_TU/api_account.json
00:21:12,470 ExportSystem INFO Api Request stats: 93 last hour, 92 last minute
