21:59:30,368 ExportSystem INFO Using AnkerSolixApiExport Version: 3.3.0.1, Date: 2025-09-20, Export Services: set()
21:59:30,368 ExportSystem INFO 
21:59:30,368 ExportSystem INFO Querying common endpoint data...
21:59:30,369 ExportSystem INFO Querying site information...
21:59:31,194 ExportSystem INFO Querying bind devices information...
21:59:31,536 ExportSystem INFO Found 1 accessible systems (sites) and 4 devices.
21:59:31,536 ExportSystem INFO Exporting site list...
21:59:31,536 ExportSystem DEBUG post power_service/v1/site/get_site_list --> site_list.json
21:59:31,884 ExportSystem INFO Saved JSON to file SB3_Multisystem/site_list.json
21:59:31,885 ExportSystem INFO Exporting bind devices...
21:59:31,885 ExportSystem DEBUG post power_service/v1/app/get_relate_and_bind_devices --> bind_devices.json
21:59:32,232 ExportSystem INFO Saved JSON to file SB3_Multisystem/bind_devices.json
21:59:32,233 ExportSystem INFO Exporting OTA batch info for all devices...
21:59:32,233 ExportSystem DEBUG post app/ota/batch/check_update --> ota_batch.json
21:59:32,591 ExportSystem INFO Saved JSON to file SB3_Multisystem/ota_batch.json
21:59:32,591 ExportSystem INFO Exporting message unread status...
21:59:32,591 ExportSystem DEBUG get power_service/v1/get_message_unread --> message_unread.json
21:59:42,841 ExportSystem INFO Saved JSON to file SB3_Multisystem/message_unread.json
21:59:42,853 ExportSystem INFO Exporting currency list...
21:59:42,854 ExportSystem DEBUG post power_service/v1/currency/get_list --> currency_list.json
21:59:43,258 ExportSystem INFO Saved JSON to file SB3_Multisystem/currency_list.json
21:59:43,310 ExportSystem INFO Exporting supported sites, devices and accessories...
21:59:43,310 ExportSystem DEBUG post power_service/v1/site/get_site_rules --> list_site_rules.json
21:59:43,583 ExportSystem INFO Saved JSON to file SB3_Multisystem/list_site_rules.json
21:59:43,584 ExportSystem DEBUG get power_service/v1/product_categories --> list_products.json
21:59:54,855 ExportSystem INFO Saved JSON to file SB3_Multisystem/list_products.json
21:59:54,856 ExportSystem DEBUG get power_service/v1/product_accessories --> list_accessories.json
22:00:16,133 ExportSystem ERROR Api: o.i***, Method: GET, Endpoint: power_service/v1/product_accessories, Payload: {}
<class 'aiohttp.client_exceptions.ClientError'>: Api Request Error: , response=Timeout Error
22:00:16,133 ExportSystem DEBUG post power_service/v1/app/third/platform/list --> list_third_platforms.json
22:00:16,206 ExportSystem INFO Saved JSON to file SB3_Multisystem/list_third_platforms.json
22:00:16,206 ExportSystem INFO Get dynamic price sites for user account...
22:00:16,206 ExportSystem DEBUG post power_service/v1/dynamic_price/check_available --> dynamic_price_sites.json
22:00:16,533 ExportSystem INFO Saved JSON to file SB3_Multisystem/dynamic_price_sites.json
22:00:16,533 ExportSystem INFO Exporting dynamic price providers for model 'A17C5'...
22:00:16,533 ExportSystem DEBUG post power_service/v1/dynamic_price/support_option --> dynamic_price_providers_A17C5.json
22:00:16,861 ExportSystem INFO Saved JSON to file SB3_Multisystem/dynamic_price_providers_A17C5.json
22:00:16,862 ExportSystem INFO Exporting dynamic price details for DE/Nordpool/GER...
22:00:16,863 ExportSystem DEBUG post power_service/v1/dynamic_price/price_detail --> dynamic_price_details_DE_Nordpool_GER.json
22:00:17,191 ExportSystem INFO Saved JSON to file SB3_Multisystem/dynamic_price_details_DE_Nordpool_GER.json
22:00:17,192 ExportSystem INFO Get user vehicle list...
22:00:17,192 ExportSystem DEBUG post power_service/v1/app/vehicle/get_vehicle_list --> user_vehicles.json
22:00:17,513 ExportSystem INFO Saved JSON to file SB3_Multisystem/user_vehicles.json
22:00:17,514 ExportSystem INFO Get details for vehicle IDs...
22:00:17,515 ExportSystem INFO Get EV brands and attributes of vehicle model(s)...
22:00:17,515 ExportSystem DEBUG post power_service/v1/app/get_brand_list --> vehicle_brands.json
22:00:17,841 ExportSystem INFO Saved JSON to file SB3_Multisystem/vehicle_brands.json
22:00:17,843 ExportSystem DEBUG post power_service/v1/app/get_models --> vehicle_brand_models_Porsche.json
22:00:18,170 ExportSystem INFO Saved JSON to file SB3_Multisystem/vehicle_brand_models_Porsche.json
22:00:18,171 ExportSystem DEBUG post power_service/v1/app/get_model_years --> vehicle_model_years_Porsche_Taycan_Turbo.json
22:00:18,496 ExportSystem INFO Saved JSON to file SB3_Multisystem/vehicle_model_years_Porsche_Taycan_Turbo.json
22:00:18,497 ExportSystem DEBUG post power_service/v1/app/get_model_list --> vehicle_year_attributes_Porsche_Taycan_Turbo_2025.json
22:00:18,821 ExportSystem INFO Saved JSON to file SB3_Multisystem/vehicle_year_attributes_Porsche_Taycan_Turbo_2025.json
22:00:18,823 ExportSystem INFO Exporting OCPP endpoints...
22:00:18,823 ExportSystem DEBUG post power_service/v1/app/get_ocpp_endpoint_list --> ocpp_endpoint_list.json
22:00:19,147 ExportSystem INFO Saved JSON to file SB3_Multisystem/ocpp_endpoint_list.json
22:00:19,148 ExportSystem INFO Exporting scene info...
22:00:19,148 ExportSystem DEBUG post power_service/v1/site/get_scen_info --> scene_ecf1f7a8-561e-4ac4-6eb6-08dd05ceabe8.json
22:00:19,527 ExportSystem INFO Saved JSON to file SB3_Multisystem/scene_ecf1f7a8-561e-4ac4-6eb6-08dd05ceabe8.json
22:00:19,528 ExportSystem INFO Exporting CO2 ranking...
22:00:19,528 ExportSystem DEBUG post power_service/v1/site/co2_ranking --> co2_ranking_ecf1f7a8-561e-4ac4-6eb6-08dd05ceabe8.json
22:00:19,851 ExportSystem INFO Saved JSON to file SB3_Multisystem/co2_ranking_ecf1f7a8-561e-4ac4-6eb6-08dd05ceabe8.json
22:00:19,852 ExportSystem INFO 
22:00:19,852 ExportSystem INFO Querying power_service endpoint data...
22:00:19,853 ExportSystem INFO 
22:00:19,853 ExportSystem INFO Exporting homepage...
22:00:19,853 ExportSystem DEBUG post power_service/v1/site/get_site_homepage --> homepage.json
22:00:20,187 ExportSystem INFO Saved JSON to file SB3_Multisystem/homepage.json
22:00:20,189 ExportSystem INFO Exporting user devices...
22:00:20,189 ExportSystem DEBUG post power_service/v1/site/list_user_devices --> user_devices.json
22:00:20,533 ExportSystem INFO Saved JSON to file SB3_Multisystem/user_devices.json
22:00:20,534 ExportSystem INFO Exporting charging devices...
22:00:20,534 ExportSystem DEBUG post power_service/v1/site/get_charging_device --> charging_devices.json
22:00:20,858 ExportSystem INFO Saved JSON to file SB3_Multisystem/charging_devices.json
22:00:20,859 ExportSystem INFO Exporting auto upgrade settings...
22:00:20,859 ExportSystem DEBUG post power_service/v1/app/get_auto_upgrade --> auto_upgrade.json
22:00:21,195 ExportSystem INFO Saved JSON to file SB3_Multisystem/auto_upgrade.json
22:00:21,196 ExportSystem INFO Exporting config...
22:00:21,196 ExportSystem DEBUG post power_service/v1/app/get_config --> config.json
22:00:21,517 ExportSystem INFO Saved JSON to file SB3_Multisystem/config.json
22:00:21,518 ExportSystem INFO Get token for user account...
22:00:21,518 ExportSystem DEBUG post power_service/v1/app/get_token_by_userid --> get_token.json
22:00:21,843 ExportSystem INFO Saved JSON to file SB3_Multisystem/get_token.json
22:00:21,844 ExportSystem INFO Get Shelly status with token...
22:00:21,844 ExportSystem DEBUG post power_service/v1/app/get_user_op_shelly_status --> shelly_status.json
22:00:22,164 ExportSystem INFO Saved JSON to file SB3_Multisystem/shelly_status.json
22:00:22,165 ExportSystem INFO 
22:00:22,165 ExportSystem INFO Exporting site specific data for site ecf1f7a8-561e-4ac4-6eb6-08dd05ceabe8...
22:00:22,165 ExportSystem INFO Exporting site detail...
22:00:22,165 ExportSystem DEBUG post power_service/v1/site/get_site_detail --> site_detail_ecf1f7a8-561e-4ac4-6eb6-08dd05ceabe8.json
22:00:22,505 ExportSystem INFO Saved JSON to file SB3_Multisystem/site_detail_ecf1f7a8-561e-4ac4-6eb6-08dd05ceabe8.json
22:00:22,507 ExportSystem INFO Exporting wifi list...
22:00:22,507 ExportSystem DEBUG post power_service/v1/site/get_wifi_info_list --> wifi_list_ecf1f7a8-561e-4ac4-6eb6-08dd05ceabe8.json
22:00:22,839 ExportSystem INFO Saved JSON to file SB3_Multisystem/wifi_list_ecf1f7a8-561e-4ac4-6eb6-08dd05ceabe8.json
22:00:22,840 ExportSystem INFO Exporting installation...
22:00:22,840 ExportSystem DEBUG post power_service/v1/app/compatible/get_installation --> installation_ecf1f7a8-561e-4ac4-6eb6-08dd05ceabe8.json
22:00:23,164 ExportSystem INFO Saved JSON to file SB3_Multisystem/installation_ecf1f7a8-561e-4ac4-6eb6-08dd05ceabe8.json
22:00:23,165 ExportSystem INFO Exporting site power limit...
22:00:23,165 ExportSystem DEBUG post power_service/v1/site/get_power_limit --> power_limit_ecf1f7a8-561e-4ac4-6eb6-08dd05ceabe8.json
22:00:23,507 ExportSystem INFO Saved JSON to file SB3_Multisystem/power_limit_ecf1f7a8-561e-4ac4-6eb6-08dd05ceabe8.json
22:00:23,507 ExportSystem INFO Exporting site price...
22:00:23,507 ExportSystem DEBUG post power_service/v1/site/get_site_price --> price_ecf1f7a8-561e-4ac4-6eb6-08dd05ceabe8.json
22:00:23,843 ExportSystem INFO Saved JSON to file SB3_Multisystem/price_ecf1f7a8-561e-4ac4-6eb6-08dd05ceabe8.json
22:00:23,844 ExportSystem INFO Exporting site forecast schedule...
22:00:23,845 ExportSystem DEBUG post power_service/v1/site/get_schedule --> forecast_schedule_ecf1f7a8-561e-4ac4-6eb6-08dd05ceabe8.json
22:00:24,166 ExportSystem INFO Saved JSON to file SB3_Multisystem/forecast_schedule_ecf1f7a8-561e-4ac4-6eb6-08dd05ceabe8.json
22:00:24,166 ExportSystem INFO Exporting AI EMS status...
22:00:24,167 ExportSystem DEBUG post power_service/v1/ai_ems/get_status --> ai_ems_status_ecf1f7a8-561e-4ac4-6eb6-08dd05ceabe8.json
22:00:24,491 ExportSystem INFO Saved JSON to file SB3_Multisystem/ai_ems_status_ecf1f7a8-561e-4ac4-6eb6-08dd05ceabe8.json
22:00:24,492 ExportSystem INFO Exporting device parameter type 1 settings...
22:00:24,492 ExportSystem DEBUG post power_service/v1/site/get_site_device_param --> device_parm_1_ecf1f7a8-561e-4ac4-6eb6-08dd05ceabe8.json
22:00:24,817 ExportSystem INFO Saved JSON to file SB3_Multisystem/device_parm_1_ecf1f7a8-561e-4ac4-6eb6-08dd05ceabe8.json
22:00:24,819 ExportSystem INFO Exporting device parameter type 2 settings...
22:00:24,819 ExportSystem DEBUG post power_service/v1/site/get_site_device_param --> device_parm_2_ecf1f7a8-561e-4ac4-6eb6-08dd05ceabe8.json
22:00:25,143 ExportSystem INFO Saved JSON to file SB3_Multisystem/device_parm_2_ecf1f7a8-561e-4ac4-6eb6-08dd05ceabe8.json
22:00:25,144 ExportSystem INFO Exporting device parameter type 3 settings...
22:00:25,145 ExportSystem DEBUG post power_service/v1/site/get_site_device_param --> device_parm_3_ecf1f7a8-561e-4ac4-6eb6-08dd05ceabe8.json
22:00:25,469 ExportSystem INFO Saved JSON to file SB3_Multisystem/device_parm_3_ecf1f7a8-561e-4ac4-6eb6-08dd05ceabe8.json
22:00:25,470 ExportSystem INFO Exporting device parameter type 4 settings...
22:00:25,470 ExportSystem DEBUG post power_service/v1/site/get_site_device_param --> device_parm_4_ecf1f7a8-561e-4ac4-6eb6-08dd05ceabe8.json
22:00:25,793 ExportSystem ERROR Api: o.i***, Method: POST, Endpoint: power_service/v1/site/get_site_device_param, Payload: ("{'site_id': '<siteId>', 'param_type': '4'}",)
<class 'api.errors.ItemNotFoundError'>: (10004) Anker Api Error: Failed to request.
22:00:25,794 ExportSystem INFO Exporting device parameter type 5 settings...
22:00:25,794 ExportSystem DEBUG post power_service/v1/site/get_site_device_param --> device_parm_5_ecf1f7a8-561e-4ac4-6eb6-08dd05ceabe8.json
22:00:26,120 ExportSystem INFO Saved JSON to file SB3_Multisystem/device_parm_5_ecf1f7a8-561e-4ac4-6eb6-08dd05ceabe8.json
22:00:26,122 ExportSystem INFO Exporting device parameter type 6 settings...
22:00:26,122 ExportSystem DEBUG post power_service/v1/site/get_site_device_param --> device_parm_6_ecf1f7a8-561e-4ac4-6eb6-08dd05ceabe8.json
22:00:26,457 ExportSystem INFO Saved JSON to file SB3_Multisystem/device_parm_6_ecf1f7a8-561e-4ac4-6eb6-08dd05ceabe8.json
22:00:26,457 ExportSystem INFO Exporting device parameter type 7 settings...
22:00:26,458 ExportSystem DEBUG post power_service/v1/site/get_site_device_param --> device_parm_7_ecf1f7a8-561e-4ac4-6eb6-08dd05ceabe8.json
22:00:26,783 ExportSystem INFO Saved JSON to file SB3_Multisystem/device_parm_7_ecf1f7a8-561e-4ac4-6eb6-08dd05ceabe8.json
22:00:26,784 ExportSystem INFO Exporting device parameter type 12 settings...
22:00:26,785 ExportSystem DEBUG post power_service/v1/site/get_site_device_param --> device_parm_12_ecf1f7a8-561e-4ac4-6eb6-08dd05ceabe8.json
22:00:27,123 ExportSystem INFO Saved JSON to file SB3_Multisystem/device_parm_12_ecf1f7a8-561e-4ac4-6eb6-08dd05ceabe8.json
22:00:27,124 ExportSystem INFO Exporting device parameter type 13 settings...
22:00:27,124 ExportSystem DEBUG post power_service/v1/site/get_site_device_param --> device_parm_13_ecf1f7a8-561e-4ac4-6eb6-08dd05ceabe8.json
22:00:27,447 ExportSystem INFO Saved JSON to file SB3_Multisystem/device_parm_13_ecf1f7a8-561e-4ac4-6eb6-08dd05ceabe8.json
22:00:27,448 ExportSystem INFO Exporting device parameter type 16 settings...
22:00:27,448 ExportSystem DEBUG post power_service/v1/site/get_site_device_param --> device_parm_16_ecf1f7a8-561e-4ac4-6eb6-08dd05ceabe8.json
22:00:27,770 ExportSystem INFO Saved JSON to file SB3_Multisystem/device_parm_16_ecf1f7a8-561e-4ac4-6eb6-08dd05ceabe8.json
22:00:27,770 ExportSystem INFO Exporting device parameter type 18 settings...
22:00:27,771 ExportSystem DEBUG post power_service/v1/site/get_site_device_param --> device_parm_18_ecf1f7a8-561e-4ac4-6eb6-08dd05ceabe8.json
22:00:28,126 ExportSystem INFO Saved JSON to file SB3_Multisystem/device_parm_18_ecf1f7a8-561e-4ac4-6eb6-08dd05ceabe8.json
22:00:28,127 ExportSystem INFO Exporting device parameter type 20 settings...
22:00:28,127 ExportSystem DEBUG post power_service/v1/site/get_site_device_param --> device_parm_20_ecf1f7a8-561e-4ac4-6eb6-08dd05ceabe8.json
22:00:28,452 ExportSystem INFO Saved JSON to file SB3_Multisystem/device_parm_20_ecf1f7a8-561e-4ac4-6eb6-08dd05ceabe8.json
22:00:28,453 ExportSystem INFO Exporting site energy data for SOLARBANK...
22:00:28,454 ExportSystem DEBUG post power_service/v1/site/energy_analysis --> energy_solarbank_ecf1f7a8-561e-4ac4-6eb6-08dd05ceabe8.json
22:00:28,785 ExportSystem INFO Saved JSON to file SB3_Multisystem/energy_solarbank_ecf1f7a8-561e-4ac4-6eb6-08dd05ceabe8.json
22:00:28,786 ExportSystem DEBUG post power_service/v1/site/energy_analysis --> energy_solarbank_today_ecf1f7a8-561e-4ac4-6eb6-08dd05ceabe8.json
22:00:29,308 ExportSystem INFO Saved JSON to file SB3_Multisystem/energy_solarbank_today_ecf1f7a8-561e-4ac4-6eb6-08dd05ceabe8.json
22:00:29,309 ExportSystem INFO Exporting site energy data for SOLAR_PRODUCTION...
22:00:29,309 ExportSystem DEBUG post power_service/v1/site/energy_analysis --> energy_solar_production_ecf1f7a8-561e-4ac4-6eb6-08dd05ceabe8.json
22:00:29,645 ExportSystem INFO Saved JSON to file SB3_Multisystem/energy_solar_production_ecf1f7a8-561e-4ac4-6eb6-08dd05ceabe8.json
22:00:29,645 ExportSystem DEBUG post power_service/v1/site/energy_analysis --> energy_solar_production_today_ecf1f7a8-561e-4ac4-6eb6-08dd05ceabe8.json
22:00:30,180 ExportSystem INFO Saved JSON to file SB3_Multisystem/energy_solar_production_today_ecf1f7a8-561e-4ac4-6eb6-08dd05ceabe8.json
22:00:30,180 ExportSystem INFO Exporting site energy data for HOME_USAGE...
22:00:30,180 ExportSystem DEBUG post power_service/v1/site/energy_analysis --> energy_home_usage_ecf1f7a8-561e-4ac4-6eb6-08dd05ceabe8.json
22:00:30,512 ExportSystem INFO Saved JSON to file SB3_Multisystem/energy_home_usage_ecf1f7a8-561e-4ac4-6eb6-08dd05ceabe8.json
22:00:30,513 ExportSystem DEBUG post power_service/v1/site/energy_analysis --> energy_home_usage_today_ecf1f7a8-561e-4ac4-6eb6-08dd05ceabe8.json
22:00:31,32 ExportSystem INFO Saved JSON to file SB3_Multisystem/energy_home_usage_today_ecf1f7a8-561e-4ac4-6eb6-08dd05ceabe8.json
22:00:31,33 ExportSystem INFO Exporting site energy data for GRID...
22:00:31,33 ExportSystem DEBUG post power_service/v1/site/energy_analysis --> energy_grid_ecf1f7a8-561e-4ac4-6eb6-08dd05ceabe8.json
22:00:31,366 ExportSystem INFO Saved JSON to file SB3_Multisystem/energy_grid_ecf1f7a8-561e-4ac4-6eb6-08dd05ceabe8.json
22:00:31,366 ExportSystem DEBUG post power_service/v1/site/energy_analysis --> energy_grid_today_ecf1f7a8-561e-4ac4-6eb6-08dd05ceabe8.json
22:00:31,874 ExportSystem INFO Saved JSON to file SB3_Multisystem/energy_grid_today_ecf1f7a8-561e-4ac4-6eb6-08dd05ceabe8.json
22:00:31,874 ExportSystem INFO Exporting site energy data for solar production channel PV1...
22:00:31,875 ExportSystem DEBUG post power_service/v1/site/energy_analysis --> energy_solar_production_pv1_ecf1f7a8-561e-4ac4-6eb6-08dd05ceabe8.json
22:00:32,201 ExportSystem INFO Saved JSON to file SB3_Multisystem/energy_solar_production_pv1_ecf1f7a8-561e-4ac4-6eb6-08dd05ceabe8.json
22:00:32,202 ExportSystem INFO Exporting site energy data for solar production channel PV2...
22:00:32,202 ExportSystem DEBUG post power_service/v1/site/energy_analysis --> energy_solar_production_pv2_ecf1f7a8-561e-4ac4-6eb6-08dd05ceabe8.json
22:00:32,535 ExportSystem INFO Saved JSON to file SB3_Multisystem/energy_solar_production_pv2_ecf1f7a8-561e-4ac4-6eb6-08dd05ceabe8.json
22:00:32,536 ExportSystem INFO Exporting site energy data for solar production channel PV3...
22:00:32,536 ExportSystem DEBUG post power_service/v1/site/energy_analysis --> energy_solar_production_pv3_ecf1f7a8-561e-4ac4-6eb6-08dd05ceabe8.json
22:00:32,867 ExportSystem INFO Saved JSON to file SB3_Multisystem/energy_solar_production_pv3_ecf1f7a8-561e-4ac4-6eb6-08dd05ceabe8.json
22:00:32,868 ExportSystem INFO Exporting site energy data for solar production channel PV4...
22:00:32,868 ExportSystem DEBUG post power_service/v1/site/energy_analysis --> energy_solar_production_pv4_ecf1f7a8-561e-4ac4-6eb6-08dd05ceabe8.json
22:00:33,200 ExportSystem INFO Saved JSON to file SB3_Multisystem/energy_solar_production_pv4_ecf1f7a8-561e-4ac4-6eb6-08dd05ceabe8.json
22:00:33,201 ExportSystem INFO Exporting site energy data for solar production channel MICROINVERTER...
22:00:33,201 ExportSystem DEBUG post power_service/v1/site/energy_analysis --> energy_solar_production_microinverter_ecf1f7a8-561e-4ac4-6eb6-08dd05ceabe8.json
22:00:33,530 ExportSystem INFO Saved JSON to file SB3_Multisystem/energy_solar_production_microinverter_ecf1f7a8-561e-4ac4-6eb6-08dd05ceabe8.json
22:00:33,531 ExportSystem INFO 
22:00:33,531 ExportSystem INFO Exporting device specific data for device Solarbank 3 E2700 Pro SN I6AXLY54I37ZW5MZ7...
22:00:33,531 ExportSystem INFO Exporting solar info settings for solarbank...
22:00:33,531 ExportSystem DEBUG post power_service/v1/app/compatible/get_compatible_solar_info --> solar_info_I6AXLY54I37ZW5MZ7.json
22:00:33,857 ExportSystem INFO Saved JSON to file SB3_Multisystem/solar_info_I6AXLY54I37ZW5MZ7.json
22:00:33,859 ExportSystem INFO Exporting compatible process info for solarbank...
22:00:33,859 ExportSystem DEBUG post power_service/v1/app/compatible/get_compatible_process --> compatible_process_I6AXLY54I37ZW5MZ7.json
22:00:34,181 ExportSystem INFO Saved JSON to file SB3_Multisystem/compatible_process_I6AXLY54I37ZW5MZ7.json
22:00:34,182 ExportSystem INFO Exporting device income for solarbank...
22:00:34,183 ExportSystem DEBUG post power_service/v1/app/device/get_device_income --> device_income_I6AXLY54I37ZW5MZ7.json
22:00:34,507 ExportSystem INFO Saved JSON to file SB3_Multisystem/device_income_I6AXLY54I37ZW5MZ7.json
22:00:34,508 ExportSystem INFO Exporting power cutoff settings...
22:00:34,508 ExportSystem DEBUG post power_service/v1/app/compatible/get_power_cutoff --> power_cutoff_I6AXLY54I37ZW5MZ7.json
22:00:34,845 ExportSystem INFO Saved JSON to file SB3_Multisystem/power_cutoff_I6AXLY54I37ZW5MZ7.json
22:00:34,845 ExportSystem INFO Exporting fittings...
22:00:34,845 ExportSystem DEBUG post power_service/v1/app/get_relate_device_fittings --> device_fittings_I6AXLY54I37ZW5MZ7.json
22:00:35,173 ExportSystem INFO Saved JSON to file SB3_Multisystem/device_fittings_I6AXLY54I37ZW5MZ7.json
22:00:35,173 ExportSystem INFO Exporting load...
22:00:35,174 ExportSystem DEBUG post power_service/v1/app/device/get_device_home_load --> device_load_I6AXLY54I37ZW5MZ7.json
22:00:35,506 ExportSystem ERROR Api: o.i***, Method: POST, Endpoint: power_service/v1/app/device/get_device_home_load, Payload: ('("{\'site_id\': \'<siteId>\', \'device_sn\': \'<deviceSn>\'}",)',)
<class 'api.errors.ItemNotFoundError'>: (10004) Anker Api Error: Failed to request.
22:00:35,506 ExportSystem INFO Exporting upgrade record for device...
22:00:35,506 ExportSystem DEBUG post power_service/v1/app/get_upgrade_record --> upgrade_record_1_I6AXLY54I37ZW5MZ7.json
22:00:35,840 ExportSystem INFO Saved JSON to file SB3_Multisystem/upgrade_record_1_I6AXLY54I37ZW5MZ7.json
22:00:35,841 ExportSystem INFO Exporting device attributes...
22:00:35,841 ExportSystem DEBUG post power_service/v1/app/device/get_device_attrs --> device_attrs_I6AXLY54I37ZW5MZ7.json
22:00:36,178 ExportSystem INFO Saved JSON to file SB3_Multisystem/device_attrs_I6AXLY54I37ZW5MZ7.json
22:00:36,179 ExportSystem INFO Exporting device tamper records...
22:00:36,179 ExportSystem DEBUG post power_service/v1/device/get_tamper_records --> tamper_records_I6AXLY54I37ZW5MZ7.json
22:00:36,501 ExportSystem INFO Saved JSON to file SB3_Multisystem/tamper_records_I6AXLY54I37ZW5MZ7.json
22:00:36,502 ExportSystem INFO Exporting device group...
22:00:36,503 ExportSystem DEBUG post power_service/v1/app/group/get_group_devices --> device_group_I6AXLY54I37ZW5MZ7.json
22:00:36,828 ExportSystem INFO Saved JSON to file SB3_Multisystem/device_group_I6AXLY54I37ZW5MZ7.json
22:00:36,828 ExportSystem INFO 
22:00:36,828 ExportSystem INFO Exporting device specific data for device Solarbank 3 E2700 Pro SN LRAV70KWMEE3C0UZI...
22:00:36,829 ExportSystem INFO Exporting solar info settings for solarbank...
22:00:36,829 ExportSystem DEBUG post power_service/v1/app/compatible/get_compatible_solar_info --> solar_info_LRAV70KWMEE3C0UZI.json
22:00:37,159 ExportSystem INFO Saved JSON to file SB3_Multisystem/solar_info_LRAV70KWMEE3C0UZI.json
22:00:37,159 ExportSystem INFO Exporting compatible process info for solarbank...
22:00:37,159 ExportSystem DEBUG post power_service/v1/app/compatible/get_compatible_process --> compatible_process_LRAV70KWMEE3C0UZI.json
22:00:37,483 ExportSystem INFO Saved JSON to file SB3_Multisystem/compatible_process_LRAV70KWMEE3C0UZI.json
22:00:37,483 ExportSystem INFO Exporting device income for solarbank...
22:00:37,483 ExportSystem DEBUG post power_service/v1/app/device/get_device_income --> device_income_LRAV70KWMEE3C0UZI.json
22:00:37,807 ExportSystem INFO Saved JSON to file SB3_Multisystem/device_income_LRAV70KWMEE3C0UZI.json
22:00:37,808 ExportSystem INFO Exporting power cutoff settings...
22:00:37,808 ExportSystem DEBUG post power_service/v1/app/compatible/get_power_cutoff --> power_cutoff_LRAV70KWMEE3C0UZI.json
22:00:38,143 ExportSystem INFO Saved JSON to file SB3_Multisystem/power_cutoff_LRAV70KWMEE3C0UZI.json
22:00:38,144 ExportSystem INFO Exporting fittings...
22:00:38,144 ExportSystem DEBUG post power_service/v1/app/get_relate_device_fittings --> device_fittings_LRAV70KWMEE3C0UZI.json
22:00:38,470 ExportSystem INFO Saved JSON to file SB3_Multisystem/device_fittings_LRAV70KWMEE3C0UZI.json
22:00:38,471 ExportSystem INFO Exporting load...
22:00:38,471 ExportSystem DEBUG post power_service/v1/app/device/get_device_home_load --> device_load_LRAV70KWMEE3C0UZI.json
22:00:38,796 ExportSystem ERROR Api: o.i***, Method: POST, Endpoint: power_service/v1/app/device/get_device_home_load, Payload: ('("{\'site_id\': \'<siteId>\', \'device_sn\': \'<deviceSn>\'}",)',)
<class 'api.errors.ItemNotFoundError'>: (10004) Anker Api Error: Failed to request.
22:00:38,796 ExportSystem INFO Exporting upgrade record for device...
22:00:38,796 ExportSystem DEBUG post power_service/v1/app/get_upgrade_record --> upgrade_record_1_LRAV70KWMEE3C0UZI.json
22:00:39,129 ExportSystem INFO Saved JSON to file SB3_Multisystem/upgrade_record_1_LRAV70KWMEE3C0UZI.json
22:00:39,130 ExportSystem INFO Exporting device attributes...
22:00:39,130 ExportSystem DEBUG post power_service/v1/app/device/get_device_attrs --> device_attrs_LRAV70KWMEE3C0UZI.json
22:00:39,471 ExportSystem INFO Saved JSON to file SB3_Multisystem/device_attrs_LRAV70KWMEE3C0UZI.json
22:00:39,473 ExportSystem INFO Exporting device tamper records...
22:00:39,473 ExportSystem DEBUG post power_service/v1/device/get_tamper_records --> tamper_records_LRAV70KWMEE3C0UZI.json
22:00:39,798 ExportSystem INFO Saved JSON to file SB3_Multisystem/tamper_records_LRAV70KWMEE3C0UZI.json
22:00:39,798 ExportSystem INFO Exporting device group...
22:00:39,799 ExportSystem DEBUG post power_service/v1/app/group/get_group_devices --> device_group_LRAV70KWMEE3C0UZI.json
22:00:40,124 ExportSystem INFO Saved JSON to file SB3_Multisystem/device_group_LRAV70KWMEE3C0UZI.json
22:00:40,125 ExportSystem INFO 
22:00:40,125 ExportSystem INFO Exporting device specific data for device Solarbank 3 E2700 Pro SN 37H3JFKJJKPR1ATZL...
22:00:40,126 ExportSystem INFO Exporting solar info settings for solarbank...
22:00:40,126 ExportSystem DEBUG post power_service/v1/app/compatible/get_compatible_solar_info --> solar_info_37H3JFKJJKPR1ATZL.json
22:00:40,450 ExportSystem INFO Saved JSON to file SB3_Multisystem/solar_info_37H3JFKJJKPR1ATZL.json
22:00:40,451 ExportSystem INFO Exporting compatible process info for solarbank...
22:00:40,452 ExportSystem DEBUG post power_service/v1/app/compatible/get_compatible_process --> compatible_process_37H3JFKJJKPR1ATZL.json
22:00:40,776 ExportSystem INFO Saved JSON to file SB3_Multisystem/compatible_process_37H3JFKJJKPR1ATZL.json
22:00:40,777 ExportSystem INFO Exporting device income for solarbank...
22:00:40,777 ExportSystem DEBUG post power_service/v1/app/device/get_device_income --> device_income_37H3JFKJJKPR1ATZL.json
22:00:41,103 ExportSystem INFO Saved JSON to file SB3_Multisystem/device_income_37H3JFKJJKPR1ATZL.json
22:00:41,104 ExportSystem INFO Exporting power cutoff settings...
22:00:41,104 ExportSystem DEBUG post power_service/v1/app/compatible/get_power_cutoff --> power_cutoff_37H3JFKJJKPR1ATZL.json
22:00:41,444 ExportSystem INFO Saved JSON to file SB3_Multisystem/power_cutoff_37H3JFKJJKPR1ATZL.json
22:00:41,445 ExportSystem INFO Exporting fittings...
22:00:41,445 ExportSystem DEBUG post power_service/v1/app/get_relate_device_fittings --> device_fittings_37H3JFKJJKPR1ATZL.json
22:00:41,763 ExportSystem INFO Saved JSON to file SB3_Multisystem/device_fittings_37H3JFKJJKPR1ATZL.json
22:00:41,764 ExportSystem INFO Exporting load...
22:00:41,765 ExportSystem DEBUG post power_service/v1/app/device/get_device_home_load --> device_load_37H3JFKJJKPR1ATZL.json
22:00:42,91 ExportSystem ERROR Api: o.i***, Method: POST, Endpoint: power_service/v1/app/device/get_device_home_load, Payload: ('("{\'site_id\': \'<siteId>\', \'device_sn\': \'<deviceSn>\'}",)',)
<class 'api.errors.ItemNotFoundError'>: (10004) Anker Api Error: Failed to request.
22:00:42,92 ExportSystem INFO Exporting upgrade record for device...
22:00:42,92 ExportSystem DEBUG post power_service/v1/app/get_upgrade_record --> upgrade_record_1_37H3JFKJJKPR1ATZL.json
22:00:42,429 ExportSystem INFO Saved JSON to file SB3_Multisystem/upgrade_record_1_37H3JFKJJKPR1ATZL.json
22:00:42,430 ExportSystem INFO Exporting device attributes...
22:00:42,430 ExportSystem DEBUG post power_service/v1/app/device/get_device_attrs --> device_attrs_37H3JFKJJKPR1ATZL.json
22:00:42,766 ExportSystem INFO Saved JSON to file SB3_Multisystem/device_attrs_37H3JFKJJKPR1ATZL.json
22:00:42,767 ExportSystem INFO Exporting device tamper records...
22:00:42,767 ExportSystem DEBUG post power_service/v1/device/get_tamper_records --> tamper_records_37H3JFKJJKPR1ATZL.json
22:00:43,93 ExportSystem INFO Saved JSON to file SB3_Multisystem/tamper_records_37H3JFKJJKPR1ATZL.json
22:00:43,94 ExportSystem INFO Exporting device group...
22:00:43,94 ExportSystem DEBUG post power_service/v1/app/group/get_group_devices --> device_group_37H3JFKJJKPR1ATZL.json
22:00:42,864 ExportSystem INFO Saved JSON to file SB3_Multisystem/device_group_37H3JFKJJKPR1ATZL.json
22:00:42,864 ExportSystem INFO 
22:00:42,865 ExportSystem INFO Exporting device specific data for device Smart Meter SN IUEFQSXVCTWNXERN...
22:00:42,865 ExportSystem INFO Exporting power cutoff settings...
22:00:42,865 ExportSystem DEBUG post power_service/v1/app/compatible/get_power_cutoff --> power_cutoff_IUEFQSXVCTWNXERN.json
22:00:43,198 ExportSystem INFO Saved JSON to file SB3_Multisystem/power_cutoff_IUEFQSXVCTWNXERN.json
22:00:43,199 ExportSystem INFO Exporting fittings...
22:00:43,199 ExportSystem DEBUG post power_service/v1/app/get_relate_device_fittings --> device_fittings_IUEFQSXVCTWNXERN.json
22:00:43,528 ExportSystem INFO Saved JSON to file SB3_Multisystem/device_fittings_IUEFQSXVCTWNXERN.json
22:00:43,528 ExportSystem INFO Exporting load...
22:00:43,528 ExportSystem DEBUG post power_service/v1/app/device/get_device_home_load --> device_load_IUEFQSXVCTWNXERN.json
22:00:43,858 ExportSystem ERROR Api: o.i***, Method: POST, Endpoint: power_service/v1/app/device/get_device_home_load, Payload: ('("{\'site_id\': \'<siteId>\', \'device_sn\': \'<deviceSn>\'}",)',)
<class 'api.errors.ItemNotFoundError'>: (10004) Anker Api Error: Failed to request.
22:00:43,858 ExportSystem INFO Exporting upgrade record for device...
22:00:43,858 ExportSystem DEBUG post power_service/v1/app/get_upgrade_record --> upgrade_record_1_IUEFQSXVCTWNXERN.json
22:00:44,196 ExportSystem INFO Saved JSON to file SB3_Multisystem/upgrade_record_1_IUEFQSXVCTWNXERN.json
22:00:44,197 ExportSystem INFO Exporting device attributes...
22:00:44,197 ExportSystem DEBUG post power_service/v1/app/device/get_device_attrs --> device_attrs_IUEFQSXVCTWNXERN.json
22:00:44,538 ExportSystem INFO Saved JSON to file SB3_Multisystem/device_attrs_IUEFQSXVCTWNXERN.json
22:00:44,538 ExportSystem INFO Exporting device tamper records...
22:00:44,538 ExportSystem DEBUG post power_service/v1/device/get_tamper_records --> tamper_records_IUEFQSXVCTWNXERN.json
22:00:44,862 ExportSystem INFO Saved JSON to file SB3_Multisystem/tamper_records_IUEFQSXVCTWNXERN.json
22:00:44,863 ExportSystem INFO Exporting device group...
22:00:44,863 ExportSystem DEBUG post power_service/v1/app/group/get_group_devices --> device_group_IUEFQSXVCTWNXERN.json
22:00:45,187 ExportSystem INFO Saved JSON to file SB3_Multisystem/device_group_IUEFQSXVCTWNXERN.json
22:00:45,188 ExportSystem INFO 
22:00:45,188 ExportSystem INFO Querying charging_energy_service endpoint data...
22:00:45,188 ExportSystem INFO Exporting Charging error info...
22:00:45,189 ExportSystem DEBUG post charging_energy_service/get_error_infos --> charging_error_info.json
22:00:45,508 ExportSystem WARNING charging_energy_service endpoint data queries may not be supported on used server: Api Request Error: 503, message='Service Temporarily Unavailable', url='https://ankerpower-api-eu.anker.com/charging_energy_service/get_error_infos', response=<html>
<head><title>503 Service Temporarily Unavailable</title></head>
<body>
<center><h1>503 Service Temporarily Unavailable</h1></center>
<hr><center>openresty</center>
<p><em>Powered by <a href="https://apisix.apache.org/">APISIX</a>.</em></p></body>
</html>

22:00:45,508 ExportSystem WARNING Skipping remaining charging_energy_service endpoint data queries.
22:00:45,508 ExportSystem INFO 
22:00:45,508 ExportSystem INFO Querying charging_hes_svc endpoint data...
22:00:45,508 ExportSystem INFO Exporting HES product info...
22:00:45,509 ExportSystem DEBUG post charging_hes_svc/get_device_product_info --> hes_product_info.json
22:00:45,840 ExportSystem INFO Saved JSON to file SB3_Multisystem/hes_product_info.json
22:00:45,841 ExportSystem INFO 
22:00:45,841 ExportSystem INFO Exporting HES specific data for site ecf1f7a8-561e-4ac4-6eb6-08dd05ceabe8...
22:00:45,841 ExportSystem INFO Exporting HES system running info...
22:00:45,841 ExportSystem DEBUG post charging_hes_svc/get_system_running_info --> hes_system_running_info_ecf1f7a8-561e-4ac4-6eb6-08dd05ceabe8.json
22:00:46,188 ExportSystem INFO Saved JSON to file SB3_Multisystem/hes_system_running_info_ecf1f7a8-561e-4ac4-6eb6-08dd05ceabe8.json
22:00:46,189 ExportSystem INFO No system for charging_hes_svc endpoint data found, skipping remaining site queries...
22:00:46,189 ExportSystem INFO No system for charging_hes_svc endpoint data found, skipping remaining queries...
22:00:46,190 ExportSystem DEBUG Saved api o.i*** original testfolder
22:00:46,244 ExportSystem INFO 
22:00:46,244 ExportSystem INFO Exporting api o.i*** sites cache from files...
22:00:46,244 ExportSystem DEBUG Api o.i*** sites cache --> api_sites.json
22:00:46,245 ExportSystem INFO Saved JSON to file SB3_Multisystem/api_sites.json
22:00:46,246 ExportSystem INFO Exporting api o.i*** devices cache from files...
22:00:46,246 ExportSystem DEBUG Api o.i*** devices cache --> api_devices.json
22:00:46,247 ExportSystem INFO Saved JSON to file SB3_Multisystem/api_devices.json
22:00:46,248 ExportSystem INFO 
22:00:46,248 ExportSystem INFO Exporting api o.i*** account cache...
22:00:46,248 ExportSystem DEBUG Api o.i*** account cache --> api_account.json
22:00:46,250 ExportSystem INFO Saved JSON to file SB3_Multisystem/api_account.json
22:00:46,251 ExportSystem INFO Api o.i*** request stats: 136 last hour, 123 last minute
