13:23:00,166 anker_solix_export INFO Using AnkerSolixApiExport Version: 3.1.0.0, Date: 2025-07-18, Export Services: set()
13:23:00,167 anker_solix_export INFO 
13:23:00,167 anker_solix_export INFO Querying common endpoint data...
13:23:00,167 anker_solix_export INFO Querying site information...
13:23:01,1 anker_solix_export INFO Querying bind devices information...
13:23:01,341 anker_solix_export INFO Found 1 accessible systems (sites) and 3 devices.
13:23:01,341 anker_solix_export INFO Exporting site list...
13:23:01,343 anker_solix_export DEBUG post power_service/v1/site/get_site_list --> site_list.json
13:23:01,684 anker_solix_export INFO Saved JSON to file Michael/site_list.json
13:23:01,686 anker_solix_export INFO Exporting bind devices...
13:23:01,686 anker_solix_export DEBUG post power_service/v1/app/get_relate_and_bind_devices --> bind_devices.json
13:23:02,33 anker_solix_export INFO Saved JSON to file Michael/bind_devices.json
13:23:02,36 anker_solix_export INFO Exporting OTA batch info for all devices...
13:23:02,36 anker_solix_export DEBUG post app/ota/batch/check_update --> ota_batch.json
13:23:02,393 anker_solix_export INFO Saved JSON to file Michael/ota_batch.json
13:23:02,395 anker_solix_export INFO Exporting message unread status...
13:23:02,395 anker_solix_export DEBUG get power_service/v1/get_message_unread --> message_unread.json
13:23:02,718 anker_solix_export INFO Saved JSON to file Michael/message_unread.json
13:23:02,720 anker_solix_export INFO Exporting currency list...
13:23:02,720 anker_solix_export DEBUG post power_service/v1/currency/get_list --> currency_list.json
13:23:03,96 anker_solix_export INFO Saved JSON to file Michael/currency_list.json
13:23:03,97 anker_solix_export INFO Exporting supported sites, devices and accessories...
13:23:03,98 anker_solix_export DEBUG post power_service/v1/site/get_site_rules --> list_site_rules.json
13:23:03,429 anker_solix_export INFO Saved JSON to file Michael/list_site_rules.json
13:23:03,434 anker_solix_export DEBUG get power_service/v1/product_categories --> list_products.json
13:23:03,819 anker_solix_export INFO Saved JSON to file Michael/list_products.json
13:23:03,823 anker_solix_export DEBUG get power_service/v1/product_accessories --> list_accessories.json
13:23:04,849 anker_solix_export INFO Saved JSON to file Michael/list_accessories.json
13:23:04,852 anker_solix_export DEBUG post power_service/v1/app/third/platform/list --> list_third_platforms.json
13:23:05,250 anker_solix_export INFO Saved JSON to file Michael/list_third_platforms.json
13:23:05,253 anker_solix_export INFO Get dynamic price sites for user account...
13:23:05,253 anker_solix_export DEBUG post power_service/v1/dynamic_price/check_available --> dynamic_price_sites.json
13:23:05,581 anker_solix_export INFO Saved JSON to file Michael/dynamic_price_sites.json
13:23:05,583 anker_solix_export INFO Exporting dynamic price providers for model 'A17C5'...
13:23:05,583 anker_solix_export DEBUG post power_service/v1/dynamic_price/support_option --> dynamic_price_providers_A17C5.json
13:23:05,909 anker_solix_export INFO Saved JSON to file Michael/dynamic_price_providers_A17C5.json
13:23:05,912 anker_solix_export INFO Exporting dynamic price details for DE/Nordpool/GER...
13:23:05,973 anker_solix_export DEBUG post power_service/v1/dynamic_price/price_detail --> dynamic_price_details_DE_Nordpool_GER.json
13:23:06,238 anker_solix_export INFO Saved JSON to file Michael/dynamic_price_details_DE_Nordpool_GER.json
13:23:06,241 anker_solix_export INFO Exporting scene info...
13:23:06,242 anker_solix_export DEBUG post power_service/v1/site/get_scen_info --> scene_aa874ba4-74b9-42ff-4cfb-f8e4ea77ee32.json
13:23:06,630 anker_solix_export INFO Saved JSON to file Michael/scene_aa874ba4-74b9-42ff-4cfb-f8e4ea77ee32.json
13:23:06,633 anker_solix_export INFO Exporting CO2 ranking...
13:23:06,633 anker_solix_export DEBUG post power_service/v1/site/co2_ranking --> co2_ranking_aa874ba4-74b9-42ff-4cfb-f8e4ea77ee32.json
13:23:06,955 anker_solix_export INFO Saved JSON to file Michael/co2_ranking_aa874ba4-74b9-42ff-4cfb-f8e4ea77ee32.json
13:23:06,959 anker_solix_export INFO 
13:23:06,959 anker_solix_export INFO Querying power_service endpoint data...
13:23:06,959 anker_solix_export INFO 
13:23:06,959 anker_solix_export INFO Exporting homepage...
13:23:06,959 anker_solix_export DEBUG post power_service/v1/site/get_site_homepage --> homepage.json
13:23:07,299 anker_solix_export INFO Saved JSON to file Michael/homepage.json
13:23:07,301 anker_solix_export INFO Exporting user devices...
13:23:07,302 anker_solix_export DEBUG post power_service/v1/site/list_user_devices --> user_devices.json
13:23:07,662 anker_solix_export INFO Saved JSON to file Michael/user_devices.json
13:23:07,664 anker_solix_export INFO Exporting charging devices...
13:23:07,664 anker_solix_export DEBUG post power_service/v1/site/get_charging_device --> charging_devices.json
13:23:07,993 anker_solix_export INFO Saved JSON to file Michael/charging_devices.json
13:23:07,997 anker_solix_export INFO Exporting auto upgrade settings...
13:23:07,997 anker_solix_export DEBUG post power_service/v1/app/get_auto_upgrade --> auto_upgrade.json
13:23:08,329 anker_solix_export INFO Saved JSON to file Michael/auto_upgrade.json
13:23:08,331 anker_solix_export INFO Exporting config...
13:23:08,331 anker_solix_export DEBUG post power_service/v1/app/get_config --> config.json
13:23:08,673 anker_solix_export INFO Saved JSON to file Michael/config.json
13:23:08,676 anker_solix_export INFO Get token for user account...
13:23:08,677 anker_solix_export DEBUG post power_service/v1/app/get_token_by_userid --> get_token.json
13:23:08,983 anker_solix_export INFO Saved JSON to file Michael/get_token.json
13:23:08,985 anker_solix_export INFO Get Shelly status with token...
13:23:08,985 anker_solix_export DEBUG post power_service/v1/app/get_user_op_shelly_status --> shelly_status.json
13:23:09,305 anker_solix_export INFO Saved JSON to file Michael/shelly_status.json
13:23:09,307 anker_solix_export INFO 
13:23:09,307 anker_solix_export INFO Exporting site specific data for site aa874ba4-74b9-42ff-4cfb-f8e4ea77ee32...
13:23:09,307 anker_solix_export INFO Exporting site detail...
13:23:09,307 anker_solix_export DEBUG post power_service/v1/site/get_site_detail --> site_detail_aa874ba4-74b9-42ff-4cfb-f8e4ea77ee32.json
13:23:09,649 anker_solix_export INFO Saved JSON to file Michael/site_detail_aa874ba4-74b9-42ff-4cfb-f8e4ea77ee32.json
13:23:09,650 anker_solix_export INFO Exporting wifi list...
13:23:09,651 anker_solix_export DEBUG post power_service/v1/site/get_wifi_info_list --> wifi_list_aa874ba4-74b9-42ff-4cfb-f8e4ea77ee32.json
13:23:10,3 anker_solix_export INFO Saved JSON to file Michael/wifi_list_aa874ba4-74b9-42ff-4cfb-f8e4ea77ee32.json
13:23:10,5 anker_solix_export INFO Exporting installation...
13:23:10,5 anker_solix_export DEBUG post power_service/v1/app/compatible/get_installation --> installation_aa874ba4-74b9-42ff-4cfb-f8e4ea77ee32.json
13:23:10,327 anker_solix_export INFO Saved JSON to file Michael/installation_aa874ba4-74b9-42ff-4cfb-f8e4ea77ee32.json
13:23:10,329 anker_solix_export INFO Exporting site power limit...
13:23:10,329 anker_solix_export DEBUG post power_service/v1/site/get_power_limit --> power_limit_aa874ba4-74b9-42ff-4cfb-f8e4ea77ee32.json
13:23:10,683 anker_solix_export INFO Saved JSON to file Michael/power_limit_aa874ba4-74b9-42ff-4cfb-f8e4ea77ee32.json
13:23:10,685 anker_solix_export INFO Exporting site price...
13:23:10,686 anker_solix_export DEBUG post power_service/v1/site/get_site_price --> price_aa874ba4-74b9-42ff-4cfb-f8e4ea77ee32.json
13:23:11,22 anker_solix_export INFO Saved JSON to file Michael/price_aa874ba4-74b9-42ff-4cfb-f8e4ea77ee32.json
13:23:11,24 anker_solix_export INFO Exporting site forecast schedule...
13:23:11,24 anker_solix_export DEBUG post power_service/v1/site/get_schedule --> forecast_schedule_aa874ba4-74b9-42ff-4cfb-f8e4ea77ee32.json
13:23:11,353 anker_solix_export INFO Saved JSON to file Michael/forecast_schedule_aa874ba4-74b9-42ff-4cfb-f8e4ea77ee32.json
13:23:11,355 anker_solix_export INFO Exporting AI EMS status...
13:23:11,355 anker_solix_export DEBUG post power_service/v1/ai_ems/get_status --> ai_ems_status_aa874ba4-74b9-42ff-4cfb-f8e4ea77ee32.json
13:23:11,681 anker_solix_export INFO Saved JSON to file Michael/ai_ems_status_aa874ba4-74b9-42ff-4cfb-f8e4ea77ee32.json
13:23:11,682 anker_solix_export INFO Exporting device parameter type 4 settings...
13:23:11,683 anker_solix_export DEBUG post power_service/v1/site/get_site_device_param --> device_parm_4_aa874ba4-74b9-42ff-4cfb-f8e4ea77ee32.json
13:23:12,13 anker_solix_export ERROR Api: Michael, Method: POST, Endpoint: power_service/v1/site/get_site_device_param, Payload: ("{'site_id': '<siteId>', 'param_type': '4'}",)
<class 'custom_components.anker_solix.solixapi.errors.AnkerSolixError'>: (10004) Anker Api Error: Failed to request.
13:23:12,13 anker_solix_export INFO Exporting device parameter type 6 settings...
13:23:12,14 anker_solix_export DEBUG post power_service/v1/site/get_site_device_param --> device_parm_6_aa874ba4-74b9-42ff-4cfb-f8e4ea77ee32.json
13:23:12,343 anker_solix_export INFO Saved JSON to file Michael/device_parm_6_aa874ba4-74b9-42ff-4cfb-f8e4ea77ee32.json
13:23:12,345 anker_solix_export INFO Exporting device parameter type 9 settings...
13:23:12,345 anker_solix_export DEBUG post power_service/v1/site/get_site_device_param --> device_parm_9_aa874ba4-74b9-42ff-4cfb-f8e4ea77ee32.json
13:23:12,667 anker_solix_export ERROR Api: Michael, Method: POST, Endpoint: power_service/v1/site/get_site_device_param, Payload: ("{'site_id': '<siteId>', 'param_type': '9'}",)
<class 'aiohttp.client_exceptions.ClientError'>: ("Api Request Error: 400, message='Bad Request', url='https://ankerpower-api-eu.anker.com/power_service/v1/site/get_site_device_param'", 'response=error: value "9" is not defined in options "[1 2 3 4 5 6 7 12 13 16]"\n')
13:23:12,667 anker_solix_export INFO Exporting device parameter type 12 settings...
13:23:12,667 anker_solix_export DEBUG post power_service/v1/site/get_site_device_param --> device_parm_12_aa874ba4-74b9-42ff-4cfb-f8e4ea77ee32.json
13:23:13,12 anker_solix_export INFO Saved JSON to file Michael/device_parm_12_aa874ba4-74b9-42ff-4cfb-f8e4ea77ee32.json
13:23:13,17 anker_solix_export INFO Exporting device parameter type 13 settings...
13:23:13,17 anker_solix_export DEBUG post power_service/v1/site/get_site_device_param --> device_parm_13_aa874ba4-74b9-42ff-4cfb-f8e4ea77ee32.json
13:23:13,338 anker_solix_export INFO Saved JSON to file Michael/device_parm_13_aa874ba4-74b9-42ff-4cfb-f8e4ea77ee32.json
13:23:13,340 anker_solix_export INFO Exporting site energy data for SOLARBANK...
13:23:13,341 anker_solix_export DEBUG post power_service/v1/site/energy_analysis --> energy_solarbank_aa874ba4-74b9-42ff-4cfb-f8e4ea77ee32.json
13:23:13,673 anker_solix_export INFO Saved JSON to file Michael/energy_solarbank_aa874ba4-74b9-42ff-4cfb-f8e4ea77ee32.json
13:23:13,675 anker_solix_export DEBUG post power_service/v1/site/energy_analysis --> energy_solarbank_today_aa874ba4-74b9-42ff-4cfb-f8e4ea77ee32.json
13:23:14,137 anker_solix_export INFO Saved JSON to file Michael/energy_solarbank_today_aa874ba4-74b9-42ff-4cfb-f8e4ea77ee32.json
13:23:14,139 anker_solix_export INFO Exporting site energy data for SOLAR_PRODUCTION...
13:23:14,139 anker_solix_export DEBUG post power_service/v1/site/energy_analysis --> energy_solar_production_aa874ba4-74b9-42ff-4cfb-f8e4ea77ee32.json
13:23:14,470 anker_solix_export INFO Saved JSON to file Michael/energy_solar_production_aa874ba4-74b9-42ff-4cfb-f8e4ea77ee32.json
13:23:14,472 anker_solix_export DEBUG post power_service/v1/site/energy_analysis --> energy_solar_production_today_aa874ba4-74b9-42ff-4cfb-f8e4ea77ee32.json
13:23:15,36 anker_solix_export INFO Saved JSON to file Michael/energy_solar_production_today_aa874ba4-74b9-42ff-4cfb-f8e4ea77ee32.json
13:23:15,39 anker_solix_export INFO Exporting site energy data for HOME_USAGE...
13:23:15,40 anker_solix_export DEBUG post power_service/v1/site/energy_analysis --> energy_home_usage_aa874ba4-74b9-42ff-4cfb-f8e4ea77ee32.json
13:23:15,370 anker_solix_export INFO Saved JSON to file Michael/energy_home_usage_aa874ba4-74b9-42ff-4cfb-f8e4ea77ee32.json
13:23:15,373 anker_solix_export DEBUG post power_service/v1/site/energy_analysis --> energy_home_usage_today_aa874ba4-74b9-42ff-4cfb-f8e4ea77ee32.json
13:23:15,848 anker_solix_export INFO Saved JSON to file Michael/energy_home_usage_today_aa874ba4-74b9-42ff-4cfb-f8e4ea77ee32.json
13:23:15,850 anker_solix_export INFO Exporting site energy data for GRID...
13:23:15,851 anker_solix_export DEBUG post power_service/v1/site/energy_analysis --> energy_grid_aa874ba4-74b9-42ff-4cfb-f8e4ea77ee32.json
13:23:16,187 anker_solix_export INFO Saved JSON to file Michael/energy_grid_aa874ba4-74b9-42ff-4cfb-f8e4ea77ee32.json
13:23:16,190 anker_solix_export DEBUG post power_service/v1/site/energy_analysis --> energy_grid_today_aa874ba4-74b9-42ff-4cfb-f8e4ea77ee32.json
13:23:16,687 anker_solix_export INFO Saved JSON to file Michael/energy_grid_today_aa874ba4-74b9-42ff-4cfb-f8e4ea77ee32.json
13:23:16,689 anker_solix_export INFO Exporting site energy data for solar production channel PV1...
13:23:16,689 anker_solix_export DEBUG post power_service/v1/site/energy_analysis --> energy_solar_production_pv1_aa874ba4-74b9-42ff-4cfb-f8e4ea77ee32.json
13:23:17,19 anker_solix_export INFO Saved JSON to file Michael/energy_solar_production_pv1_aa874ba4-74b9-42ff-4cfb-f8e4ea77ee32.json
13:23:17,21 anker_solix_export INFO Exporting site energy data for solar production channel PV2...
13:23:17,22 anker_solix_export DEBUG post power_service/v1/site/energy_analysis --> energy_solar_production_pv2_aa874ba4-74b9-42ff-4cfb-f8e4ea77ee32.json
13:23:17,356 anker_solix_export INFO Saved JSON to file Michael/energy_solar_production_pv2_aa874ba4-74b9-42ff-4cfb-f8e4ea77ee32.json
13:23:17,358 anker_solix_export INFO Exporting site energy data for solar production channel PV3...
13:23:17,358 anker_solix_export DEBUG post power_service/v1/site/energy_analysis --> energy_solar_production_pv3_aa874ba4-74b9-42ff-4cfb-f8e4ea77ee32.json
13:23:17,697 anker_solix_export INFO Saved JSON to file Michael/energy_solar_production_pv3_aa874ba4-74b9-42ff-4cfb-f8e4ea77ee32.json
13:23:17,698 anker_solix_export INFO Exporting site energy data for solar production channel PV4...
13:23:17,699 anker_solix_export DEBUG post power_service/v1/site/energy_analysis --> energy_solar_production_pv4_aa874ba4-74b9-42ff-4cfb-f8e4ea77ee32.json
13:23:18,34 anker_solix_export INFO Saved JSON to file Michael/energy_solar_production_pv4_aa874ba4-74b9-42ff-4cfb-f8e4ea77ee32.json
13:23:18,36 anker_solix_export INFO Exporting site energy data for solar production channel MICROINVERTER...
13:23:18,37 anker_solix_export DEBUG post power_service/v1/site/energy_analysis --> energy_solar_production_microinverter_aa874ba4-74b9-42ff-4cfb-f8e4ea77ee32.json
13:23:18,375 anker_solix_export INFO Saved JSON to file Michael/energy_solar_production_microinverter_aa874ba4-74b9-42ff-4cfb-f8e4ea77ee32.json
13:23:18,378 anker_solix_export INFO 
13:23:18,378 anker_solix_export INFO Exporting device specific data for device Solarbank 3 E2700 Pro SN 200Z24CCLUIX9A9H9...
13:23:18,378 anker_solix_export INFO Exporting solar info settings for solarbank...
13:23:18,378 anker_solix_export DEBUG post power_service/v1/app/compatible/get_compatible_solar_info --> solar_info_200Z24CCLUIX9A9H9.json
13:23:18,704 anker_solix_export INFO Saved JSON to file Michael/solar_info_200Z24CCLUIX9A9H9.json
13:23:18,706 anker_solix_export INFO Exporting compatible process info for solarbank...
13:23:18,707 anker_solix_export DEBUG post power_service/v1/app/compatible/get_compatible_process --> compatible_process_200Z24CCLUIX9A9H9.json
13:23:19,30 anker_solix_export INFO Saved JSON to file Michael/compatible_process_200Z24CCLUIX9A9H9.json
13:23:19,32 anker_solix_export INFO Exporting device income for solarbank...
13:23:19,32 anker_solix_export DEBUG post power_service/v1/app/device/get_device_income --> device_income_200Z24CCLUIX9A9H9.json
13:23:19,359 anker_solix_export INFO Saved JSON to file Michael/device_income_200Z24CCLUIX9A9H9.json
13:23:19,361 anker_solix_export INFO Exporting power cutoff settings...
13:23:19,362 anker_solix_export DEBUG post power_service/v1/app/compatible/get_power_cutoff --> power_cutoff_200Z24CCLUIX9A9H9.json
13:23:19,697 anker_solix_export INFO Saved JSON to file Michael/power_cutoff_200Z24CCLUIX9A9H9.json
13:23:19,699 anker_solix_export INFO Exporting fittings...
13:23:19,699 anker_solix_export DEBUG post power_service/v1/app/get_relate_device_fittings --> device_fittings_200Z24CCLUIX9A9H9.json
13:23:20,31 anker_solix_export INFO Saved JSON to file Michael/device_fittings_200Z24CCLUIX9A9H9.json
13:23:20,32 anker_solix_export INFO Exporting load...
13:23:20,32 anker_solix_export DEBUG post power_service/v1/app/device/get_device_home_load --> device_load_200Z24CCLUIX9A9H9.json
13:23:20,363 anker_solix_export ERROR Api: Michael, Method: POST, Endpoint: power_service/v1/app/device/get_device_home_load, Payload: ('("{\'site_id\': \'<siteId>\', \'device_sn\': \'<deviceSn>\'}",)',)
<class 'custom_components.anker_solix.solixapi.errors.AnkerSolixError'>: (10004) Anker Api Error: Failed to request.
13:23:20,363 anker_solix_export INFO Exporting upgrade record for device...
13:23:20,363 anker_solix_export DEBUG post power_service/v1/app/get_upgrade_record --> upgrade_record_1_200Z24CCLUIX9A9H9.json
13:23:20,708 anker_solix_export INFO Saved JSON to file Michael/upgrade_record_1_200Z24CCLUIX9A9H9.json
13:23:20,710 anker_solix_export INFO Exporting device attributes...
13:23:20,710 anker_solix_export DEBUG post power_service/v1/app/device/get_device_attrs --> device_attrs_200Z24CCLUIX9A9H9.json
13:23:21,36 anker_solix_export INFO Saved JSON to file Michael/device_attrs_200Z24CCLUIX9A9H9.json
13:23:21,37 anker_solix_export INFO 
13:23:21,38 anker_solix_export INFO Exporting device specific data for device Netzstrom SN UC5INFAQGH50OS...
13:23:21,38 anker_solix_export INFO Exporting power cutoff settings...
13:23:21,38 anker_solix_export DEBUG post power_service/v1/app/compatible/get_power_cutoff --> power_cutoff_UC5INFAQGH50OS.json
13:23:21,381 anker_solix_export INFO Saved JSON to file Michael/power_cutoff_UC5INFAQGH50OS.json
13:23:21,385 anker_solix_export INFO Exporting fittings...
13:23:21,385 anker_solix_export DEBUG post power_service/v1/app/get_relate_device_fittings --> device_fittings_UC5INFAQGH50OS.json
13:23:21,709 anker_solix_export INFO Saved JSON to file Michael/device_fittings_UC5INFAQGH50OS.json
13:23:21,711 anker_solix_export INFO Exporting load...
13:23:21,711 anker_solix_export DEBUG post power_service/v1/app/device/get_device_home_load --> device_load_UC5INFAQGH50OS.json
13:23:22,35 anker_solix_export ERROR Api: Michael, Method: POST, Endpoint: power_service/v1/app/device/get_device_home_load, Payload: ('("{\'site_id\': \'<siteId>\', \'device_sn\': \'<deviceSn>\'}",)',)
<class 'custom_components.anker_solix.solixapi.errors.AnkerSolixError'>: (10004) Anker Api Error: Failed to request.
13:23:22,36 anker_solix_export INFO Exporting upgrade record for device...
13:23:22,36 anker_solix_export DEBUG post power_service/v1/app/get_upgrade_record --> upgrade_record_1_UC5INFAQGH50OS.json
13:23:22,375 anker_solix_export INFO Saved JSON to file Michael/upgrade_record_1_UC5INFAQGH50OS.json
13:23:22,378 anker_solix_export INFO Exporting device attributes...
13:23:22,378 anker_solix_export DEBUG post power_service/v1/app/device/get_device_attrs --> device_attrs_UC5INFAQGH50OS.json
13:23:22,703 anker_solix_export INFO Saved JSON to file Michael/device_attrs_UC5INFAQGH50OS.json
13:23:22,706 anker_solix_export INFO 
13:23:22,707 anker_solix_export INFO Exporting device specific data for device MI80 Microinverter(BLE) SN M55A0NSED232...
13:23:22,707 anker_solix_export INFO Exporting power cutoff settings...
13:23:22,707 anker_solix_export DEBUG post power_service/v1/app/compatible/get_power_cutoff --> power_cutoff_M55A0NSED232.json
13:23:23,51 anker_solix_export INFO Saved JSON to file Michael/power_cutoff_M55A0NSED232.json
13:23:23,54 anker_solix_export INFO Exporting fittings...
13:23:23,55 anker_solix_export DEBUG post power_service/v1/app/get_relate_device_fittings --> device_fittings_M55A0NSED232.json
13:23:23,381 anker_solix_export INFO Saved JSON to file Michael/device_fittings_M55A0NSED232.json
13:23:23,384 anker_solix_export INFO Exporting load...
13:23:23,384 anker_solix_export DEBUG post power_service/v1/app/device/get_device_home_load --> device_load_M55A0NSED232.json
13:23:23,730 anker_solix_export INFO Saved JSON to file Michael/device_load_M55A0NSED232.json
13:23:23,732 anker_solix_export INFO Exporting upgrade record for device...
13:23:23,732 anker_solix_export DEBUG post power_service/v1/app/get_upgrade_record --> upgrade_record_1_M55A0NSED232.json
13:23:24,67 anker_solix_export INFO Saved JSON to file Michael/upgrade_record_1_M55A0NSED232.json
13:23:24,69 anker_solix_export INFO Exporting device attributes...
13:23:24,69 anker_solix_export DEBUG post power_service/v1/app/device/get_device_attrs --> device_attrs_M55A0NSED232.json
13:23:24,399 anker_solix_export INFO Saved JSON to file Michael/device_attrs_M55A0NSED232.json
13:23:24,402 anker_solix_export INFO Exporting inverter specific data for device MI80 Microinverter(BLE) SN M55A0NSED232...
13:23:24,402 anker_solix_export DEBUG post charging_pv_svc/getPvStatus --> device_pv_status_M55A0NSED232.json
13:23:24,734 anker_solix_export INFO Saved JSON to file Michael/device_pv_status_M55A0NSED232.json
13:23:24,736 anker_solix_export DEBUG post charging_pv_svc/getPvTotalStatistics --> device_pv_total_statistics_M55A0NSED232.json
13:23:25,80 anker_solix_export INFO Saved JSON to file Michael/device_pv_total_statistics_M55A0NSED232.json
13:23:25,84 anker_solix_export DEBUG post charging_pv_svc/selectUserTieredElecPrice --> device_pv_price_M55A0NSED232.json
13:23:25,408 anker_solix_export INFO Saved JSON to file Michael/device_pv_price_M55A0NSED232.json
13:23:25,410 anker_solix_export INFO Exporting inverter energy data for device MI80 Microinverter(BLE) SN M55A0NSED232...
13:23:25,410 anker_solix_export DEBUG post charging_pv_svc/statisticsPv --> device_pv_statistics_today_M55A0NSED232.json
13:23:25,773 anker_solix_export INFO Saved JSON to file Michael/device_pv_statistics_today_M55A0NSED232.json
13:23:25,775 anker_solix_export DEBUG post charging_pv_svc/statisticsPv --> device_pv_statistics_M55A0NSED232.json
13:23:26,103 anker_solix_export INFO Saved JSON to file Michael/device_pv_statistics_M55A0NSED232.json
13:23:26,104 anker_solix_export INFO 
13:23:26,105 anker_solix_export INFO Querying charging_energy_service endpoint data...
13:23:26,105 anker_solix_export INFO Exporting Charging error info...
13:23:26,105 anker_solix_export DEBUG post charging_energy_service/get_error_infos --> charging_error_info.json
13:23:26,423 anker_solix_export WARNING charging_energy_service endpoint data queries may not be supported on used server: ("Api Request Error: 503, message='Service Temporarily Unavailable', url='https://ankerpower-api-eu.anker.com/charging_energy_service/get_error_infos'", 'response=<html>\r\n<head><title>503 Service Temporarily Unavailable</title></head>\r\n<body>\r\n<center><h1>503 Service Temporarily Unavailable</h1></center>\r\n<hr><center>openresty</center>\r\n<p><em>Powered by <a href="https://apisix.apache.org/">APISIX</a>.</em></p></body>\r\n</html>\r\n')
13:23:26,423 anker_solix_export WARNING Skipping remaining charging_energy_service endpoint data queries.
13:23:26,423 anker_solix_export INFO 
13:23:26,424 anker_solix_export INFO Querying charging_hes_svc endpoint data...
13:23:26,424 anker_solix_export INFO Exporting HES product info...
13:23:26,424 anker_solix_export DEBUG post charging_hes_svc/get_device_product_info --> hes_product_info.json
13:23:26,838 anker_solix_export INFO Saved JSON to file Michael/hes_product_info.json
13:23:26,841 anker_solix_export INFO 
13:23:26,841 anker_solix_export INFO Exporting HES specific data for site aa874ba4-74b9-42ff-4cfb-f8e4ea77ee32...
13:23:26,841 anker_solix_export INFO Exporting HES system running info...
13:23:26,841 anker_solix_export DEBUG post charging_hes_svc/get_system_running_info --> hes_system_running_info_aa874ba4-74b9-42ff-4cfb-f8e4ea77ee32.json
13:23:27,200 anker_solix_export INFO Saved JSON to file Michael/hes_system_running_info_aa874ba4-74b9-42ff-4cfb-f8e4ea77ee32.json
13:23:27,202 anker_solix_export INFO No system for charging_hes_svc endpoint data found, skipping remaining site queries...
13:23:27,202 anker_solix_export INFO No system for charging_hes_svc endpoint data found, skipping remaining queries...
13:23:27,203 anker_solix_export DEBUG Saved api Michael original testfolder
13:23:27,275 anker_solix_export INFO 
13:23:27,275 anker_solix_export INFO Exporting api Michael sites cache from files...
13:23:27,275 anker_solix_export DEBUG Api Michael sites cache --> api_sites.json
13:23:27,278 anker_solix_export INFO Saved JSON to file Michael/api_sites.json
13:23:27,279 anker_solix_export INFO Exporting api Michael devices cache from files...
13:23:27,279 anker_solix_export DEBUG Api Michael devices cache --> api_devices.json
13:23:27,282 anker_solix_export INFO Saved JSON to file Michael/api_devices.json
13:23:27,283 anker_solix_export INFO 
13:23:27,283 anker_solix_export INFO Exporting api Michael account cache...
13:23:27,283 anker_solix_export DEBUG Api Michael account cache --> api_account.json
13:23:27,287 anker_solix_export INFO Saved JSON to file Michael/api_account.json
13:23:27,289 anker_solix_export INFO Api Michael request stats: 377 last hour, 106 last minute
