10:28:28,887 anker_solix_export INFO Using AnkerSolixApiExport Version: 2.8.0.0, Date: 2025-07-04, Export Services: set()
10:28:28,887 anker_solix_export INFO 
10:28:28,887 anker_solix_export INFO Querying common endpoint data...
10:28:28,891 anker_solix_export INFO Querying site information...
10:28:30,61 anker_solix_export INFO Querying bind devices information...
10:28:30,407 anker_solix_export INFO Found 2 accessible systems (sites) and 4 devices.
10:28:30,407 anker_solix_export INFO Exporting site list...
10:28:30,407 anker_solix_export DEBUG post power_service/v1/site/get_site_list --> site_list.json
10:28:30,735 anker_solix_export INFO Saved JSON to file dirxxx/site_list.json
10:28:30,737 anker_solix_export INFO Exporting bind devices...
10:28:30,737 anker_solix_export DEBUG post power_service/v1/app/get_relate_and_bind_devices --> bind_devices.json
10:28:31,93 anker_solix_export INFO Saved JSON to file dirxxx/bind_devices.json
10:28:31,94 anker_solix_export INFO Exporting OTA batch info for all devices...
10:28:31,94 anker_solix_export DEBUG post app/ota/batch/check_update --> ota_batch.json
10:28:31,454 anker_solix_export INFO Saved JSON to file dirxxx/ota_batch.json
10:28:31,455 anker_solix_export INFO Exporting message unread status...
10:28:31,455 anker_solix_export DEBUG get power_service/v1/get_message_unread --> message_unread.json
10:28:31,773 anker_solix_export INFO Saved JSON to file dirxxx/message_unread.json
10:28:31,774 anker_solix_export INFO Exporting currency list...
10:28:31,774 anker_solix_export DEBUG post power_service/v1/currency/get_list --> currency_list.json
10:28:32,125 anker_solix_export INFO Saved JSON to file dirxxx/currency_list.json
10:28:32,126 anker_solix_export INFO Exporting supported sites, devices and accessories...
10:28:32,126 anker_solix_export DEBUG post power_service/v1/site/get_site_rules --> list_site_rules.json
10:28:32,442 anker_solix_export INFO Saved JSON to file dirxxx/list_site_rules.json
10:28:32,442 anker_solix_export DEBUG get power_service/v1/product_categories --> list_products.json
10:28:32,812 anker_solix_export INFO Saved JSON to file dirxxx/list_products.json
10:28:32,814 anker_solix_export DEBUG get power_service/v1/product_accessories --> list_accessories.json
10:28:33,141 anker_solix_export INFO Saved JSON to file dirxxx/list_accessories.json
10:28:33,142 anker_solix_export DEBUG post power_service/v1/app/third/platform/list --> list_third_platforms.json
10:28:33,491 anker_solix_export INFO Saved JSON to file dirxxx/list_third_platforms.json
10:28:33,491 anker_solix_export INFO Exporting scene info...
10:28:33,492 anker_solix_export DEBUG post power_service/v1/site/get_scen_info --> scene_e9dbf9b2-5dc7-aaa6-fd97-b4bd15cfac1f.json
10:28:33,886 anker_solix_export INFO Saved JSON to file dirxxx/scene_e9dbf9b2-5dc7-aaa6-fd97-b4bd15cfac1f.json
10:28:33,887 anker_solix_export INFO Exporting scene info...
10:28:33,887 anker_solix_export DEBUG post power_service/v1/site/get_scen_info --> scene_2aa94bae-cfec-44ed-5963-b7dabf41036f.json
10:28:34,248 anker_solix_export INFO Saved JSON to file dirxxx/scene_2aa94bae-cfec-44ed-5963-b7dabf41036f.json
10:28:34,249 anker_solix_export INFO 
10:28:34,249 anker_solix_export INFO Querying power_service endpoint data...
10:28:34,249 anker_solix_export INFO 
10:28:34,249 anker_solix_export INFO Exporting homepage...
10:28:34,250 anker_solix_export DEBUG post power_service/v1/site/get_site_homepage --> homepage.json
10:28:34,587 anker_solix_export INFO Saved JSON to file dirxxx/homepage.json
10:28:34,588 anker_solix_export INFO Exporting user devices...
10:28:34,589 anker_solix_export DEBUG post power_service/v1/site/list_user_devices --> user_devices.json
10:28:34,936 anker_solix_export INFO Saved JSON to file dirxxx/user_devices.json
10:28:34,937 anker_solix_export INFO Exporting charging devices...
10:28:34,937 anker_solix_export DEBUG post power_service/v1/site/get_charging_device --> charging_devices.json
10:28:35,253 anker_solix_export INFO Saved JSON to file dirxxx/charging_devices.json
10:28:35,254 anker_solix_export INFO Exporting auto upgrade settings...
10:28:35,254 anker_solix_export DEBUG post power_service/v1/app/get_auto_upgrade --> auto_upgrade.json
10:28:35,589 anker_solix_export INFO Saved JSON to file dirxxx/auto_upgrade.json
10:28:35,590 anker_solix_export INFO Exporting config...
10:28:35,590 anker_solix_export DEBUG post power_service/v1/app/get_config --> config.json
10:28:35,904 anker_solix_export INFO Saved JSON to file dirxxx/config.json
10:28:35,905 anker_solix_export INFO Get token for user account...
10:28:35,905 anker_solix_export DEBUG post power_service/v1/app/get_token_by_userid --> get_token.json
10:28:36,220 anker_solix_export INFO Saved JSON to file dirxxx/get_token.json
10:28:36,220 anker_solix_export INFO Get Shelly status with token...
10:28:36,220 anker_solix_export DEBUG post power_service/v1/app/get_user_op_shelly_status --> shelly_status.json
10:28:36,535 anker_solix_export INFO Saved JSON to file dirxxx/shelly_status.json
10:28:36,536 anker_solix_export INFO Get dynamic price sites for user account...
10:28:36,536 anker_solix_export DEBUG post power_service/v1/dynamic_price/check_available --> dynamic_price_sites.json
10:28:36,856 anker_solix_export INFO Saved JSON to file dirxxx/dynamic_price_sites.json
10:28:36,859 anker_solix_export INFO Exporting dynamic price providers for model 'A17C5'...
10:28:36,859 anker_solix_export DEBUG post power_service/v1/dynamic_price/support_option --> dynamic_price_providers_A17C5.json
10:28:37,173 anker_solix_export INFO Saved JSON to file dirxxx/dynamic_price_providers_A17C5.json
10:28:37,174 anker_solix_export INFO 
10:28:37,174 anker_solix_export INFO Exporting site specific data for site e9dbf9b2-5dc7-aaa6-fd97-b4bd15cfac1f...
10:28:37,175 anker_solix_export INFO Exporting site detail...
10:28:37,175 anker_solix_export DEBUG post power_service/v1/site/get_site_detail --> site_detail_e9dbf9b2-5dc7-aaa6-fd97-b4bd15cfac1f.json
10:28:37,513 anker_solix_export INFO Saved JSON to file dirxxx/site_detail_e9dbf9b2-5dc7-aaa6-fd97-b4bd15cfac1f.json
10:28:37,514 anker_solix_export INFO Exporting wifi list...
10:28:37,514 anker_solix_export DEBUG post power_service/v1/site/get_wifi_info_list --> wifi_list_e9dbf9b2-5dc7-aaa6-fd97-b4bd15cfac1f.json
10:28:37,848 anker_solix_export INFO Saved JSON to file dirxxx/wifi_list_e9dbf9b2-5dc7-aaa6-fd97-b4bd15cfac1f.json
10:28:37,849 anker_solix_export INFO Exporting installation...
10:28:37,849 anker_solix_export DEBUG post power_service/v1/app/compatible/get_installation --> installation_e9dbf9b2-5dc7-aaa6-fd97-b4bd15cfac1f.json
10:28:38,170 anker_solix_export INFO Saved JSON to file dirxxx/installation_e9dbf9b2-5dc7-aaa6-fd97-b4bd15cfac1f.json
10:28:38,171 anker_solix_export INFO Exporting site price...
10:28:38,172 anker_solix_export DEBUG post power_service/v1/site/get_site_price --> price_e9dbf9b2-5dc7-aaa6-fd97-b4bd15cfac1f.json
10:28:38,497 anker_solix_export INFO Saved JSON to file dirxxx/price_e9dbf9b2-5dc7-aaa6-fd97-b4bd15cfac1f.json
10:28:38,498 anker_solix_export INFO Exporting CO2 ranking...
10:28:38,498 anker_solix_export DEBUG post power_service/v1/site/co2_ranking --> co2_ranking_e9dbf9b2-5dc7-aaa6-fd97-b4bd15cfac1f.json
10:28:38,817 anker_solix_export INFO Saved JSON to file dirxxx/co2_ranking_e9dbf9b2-5dc7-aaa6-fd97-b4bd15cfac1f.json
10:28:38,817 anker_solix_export INFO Exporting site forecast schedule...
10:28:38,818 anker_solix_export DEBUG post power_service/v1/site/get_schedule --> forecast_schedule_e9dbf9b2-5dc7-aaa6-fd97-b4bd15cfac1f.json
10:28:39,136 anker_solix_export INFO Saved JSON to file dirxxx/forecast_schedule_e9dbf9b2-5dc7-aaa6-fd97-b4bd15cfac1f.json
10:28:39,136 anker_solix_export INFO Exporting AI EMS status...
10:28:39,136 anker_solix_export DEBUG post power_service/v1/ai_ems/get_status --> ai_ems_status_e9dbf9b2-5dc7-aaa6-fd97-b4bd15cfac1f.json
10:28:39,458 anker_solix_export INFO Saved JSON to file dirxxx/ai_ems_status_e9dbf9b2-5dc7-aaa6-fd97-b4bd15cfac1f.json
10:28:39,458 anker_solix_export INFO Exporting device parameter type 4 settings...
10:28:39,459 anker_solix_export DEBUG post power_service/v1/site/get_site_device_param --> device_parm_4_e9dbf9b2-5dc7-aaa6-fd97-b4bd15cfac1f.json
10:28:39,774 anker_solix_export ERROR Api: dir***, Method: POST, Endpoint: power_service/v1/site/get_site_device_param, Payload: ("{'site_id': '<siteId>', 'param_type': '4'}",)
<class 'custom_components.anker_solix.solixapi.errors.AnkerSolixError'>: (10004) Anker Api Error: Failed to request.
10:28:39,774 anker_solix_export INFO Exporting device parameter type 6 settings...
10:28:39,775 anker_solix_export DEBUG post power_service/v1/site/get_site_device_param --> device_parm_6_e9dbf9b2-5dc7-aaa6-fd97-b4bd15cfac1f.json
10:28:40,99 anker_solix_export INFO Saved JSON to file dirxxx/device_parm_6_e9dbf9b2-5dc7-aaa6-fd97-b4bd15cfac1f.json
10:28:40,100 anker_solix_export INFO Exporting device parameter type 9 settings...
10:28:40,100 anker_solix_export DEBUG post power_service/v1/site/get_site_device_param --> device_parm_9_e9dbf9b2-5dc7-aaa6-fd97-b4bd15cfac1f.json
10:28:40,413 anker_solix_export ERROR Api: dir***, Method: POST, Endpoint: power_service/v1/site/get_site_device_param, Payload: ("{'site_id': '<siteId>', 'param_type': '9'}",)
<class 'aiohttp.client_exceptions.ClientError'>: ("Api Request Error: 400, message='Bad Request', url='https://ankerpower-api-eu.anker.com/power_service/v1/site/get_site_device_param'", 'response=error: value "9" is not defined in options "[1 2 3 4 5 6 7 12 13 16]"\n')
10:28:40,414 anker_solix_export INFO Exporting device parameter type 12 settings...
10:28:40,414 anker_solix_export DEBUG post power_service/v1/site/get_site_device_param --> device_parm_12_e9dbf9b2-5dc7-aaa6-fd97-b4bd15cfac1f.json
10:28:40,729 anker_solix_export INFO Saved JSON to file dirxxx/device_parm_12_e9dbf9b2-5dc7-aaa6-fd97-b4bd15cfac1f.json
10:28:40,730 anker_solix_export INFO Exporting device parameter type 13 settings...
10:28:40,730 anker_solix_export DEBUG post power_service/v1/site/get_site_device_param --> device_parm_13_e9dbf9b2-5dc7-aaa6-fd97-b4bd15cfac1f.json
10:28:41,48 anker_solix_export INFO Saved JSON to file dirxxx/device_parm_13_e9dbf9b2-5dc7-aaa6-fd97-b4bd15cfac1f.json
10:28:41,49 anker_solix_export INFO Exporting site energy data for SOLARBANK...
10:28:41,49 anker_solix_export DEBUG post power_service/v1/site/energy_analysis --> energy_solarbank_e9dbf9b2-5dc7-aaa6-fd97-b4bd15cfac1f.json
10:28:41,378 anker_solix_export INFO Saved JSON to file dirxxx/energy_solarbank_e9dbf9b2-5dc7-aaa6-fd97-b4bd15cfac1f.json
10:28:41,378 anker_solix_export INFO Exporting site energy data for SOLAR_PRODUCTION...
10:28:41,379 anker_solix_export DEBUG post power_service/v1/site/energy_analysis --> energy_solar_production_e9dbf9b2-5dc7-aaa6-fd97-b4bd15cfac1f.json
10:28:41,713 anker_solix_export INFO Saved JSON to file dirxxx/energy_solar_production_e9dbf9b2-5dc7-aaa6-fd97-b4bd15cfac1f.json
10:28:41,714 anker_solix_export INFO Exporting site energy data for HOME_USAGE...
10:28:41,714 anker_solix_export DEBUG post power_service/v1/site/energy_analysis --> energy_home_usage_e9dbf9b2-5dc7-aaa6-fd97-b4bd15cfac1f.json
10:28:42,39 anker_solix_export INFO Saved JSON to file dirxxx/energy_home_usage_e9dbf9b2-5dc7-aaa6-fd97-b4bd15cfac1f.json
10:28:42,39 anker_solix_export INFO Exporting site energy data for GRID...
10:28:42,40 anker_solix_export DEBUG post power_service/v1/site/energy_analysis --> energy_grid_e9dbf9b2-5dc7-aaa6-fd97-b4bd15cfac1f.json
10:28:42,365 anker_solix_export INFO Saved JSON to file dirxxx/energy_grid_e9dbf9b2-5dc7-aaa6-fd97-b4bd15cfac1f.json
10:28:42,366 anker_solix_export INFO Exporting site energy data for solar production channel PV1...
10:28:42,366 anker_solix_export DEBUG post power_service/v1/site/energy_analysis --> energy_solar_production_pv1_e9dbf9b2-5dc7-aaa6-fd97-b4bd15cfac1f.json
10:28:42,702 anker_solix_export INFO Saved JSON to file dirxxx/energy_solar_production_pv1_e9dbf9b2-5dc7-aaa6-fd97-b4bd15cfac1f.json
10:28:42,703 anker_solix_export INFO Exporting site energy data for solar production channel PV2...
10:28:42,703 anker_solix_export DEBUG post power_service/v1/site/energy_analysis --> energy_solar_production_pv2_e9dbf9b2-5dc7-aaa6-fd97-b4bd15cfac1f.json
10:28:43,33 anker_solix_export INFO Saved JSON to file dirxxx/energy_solar_production_pv2_e9dbf9b2-5dc7-aaa6-fd97-b4bd15cfac1f.json
10:28:43,34 anker_solix_export INFO Exporting site energy data for solar production channel PV3...
10:28:43,34 anker_solix_export DEBUG post power_service/v1/site/energy_analysis --> energy_solar_production_pv3_e9dbf9b2-5dc7-aaa6-fd97-b4bd15cfac1f.json
10:28:43,361 anker_solix_export INFO Saved JSON to file dirxxx/energy_solar_production_pv3_e9dbf9b2-5dc7-aaa6-fd97-b4bd15cfac1f.json
10:28:43,361 anker_solix_export INFO Exporting site energy data for solar production channel PV4...
10:28:43,362 anker_solix_export DEBUG post power_service/v1/site/energy_analysis --> energy_solar_production_pv4_e9dbf9b2-5dc7-aaa6-fd97-b4bd15cfac1f.json
10:28:43,692 anker_solix_export INFO Saved JSON to file dirxxx/energy_solar_production_pv4_e9dbf9b2-5dc7-aaa6-fd97-b4bd15cfac1f.json
10:28:43,692 anker_solix_export INFO Exporting site energy data for solar production channel MICROINVERTER...
10:28:43,693 anker_solix_export DEBUG post power_service/v1/site/energy_analysis --> energy_solar_production_microinverter_e9dbf9b2-5dc7-aaa6-fd97-b4bd15cfac1f.json
10:28:44,18 anker_solix_export INFO Saved JSON to file dirxxx/energy_solar_production_microinverter_e9dbf9b2-5dc7-aaa6-fd97-b4bd15cfac1f.json
10:28:44,18 anker_solix_export INFO 
10:28:44,18 anker_solix_export INFO Exporting site specific data for site 2aa94bae-cfec-44ed-5963-b7dabf41036f...
10:28:44,18 anker_solix_export INFO Exporting site detail...
10:28:44,19 anker_solix_export DEBUG post power_service/v1/site/get_site_detail --> site_detail_2aa94bae-cfec-44ed-5963-b7dabf41036f.json
10:28:44,355 anker_solix_export INFO Saved JSON to file dirxxx/site_detail_2aa94bae-cfec-44ed-5963-b7dabf41036f.json
10:28:44,356 anker_solix_export INFO Exporting wifi list...
10:28:44,356 anker_solix_export DEBUG post power_service/v1/site/get_wifi_info_list --> wifi_list_2aa94bae-cfec-44ed-5963-b7dabf41036f.json
10:28:44,686 anker_solix_export INFO Saved JSON to file dirxxx/wifi_list_2aa94bae-cfec-44ed-5963-b7dabf41036f.json
10:28:44,687 anker_solix_export INFO Exporting installation...
10:28:44,687 anker_solix_export DEBUG post power_service/v1/app/compatible/get_installation --> installation_2aa94bae-cfec-44ed-5963-b7dabf41036f.json
10:28:45,5 anker_solix_export INFO Saved JSON to file dirxxx/installation_2aa94bae-cfec-44ed-5963-b7dabf41036f.json
10:28:45,5 anker_solix_export INFO Exporting site price...
10:28:45,5 anker_solix_export DEBUG post power_service/v1/site/get_site_price --> price_2aa94bae-cfec-44ed-5963-b7dabf41036f.json
10:28:45,330 anker_solix_export INFO Saved JSON to file dirxxx/price_2aa94bae-cfec-44ed-5963-b7dabf41036f.json
10:28:45,331 anker_solix_export INFO Exporting CO2 ranking...
10:28:45,331 anker_solix_export DEBUG post power_service/v1/site/co2_ranking --> co2_ranking_2aa94bae-cfec-44ed-5963-b7dabf41036f.json
10:28:45,647 anker_solix_export INFO Saved JSON to file dirxxx/co2_ranking_2aa94bae-cfec-44ed-5963-b7dabf41036f.json
10:28:45,647 anker_solix_export INFO Exporting device parameter type 4 settings...
10:28:45,647 anker_solix_export DEBUG post power_service/v1/site/get_site_device_param --> device_parm_4_2aa94bae-cfec-44ed-5963-b7dabf41036f.json
10:28:45,963 anker_solix_export ERROR Api: dir***, Method: POST, Endpoint: power_service/v1/site/get_site_device_param, Payload: ("{'site_id': '<siteId>', 'param_type': '4'}",)
<class 'custom_components.anker_solix.solixapi.errors.AnkerSolixError'>: (10004) Anker Api Error: Failed to request.
10:28:45,963 anker_solix_export INFO Exporting device parameter type 6 settings...
10:28:45,963 anker_solix_export DEBUG post power_service/v1/site/get_site_device_param --> device_parm_6_2aa94bae-cfec-44ed-5963-b7dabf41036f.json
10:28:46,288 anker_solix_export INFO Saved JSON to file dirxxx/device_parm_6_2aa94bae-cfec-44ed-5963-b7dabf41036f.json
10:28:46,288 anker_solix_export INFO Exporting device parameter type 9 settings...
10:28:46,289 anker_solix_export DEBUG post power_service/v1/site/get_site_device_param --> device_parm_9_2aa94bae-cfec-44ed-5963-b7dabf41036f.json
10:28:46,603 anker_solix_export ERROR Api: dir***, Method: POST, Endpoint: power_service/v1/site/get_site_device_param, Payload: ("{'site_id': '<siteId>', 'param_type': '9'}",)
<class 'aiohttp.client_exceptions.ClientError'>: ("Api Request Error: 400, message='Bad Request', url='https://ankerpower-api-eu.anker.com/power_service/v1/site/get_site_device_param'", 'response=error: value "9" is not defined in options "[1 2 3 4 5 6 7 12 13 16]"\n')
10:28:46,603 anker_solix_export INFO Exporting device parameter type 12 settings...
10:28:46,603 anker_solix_export DEBUG post power_service/v1/site/get_site_device_param --> device_parm_12_2aa94bae-cfec-44ed-5963-b7dabf41036f.json
10:28:46,923 anker_solix_export INFO Saved JSON to file dirxxx/device_parm_12_2aa94bae-cfec-44ed-5963-b7dabf41036f.json
10:28:46,924 anker_solix_export INFO Exporting device parameter type 13 settings...
10:28:46,924 anker_solix_export DEBUG post power_service/v1/site/get_site_device_param --> device_parm_13_2aa94bae-cfec-44ed-5963-b7dabf41036f.json
10:28:47,240 anker_solix_export INFO Saved JSON to file dirxxx/device_parm_13_2aa94bae-cfec-44ed-5963-b7dabf41036f.json
10:28:47,240 anker_solix_export INFO Exporting site energy data for SOLARBANK...
10:28:47,241 anker_solix_export DEBUG post power_service/v1/site/energy_analysis --> energy_solarbank_2aa94bae-cfec-44ed-5963-b7dabf41036f.json
10:28:47,565 anker_solix_export INFO Saved JSON to file dirxxx/energy_solarbank_2aa94bae-cfec-44ed-5963-b7dabf41036f.json
10:28:47,566 anker_solix_export INFO Exporting site energy data for SOLAR_PRODUCTION...
10:28:47,566 anker_solix_export DEBUG post power_service/v1/site/energy_analysis --> energy_solar_production_2aa94bae-cfec-44ed-5963-b7dabf41036f.json
10:28:47,895 anker_solix_export INFO Saved JSON to file dirxxx/energy_solar_production_2aa94bae-cfec-44ed-5963-b7dabf41036f.json
10:28:47,896 anker_solix_export INFO Exporting site energy data for HOME_USAGE...
10:28:47,896 anker_solix_export DEBUG post power_service/v1/site/energy_analysis --> energy_home_usage_2aa94bae-cfec-44ed-5963-b7dabf41036f.json
10:28:48,224 anker_solix_export INFO Saved JSON to file dirxxx/energy_home_usage_2aa94bae-cfec-44ed-5963-b7dabf41036f.json
10:28:48,225 anker_solix_export INFO Exporting site energy data for GRID...
10:28:48,225 anker_solix_export DEBUG post power_service/v1/site/energy_analysis --> energy_grid_2aa94bae-cfec-44ed-5963-b7dabf41036f.json
10:28:48,547 anker_solix_export INFO Saved JSON to file dirxxx/energy_grid_2aa94bae-cfec-44ed-5963-b7dabf41036f.json
10:28:48,548 anker_solix_export INFO Exporting site energy data for solar production channel PV1...
10:28:48,549 anker_solix_export DEBUG post power_service/v1/site/energy_analysis --> energy_solar_production_pv1_2aa94bae-cfec-44ed-5963-b7dabf41036f.json
10:28:48,873 anker_solix_export INFO Saved JSON to file dirxxx/energy_solar_production_pv1_2aa94bae-cfec-44ed-5963-b7dabf41036f.json
10:28:48,874 anker_solix_export INFO Exporting site energy data for solar production channel PV2...
10:28:48,874 anker_solix_export DEBUG post power_service/v1/site/energy_analysis --> energy_solar_production_pv2_2aa94bae-cfec-44ed-5963-b7dabf41036f.json
10:28:49,204 anker_solix_export INFO Saved JSON to file dirxxx/energy_solar_production_pv2_2aa94bae-cfec-44ed-5963-b7dabf41036f.json
10:28:49,205 anker_solix_export INFO Exporting site energy data for solar production channel PV3...
10:28:49,206 anker_solix_export DEBUG post power_service/v1/site/energy_analysis --> energy_solar_production_pv3_2aa94bae-cfec-44ed-5963-b7dabf41036f.json
10:28:49,530 anker_solix_export INFO Saved JSON to file dirxxx/energy_solar_production_pv3_2aa94bae-cfec-44ed-5963-b7dabf41036f.json
10:28:49,531 anker_solix_export INFO Exporting site energy data for solar production channel PV4...
10:28:49,531 anker_solix_export DEBUG post power_service/v1/site/energy_analysis --> energy_solar_production_pv4_2aa94bae-cfec-44ed-5963-b7dabf41036f.json
10:28:49,858 anker_solix_export INFO Saved JSON to file dirxxx/energy_solar_production_pv4_2aa94bae-cfec-44ed-5963-b7dabf41036f.json
10:28:49,858 anker_solix_export INFO Exporting site energy data for solar production channel MICROINVERTER...
10:28:49,859 anker_solix_export DEBUG post power_service/v1/site/energy_analysis --> energy_solar_production_microinverter_2aa94bae-cfec-44ed-5963-b7dabf41036f.json
10:29:46,455 anker_solix_export INFO Saved JSON to file dirxxx/energy_solar_production_microinverter_2aa94bae-cfec-44ed-5963-b7dabf41036f.json
10:29:46,456 anker_solix_export INFO 
10:29:46,456 anker_solix_export INFO Exporting device specific data for device Solarbank 3 E2700 Pro SN B2ZDH5QYEIRM4DGZA...
10:29:46,456 anker_solix_export INFO Exporting solar info settings for solarbank...
10:29:46,456 anker_solix_export DEBUG post power_service/v1/app/compatible/get_compatible_solar_info --> solar_info_B2ZDH5QYEIRM4DGZA.json
10:29:46,785 anker_solix_export INFO Saved JSON to file dirxxx/solar_info_B2ZDH5QYEIRM4DGZA.json
10:29:46,786 anker_solix_export INFO Exporting compatible process info for solarbank...
10:29:46,786 anker_solix_export DEBUG post power_service/v1/app/compatible/get_compatible_process --> compatible_process_B2ZDH5QYEIRM4DGZA.json
10:29:47,104 anker_solix_export INFO Saved JSON to file dirxxx/compatible_process_B2ZDH5QYEIRM4DGZA.json
10:29:47,105 anker_solix_export INFO Exporting device income for solarbank...
10:29:47,105 anker_solix_export DEBUG post power_service/v1/app/device/get_device_income --> device_income_B2ZDH5QYEIRM4DGZA.json
10:29:47,421 anker_solix_export INFO Saved JSON to file dirxxx/device_income_B2ZDH5QYEIRM4DGZA.json
10:29:47,422 anker_solix_export INFO Exporting power cutoff settings...
10:29:47,422 anker_solix_export DEBUG post power_service/v1/app/compatible/get_power_cutoff --> power_cutoff_B2ZDH5QYEIRM4DGZA.json
10:29:47,761 anker_solix_export INFO Saved JSON to file dirxxx/power_cutoff_B2ZDH5QYEIRM4DGZA.json
10:29:47,762 anker_solix_export INFO Exporting fittings...
10:29:47,762 anker_solix_export DEBUG post power_service/v1/app/get_relate_device_fittings --> device_fittings_B2ZDH5QYEIRM4DGZA.json
10:29:48,98 anker_solix_export INFO Saved JSON to file dirxxx/device_fittings_B2ZDH5QYEIRM4DGZA.json
10:29:48,99 anker_solix_export INFO Exporting load...
10:29:48,99 anker_solix_export DEBUG post power_service/v1/app/device/get_device_home_load --> device_load_B2ZDH5QYEIRM4DGZA.json
10:29:48,431 anker_solix_export INFO Saved JSON to file dirxxx/device_load_B2ZDH5QYEIRM4DGZA.json
10:29:48,433 anker_solix_export INFO Exporting upgrade record for device...
10:29:48,435 anker_solix_export DEBUG post power_service/v1/app/get_upgrade_record --> upgrade_record_1_B2ZDH5QYEIRM4DGZA.json
10:29:48,759 anker_solix_export INFO Saved JSON to file dirxxx/upgrade_record_1_B2ZDH5QYEIRM4DGZA.json
10:29:48,760 anker_solix_export INFO Exporting device attributes...
10:29:48,760 anker_solix_export DEBUG post power_service/v1/app/device/get_device_attrs --> device_attrs_B2ZDH5QYEIRM4DGZA.json
10:29:49,80 anker_solix_export INFO Saved JSON to file dirxxx/device_attrs_B2ZDH5QYEIRM4DGZA.json
10:29:49,82 anker_solix_export INFO Exporting device dynamic price details for Nordpool GER...
10:29:49,82 anker_solix_export DEBUG post power_service/v1/dynamic_price/price_detail --> dynamic_price_details_B2ZDH5QYEIRM4DGZA.json
10:29:49,393 anker_solix_export INFO Saved JSON to file dirxxx/dynamic_price_details_B2ZDH5QYEIRM4DGZA.json
10:29:49,394 anker_solix_export INFO 
10:29:49,394 anker_solix_export INFO Exporting device specific data for device Shelly Pro Home SN 3U9HDQYFU18Z67...
10:29:49,394 anker_solix_export INFO Exporting power cutoff settings...
10:29:49,395 anker_solix_export DEBUG post power_service/v1/app/compatible/get_power_cutoff --> power_cutoff_3U9HDQYFU18Z67.json
10:29:49,729 anker_solix_export INFO Saved JSON to file dirxxx/power_cutoff_3U9HDQYFU18Z67.json
10:29:49,730 anker_solix_export INFO Exporting fittings...
10:29:49,730 anker_solix_export DEBUG post power_service/v1/app/get_relate_device_fittings --> device_fittings_3U9HDQYFU18Z67.json
10:29:50,53 anker_solix_export INFO Saved JSON to file dirxxx/device_fittings_3U9HDQYFU18Z67.json
10:29:50,54 anker_solix_export INFO Exporting load...
10:29:50,54 anker_solix_export DEBUG post power_service/v1/app/device/get_device_home_load --> device_load_3U9HDQYFU18Z67.json
10:29:50,379 anker_solix_export INFO Saved JSON to file dirxxx/device_load_3U9HDQYFU18Z67.json
10:29:50,380 anker_solix_export INFO Exporting upgrade record for device...
10:29:50,380 anker_solix_export DEBUG post power_service/v1/app/get_upgrade_record --> upgrade_record_1_3U9HDQYFU18Z67.json
10:29:50,710 anker_solix_export INFO Saved JSON to file dirxxx/upgrade_record_1_3U9HDQYFU18Z67.json
10:29:50,711 anker_solix_export INFO Exporting device attributes...
10:29:50,711 anker_solix_export DEBUG post power_service/v1/app/device/get_device_attrs --> device_attrs_3U9HDQYFU18Z67.json
10:29:51,32 anker_solix_export INFO Saved JSON to file dirxxx/device_attrs_3U9HDQYFU18Z67.json
10:29:51,33 anker_solix_export INFO 
10:29:51,33 anker_solix_export INFO Exporting device specific data for device Solarbank 2 E1600 AC SN 4494B9VAAVLAOEAI...
10:29:51,33 anker_solix_export INFO Exporting solar info settings for solarbank...
10:29:51,33 anker_solix_export DEBUG post power_service/v1/app/compatible/get_compatible_solar_info --> solar_info_4494B9VAAVLAOEAI.json
10:29:51,359 anker_solix_export INFO Saved JSON to file dirxxx/solar_info_4494B9VAAVLAOEAI.json
10:29:51,360 anker_solix_export INFO Exporting compatible process info for solarbank...
10:29:51,360 anker_solix_export DEBUG post power_service/v1/app/compatible/get_compatible_process --> compatible_process_4494B9VAAVLAOEAI.json
10:29:51,718 anker_solix_export INFO Saved JSON to file dirxxx/compatible_process_4494B9VAAVLAOEAI.json
10:29:51,719 anker_solix_export INFO Exporting device income for solarbank...
10:29:51,719 anker_solix_export DEBUG post power_service/v1/app/device/get_device_income --> device_income_4494B9VAAVLAOEAI.json
10:29:52,32 anker_solix_export INFO Saved JSON to file dirxxx/device_income_4494B9VAAVLAOEAI.json
10:29:52,33 anker_solix_export INFO Exporting power cutoff settings...
10:29:52,33 anker_solix_export DEBUG post power_service/v1/app/compatible/get_power_cutoff --> power_cutoff_4494B9VAAVLAOEAI.json
10:29:52,364 anker_solix_export INFO Saved JSON to file dirxxx/power_cutoff_4494B9VAAVLAOEAI.json
10:29:52,365 anker_solix_export INFO Exporting fittings...
10:29:52,365 anker_solix_export DEBUG post power_service/v1/app/get_relate_device_fittings --> device_fittings_4494B9VAAVLAOEAI.json
10:29:52,693 anker_solix_export INFO Saved JSON to file dirxxx/device_fittings_4494B9VAAVLAOEAI.json
10:29:52,694 anker_solix_export INFO Exporting load...
10:29:52,694 anker_solix_export DEBUG post power_service/v1/app/device/get_device_home_load --> device_load_4494B9VAAVLAOEAI.json
10:29:53,20 anker_solix_export ERROR Api: dir***, Method: POST, Endpoint: power_service/v1/app/device/get_device_home_load, Payload: ('("{\'site_id\': \'<siteId>\', \'device_sn\': \'<deviceSn>\'}",)',)
<class 'custom_components.anker_solix.solixapi.errors.AnkerSolixError'>: (10004) Anker Api Error: Failed to request.
10:29:53,20 anker_solix_export INFO Exporting upgrade record for device...
10:29:53,20 anker_solix_export DEBUG post power_service/v1/app/get_upgrade_record --> upgrade_record_1_4494B9VAAVLAOEAI.json
10:29:53,353 anker_solix_export INFO Saved JSON to file dirxxx/upgrade_record_1_4494B9VAAVLAOEAI.json
10:29:53,354 anker_solix_export INFO Exporting device attributes...
10:29:53,354 anker_solix_export DEBUG post power_service/v1/app/device/get_device_attrs --> device_attrs_4494B9VAAVLAOEAI.json
10:29:53,673 anker_solix_export INFO Saved JSON to file dirxxx/device_attrs_4494B9VAAVLAOEAI.json
10:29:53,674 anker_solix_export INFO 
10:29:53,674 anker_solix_export INFO Exporting device specific data for device Smart Meter SN 1UDKTH3DCIMBLSU3...
10:29:53,674 anker_solix_export INFO Exporting power cutoff settings...
10:29:53,674 anker_solix_export DEBUG post power_service/v1/app/compatible/get_power_cutoff --> power_cutoff_1UDKTH3DCIMBLSU3.json
10:29:54,9 anker_solix_export INFO Saved JSON to file dirxxx/power_cutoff_1UDKTH3DCIMBLSU3.json
10:29:54,10 anker_solix_export INFO Exporting fittings...
10:29:54,10 anker_solix_export DEBUG post power_service/v1/app/get_relate_device_fittings --> device_fittings_1UDKTH3DCIMBLSU3.json
10:29:54,334 anker_solix_export INFO Saved JSON to file dirxxx/device_fittings_1UDKTH3DCIMBLSU3.json
10:29:54,335 anker_solix_export INFO Exporting load...
10:29:54,335 anker_solix_export DEBUG post power_service/v1/app/device/get_device_home_load --> device_load_1UDKTH3DCIMBLSU3.json
10:29:54,656 anker_solix_export ERROR Api: dir***, Method: POST, Endpoint: power_service/v1/app/device/get_device_home_load, Payload: ('("{\'site_id\': \'<siteId>\', \'device_sn\': \'<deviceSn>\'}",)',)
<class 'custom_components.anker_solix.solixapi.errors.AnkerSolixError'>: (10004) Anker Api Error: Failed to request.
10:29:54,656 anker_solix_export INFO Exporting upgrade record for device...
10:29:54,656 anker_solix_export DEBUG post power_service/v1/app/get_upgrade_record --> upgrade_record_1_1UDKTH3DCIMBLSU3.json
10:29:54,989 anker_solix_export INFO Saved JSON to file dirxxx/upgrade_record_1_1UDKTH3DCIMBLSU3.json
10:29:54,990 anker_solix_export INFO Exporting device attributes...
10:29:54,990 anker_solix_export DEBUG post power_service/v1/app/device/get_device_attrs --> device_attrs_1UDKTH3DCIMBLSU3.json
10:29:55,312 anker_solix_export INFO Saved JSON to file dirxxx/device_attrs_1UDKTH3DCIMBLSU3.json
10:29:55,313 anker_solix_export INFO 
10:29:55,313 anker_solix_export INFO Querying charging_energy_service endpoint data...
10:29:55,313 anker_solix_export INFO Exporting Charging error info...
10:29:55,313 anker_solix_export DEBUG post charging_energy_service/get_error_infos --> charging_error_info.json
10:29:55,626 anker_solix_export WARNING charging_energy_service endpoint data queries may not be supported on used server: ("Api Request Error: 503, message='Service Temporarily Unavailable', url='https://ankerpower-api-eu.anker.com/charging_energy_service/get_error_infos'", 'response=<html>\r\n<head><title>503 Service Temporarily Unavailable</title></head>\r\n<body>\r\n<center><h1>503 Service Temporarily Unavailable</h1></center>\r\n<hr><center>openresty</center>\r\n<p><em>Powered by <a href="https://apisix.apache.org/">APISIX</a>.</em></p></body>\r\n</html>\r\n')
10:29:55,626 anker_solix_export WARNING Skipping remaining charging_energy_service endpoint data queries.
10:29:55,627 anker_solix_export INFO 
10:29:55,627 anker_solix_export INFO Querying charging_hes_svc endpoint data...
10:29:55,627 anker_solix_export INFO Exporting HES product info...
10:29:55,627 anker_solix_export DEBUG post charging_hes_svc/get_device_product_info --> hes_product_info.json
10:29:55,950 anker_solix_export INFO Saved JSON to file dirxxx/hes_product_info.json
10:29:55,951 anker_solix_export INFO 
10:29:55,951 anker_solix_export INFO Exporting HES specific data for site e9dbf9b2-5dc7-aaa6-fd97-b4bd15cfac1f...
10:29:55,951 anker_solix_export INFO Exporting HES system running info...
10:29:55,951 anker_solix_export DEBUG post charging_hes_svc/get_system_running_info --> hes_system_running_info_e9dbf9b2-5dc7-aaa6-fd97-b4bd15cfac1f.json
10:29:56,286 anker_solix_export INFO Saved JSON to file dirxxx/hes_system_running_info_e9dbf9b2-5dc7-aaa6-fd97-b4bd15cfac1f.json
10:29:56,287 anker_solix_export INFO No system for charging_hes_svc endpoint data found, skipping remaining site queries...
10:29:56,288 anker_solix_export INFO 
10:29:56,288 anker_solix_export INFO Exporting HES specific data for site 2aa94bae-cfec-44ed-5963-b7dabf41036f...
10:29:56,288 anker_solix_export INFO Exporting HES system running info...
10:29:56,288 anker_solix_export DEBUG post charging_hes_svc/get_system_running_info --> hes_system_running_info_2aa94bae-cfec-44ed-5963-b7dabf41036f.json
10:29:56,627 anker_solix_export INFO Saved JSON to file dirxxx/hes_system_running_info_2aa94bae-cfec-44ed-5963-b7dabf41036f.json
10:29:56,628 anker_solix_export INFO No system for charging_hes_svc endpoint data found, skipping remaining site queries...
10:29:56,628 anker_solix_export INFO No system for charging_hes_svc endpoint data found, skipping remaining queries...
10:29:56,628 anker_solix_export DEBUG Saved api dir*** original testfolder
10:29:56,689 anker_solix_export INFO 
10:29:56,689 anker_solix_export INFO Exporting api dir*** sites cache from files...
10:29:56,689 anker_solix_export DEBUG Api dir*** sites cache --> api_sites.json
10:29:56,692 anker_solix_export INFO Saved JSON to file dirxxx/api_sites.json
10:29:56,693 anker_solix_export INFO Exporting api dir*** devices cache from files...
10:29:56,693 anker_solix_export DEBUG Api dir*** devices cache --> api_devices.json
10:29:56,695 anker_solix_export INFO Saved JSON to file dirxxx/api_devices.json
10:29:56,696 anker_solix_export INFO 
10:29:56,696 anker_solix_export INFO Exporting api dir*** account cache...
10:29:56,696 anker_solix_export DEBUG Api dir*** account cache --> api_account.json
10:29:56,698 anker_solix_export INFO Saved JSON to file dirxxx/api_account.json
10:29:56,699 anker_solix_export INFO Api dir*** request stats: 174 last hour, 63 last minute
