11:43:55,602 anker_solix_export INFO Using AnkerSolixApiExport Version: 2.8.0.0, Date: 2025-07-05, Export Services: set()
11:43:55,602 anker_solix_export INFO 
11:43:55,602 anker_solix_export INFO Querying common endpoint data...
11:43:55,602 anker_solix_export INFO Querying site information...
11:43:56,750 anker_solix_export INFO Querying bind devices information...
11:43:57,88 anker_solix_export INFO Found 2 accessible systems (sites) and 4 devices.
11:43:57,88 anker_solix_export INFO Exporting site list...
11:43:57,88 anker_solix_export DEBUG post power_service/v1/site/get_site_list --> site_list.json
11:43:57,420 anker_solix_export INFO Saved JSON to file dirxxx/site_list.json
11:43:57,421 anker_solix_export INFO Exporting bind devices...
11:43:57,421 anker_solix_export DEBUG post power_service/v1/app/get_relate_and_bind_devices --> bind_devices.json
11:43:57,764 anker_solix_export INFO Saved JSON to file dirxxx/bind_devices.json
11:43:57,764 anker_solix_export INFO Exporting OTA batch info for all devices...
11:43:57,764 anker_solix_export DEBUG post app/ota/batch/check_update --> ota_batch.json
11:43:58,628 anker_solix_export INFO Saved JSON to file dirxxx/ota_batch.json
11:43:58,628 anker_solix_export INFO Exporting message unread status...
11:43:58,628 anker_solix_export DEBUG get power_service/v1/get_message_unread --> message_unread.json
11:43:58,946 anker_solix_export INFO Saved JSON to file dirxxx/message_unread.json
11:43:58,946 anker_solix_export INFO Exporting currency list...
11:43:58,946 anker_solix_export DEBUG post power_service/v1/currency/get_list --> currency_list.json
11:43:59,301 anker_solix_export INFO Saved JSON to file dirxxx/currency_list.json
11:43:59,302 anker_solix_export INFO Exporting supported sites, devices and accessories...
11:43:59,302 anker_solix_export DEBUG post power_service/v1/site/get_site_rules --> list_site_rules.json
11:43:59,618 anker_solix_export INFO Saved JSON to file dirxxx/list_site_rules.json
11:43:59,619 anker_solix_export DEBUG get power_service/v1/product_categories --> list_products.json
11:43:59,970 anker_solix_export INFO Saved JSON to file dirxxx/list_products.json
11:43:59,971 anker_solix_export DEBUG get power_service/v1/product_accessories --> list_accessories.json
11:44:00,304 anker_solix_export INFO Saved JSON to file dirxxx/list_accessories.json
11:44:00,305 anker_solix_export DEBUG post power_service/v1/app/third/platform/list --> list_third_platforms.json
11:44:00,653 anker_solix_export INFO Saved JSON to file dirxxx/list_third_platforms.json
11:44:00,654 anker_solix_export INFO Exporting scene info...
11:44:00,654 anker_solix_export DEBUG post power_service/v1/site/get_scen_info --> scene_6b1c4a6c-ec3f-65f2-a840-5be72c5eefe2.json
11:44:01,52 anker_solix_export INFO Saved JSON to file dirxxx/scene_6b1c4a6c-ec3f-65f2-a840-5be72c5eefe2.json
11:44:01,53 anker_solix_export INFO Exporting scene info...
11:44:01,53 anker_solix_export DEBUG post power_service/v1/site/get_scen_info --> scene_0dfee243-b28a-cff5-bcd6-0fbcb2ccb0ca.json
11:44:01,412 anker_solix_export INFO Saved JSON to file dirxxx/scene_0dfee243-b28a-cff5-bcd6-0fbcb2ccb0ca.json
11:44:01,413 anker_solix_export INFO 
11:44:01,414 anker_solix_export INFO Querying power_service endpoint data...
11:44:01,414 anker_solix_export INFO 
11:44:01,414 anker_solix_export INFO Exporting homepage...
11:44:01,414 anker_solix_export DEBUG post power_service/v1/site/get_site_homepage --> homepage.json
11:44:01,755 anker_solix_export INFO Saved JSON to file dirxxx/homepage.json
11:44:01,755 anker_solix_export INFO Exporting user devices...
11:44:01,756 anker_solix_export DEBUG post power_service/v1/site/list_user_devices --> user_devices.json
11:44:02,157 anker_solix_export INFO Saved JSON to file dirxxx/user_devices.json
11:44:02,158 anker_solix_export INFO Exporting charging devices...
11:44:02,158 anker_solix_export DEBUG post power_service/v1/site/get_charging_device --> charging_devices.json
11:44:02,474 anker_solix_export INFO Saved JSON to file dirxxx/charging_devices.json
11:44:02,475 anker_solix_export INFO Exporting auto upgrade settings...
11:44:02,475 anker_solix_export DEBUG post power_service/v1/app/get_auto_upgrade --> auto_upgrade.json
11:44:02,808 anker_solix_export INFO Saved JSON to file dirxxx/auto_upgrade.json
11:44:02,809 anker_solix_export INFO Exporting config...
11:44:02,809 anker_solix_export DEBUG post power_service/v1/app/get_config --> config.json
11:44:03,123 anker_solix_export INFO Saved JSON to file dirxxx/config.json
11:44:03,124 anker_solix_export INFO Get token for user account...
11:44:03,124 anker_solix_export DEBUG post power_service/v1/app/get_token_by_userid --> get_token.json
11:44:03,439 anker_solix_export INFO Saved JSON to file dirxxx/get_token.json
11:44:03,440 anker_solix_export INFO Get Shelly status with token...
11:44:03,440 anker_solix_export DEBUG post power_service/v1/app/get_user_op_shelly_status --> shelly_status.json
11:44:03,754 anker_solix_export INFO Saved JSON to file dirxxx/shelly_status.json
11:44:03,755 anker_solix_export INFO Get dynamic price sites for user account...
11:44:03,755 anker_solix_export DEBUG post power_service/v1/dynamic_price/check_available --> dynamic_price_sites.json
11:44:04,75 anker_solix_export INFO Saved JSON to file dirxxx/dynamic_price_sites.json
11:44:04,75 anker_solix_export INFO Exporting dynamic price providers for model 'A17C5'...
11:44:04,75 anker_solix_export DEBUG post power_service/v1/dynamic_price/support_option --> dynamic_price_providers_A17C5.json
11:44:04,391 anker_solix_export INFO Saved JSON to file dirxxx/dynamic_price_providers_A17C5.json
11:44:04,392 anker_solix_export INFO 
11:44:04,392 anker_solix_export INFO Exporting site specific data for site 6b1c4a6c-ec3f-65f2-a840-5be72c5eefe2...
11:44:04,392 anker_solix_export INFO Exporting site detail...
11:44:04,392 anker_solix_export DEBUG post power_service/v1/site/get_site_detail --> site_detail_6b1c4a6c-ec3f-65f2-a840-5be72c5eefe2.json
11:44:04,730 anker_solix_export INFO Saved JSON to file dirxxx/site_detail_6b1c4a6c-ec3f-65f2-a840-5be72c5eefe2.json
11:44:04,731 anker_solix_export INFO Exporting wifi list...
11:44:04,731 anker_solix_export DEBUG post power_service/v1/site/get_wifi_info_list --> wifi_list_6b1c4a6c-ec3f-65f2-a840-5be72c5eefe2.json
11:44:05,95 anker_solix_export INFO Saved JSON to file dirxxx/wifi_list_6b1c4a6c-ec3f-65f2-a840-5be72c5eefe2.json
11:44:05,96 anker_solix_export INFO Exporting installation...
11:44:05,96 anker_solix_export DEBUG post power_service/v1/app/compatible/get_installation --> installation_6b1c4a6c-ec3f-65f2-a840-5be72c5eefe2.json
11:44:05,414 anker_solix_export INFO Saved JSON to file dirxxx/installation_6b1c4a6c-ec3f-65f2-a840-5be72c5eefe2.json
11:44:05,414 anker_solix_export INFO Exporting site price...
11:44:05,414 anker_solix_export DEBUG post power_service/v1/site/get_site_price --> price_6b1c4a6c-ec3f-65f2-a840-5be72c5eefe2.json
11:44:05,738 anker_solix_export INFO Saved JSON to file dirxxx/price_6b1c4a6c-ec3f-65f2-a840-5be72c5eefe2.json
11:44:05,739 anker_solix_export INFO Exporting CO2 ranking...
11:44:05,739 anker_solix_export DEBUG post power_service/v1/site/co2_ranking --> co2_ranking_6b1c4a6c-ec3f-65f2-a840-5be72c5eefe2.json
11:44:06,54 anker_solix_export INFO Saved JSON to file dirxxx/co2_ranking_6b1c4a6c-ec3f-65f2-a840-5be72c5eefe2.json
11:44:06,55 anker_solix_export INFO Exporting site forecast schedule...
11:44:06,55 anker_solix_export DEBUG post power_service/v1/site/get_schedule --> forecast_schedule_6b1c4a6c-ec3f-65f2-a840-5be72c5eefe2.json
11:44:06,374 anker_solix_export INFO Saved JSON to file dirxxx/forecast_schedule_6b1c4a6c-ec3f-65f2-a840-5be72c5eefe2.json
11:44:06,375 anker_solix_export INFO Exporting AI EMS status...
11:44:06,375 anker_solix_export DEBUG post power_service/v1/ai_ems/get_status --> ai_ems_status_6b1c4a6c-ec3f-65f2-a840-5be72c5eefe2.json
11:44:06,690 anker_solix_export INFO Saved JSON to file dirxxx/ai_ems_status_6b1c4a6c-ec3f-65f2-a840-5be72c5eefe2.json
11:44:06,691 anker_solix_export INFO Exporting device parameter type 4 settings...
11:44:06,691 anker_solix_export DEBUG post power_service/v1/site/get_site_device_param --> device_parm_4_6b1c4a6c-ec3f-65f2-a840-5be72c5eefe2.json
11:44:07,6 anker_solix_export ERROR Api: dir***, Method: POST, Endpoint: power_service/v1/site/get_site_device_param, Payload: ("{'site_id': '<siteId>', 'param_type': '4'}",)
<class 'custom_components.anker_solix.solixapi.errors.AnkerSolixError'>: (10004) Anker Api Error: Failed to request.
11:44:07,6 anker_solix_export INFO Exporting device parameter type 6 settings...
11:44:07,6 anker_solix_export DEBUG post power_service/v1/site/get_site_device_param --> device_parm_6_6b1c4a6c-ec3f-65f2-a840-5be72c5eefe2.json
11:44:07,328 anker_solix_export INFO Saved JSON to file dirxxx/device_parm_6_6b1c4a6c-ec3f-65f2-a840-5be72c5eefe2.json
11:44:07,329 anker_solix_export INFO Exporting device parameter type 9 settings...
11:44:07,329 anker_solix_export DEBUG post power_service/v1/site/get_site_device_param --> device_parm_9_6b1c4a6c-ec3f-65f2-a840-5be72c5eefe2.json
11:44:07,642 anker_solix_export ERROR Api: dir***, Method: POST, Endpoint: power_service/v1/site/get_site_device_param, Payload: ("{'site_id': '<siteId>', 'param_type': '9'}",)
<class 'aiohttp.client_exceptions.ClientError'>: ("Api Request Error: 400, message='Bad Request', url='https://ankerpower-api-eu.anker.com/power_service/v1/site/get_site_device_param'", 'response=error: value "9" is not defined in options "[1 2 3 4 5 6 7 12 13 16]"\n')
11:44:07,642 anker_solix_export INFO Exporting device parameter type 12 settings...
11:44:07,642 anker_solix_export DEBUG post power_service/v1/site/get_site_device_param --> device_parm_12_6b1c4a6c-ec3f-65f2-a840-5be72c5eefe2.json
11:44:07,959 anker_solix_export INFO Saved JSON to file dirxxx/device_parm_12_6b1c4a6c-ec3f-65f2-a840-5be72c5eefe2.json
11:44:07,960 anker_solix_export INFO Exporting device parameter type 13 settings...
11:44:07,960 anker_solix_export DEBUG post power_service/v1/site/get_site_device_param --> device_parm_13_6b1c4a6c-ec3f-65f2-a840-5be72c5eefe2.json
11:44:08,276 anker_solix_export INFO Saved JSON to file dirxxx/device_parm_13_6b1c4a6c-ec3f-65f2-a840-5be72c5eefe2.json
11:44:08,278 anker_solix_export INFO Exporting site energy data for SOLARBANK...
11:44:08,278 anker_solix_export DEBUG post power_service/v1/site/energy_analysis --> energy_solarbank_6b1c4a6c-ec3f-65f2-a840-5be72c5eefe2.json
11:44:08,608 anker_solix_export INFO Saved JSON to file dirxxx/energy_solarbank_6b1c4a6c-ec3f-65f2-a840-5be72c5eefe2.json
11:44:08,612 anker_solix_export INFO Exporting site energy data for SOLAR_PRODUCTION...
11:44:08,612 anker_solix_export DEBUG post power_service/v1/site/energy_analysis --> energy_solar_production_6b1c4a6c-ec3f-65f2-a840-5be72c5eefe2.json
11:44:08,937 anker_solix_export INFO Saved JSON to file dirxxx/energy_solar_production_6b1c4a6c-ec3f-65f2-a840-5be72c5eefe2.json
11:44:08,938 anker_solix_export INFO Exporting site energy data for HOME_USAGE...
11:44:08,938 anker_solix_export DEBUG post power_service/v1/site/energy_analysis --> energy_home_usage_6b1c4a6c-ec3f-65f2-a840-5be72c5eefe2.json
11:44:09,277 anker_solix_export INFO Saved JSON to file dirxxx/energy_home_usage_6b1c4a6c-ec3f-65f2-a840-5be72c5eefe2.json
11:44:09,278 anker_solix_export INFO Exporting site energy data for GRID...
11:44:09,279 anker_solix_export DEBUG post power_service/v1/site/energy_analysis --> energy_grid_6b1c4a6c-ec3f-65f2-a840-5be72c5eefe2.json
11:44:09,601 anker_solix_export INFO Saved JSON to file dirxxx/energy_grid_6b1c4a6c-ec3f-65f2-a840-5be72c5eefe2.json
11:44:09,602 anker_solix_export INFO Exporting site energy data for solar production channel PV1...
11:44:09,603 anker_solix_export DEBUG post power_service/v1/site/energy_analysis --> energy_solar_production_pv1_6b1c4a6c-ec3f-65f2-a840-5be72c5eefe2.json
11:44:09,927 anker_solix_export INFO Saved JSON to file dirxxx/energy_solar_production_pv1_6b1c4a6c-ec3f-65f2-a840-5be72c5eefe2.json
11:44:09,928 anker_solix_export INFO Exporting site energy data for solar production channel PV2...
11:44:09,928 anker_solix_export DEBUG post power_service/v1/site/energy_analysis --> energy_solar_production_pv2_6b1c4a6c-ec3f-65f2-a840-5be72c5eefe2.json
11:44:10,256 anker_solix_export INFO Saved JSON to file dirxxx/energy_solar_production_pv2_6b1c4a6c-ec3f-65f2-a840-5be72c5eefe2.json
11:44:10,257 anker_solix_export INFO Exporting site energy data for solar production channel PV3...
11:44:10,257 anker_solix_export DEBUG post power_service/v1/site/energy_analysis --> energy_solar_production_pv3_6b1c4a6c-ec3f-65f2-a840-5be72c5eefe2.json
11:44:10,581 anker_solix_export INFO Saved JSON to file dirxxx/energy_solar_production_pv3_6b1c4a6c-ec3f-65f2-a840-5be72c5eefe2.json
11:44:10,581 anker_solix_export INFO Exporting site energy data for solar production channel PV4...
11:44:10,582 anker_solix_export DEBUG post power_service/v1/site/energy_analysis --> energy_solar_production_pv4_6b1c4a6c-ec3f-65f2-a840-5be72c5eefe2.json
11:44:10,905 anker_solix_export INFO Saved JSON to file dirxxx/energy_solar_production_pv4_6b1c4a6c-ec3f-65f2-a840-5be72c5eefe2.json
11:44:10,906 anker_solix_export INFO Exporting site energy data for solar production channel MICROINVERTER...
11:44:10,906 anker_solix_export DEBUG post power_service/v1/site/energy_analysis --> energy_solar_production_microinverter_6b1c4a6c-ec3f-65f2-a840-5be72c5eefe2.json
11:44:11,242 anker_solix_export INFO Saved JSON to file dirxxx/energy_solar_production_microinverter_6b1c4a6c-ec3f-65f2-a840-5be72c5eefe2.json
11:44:11,243 anker_solix_export INFO 
11:44:11,243 anker_solix_export INFO Exporting site specific data for site 0dfee243-b28a-cff5-bcd6-0fbcb2ccb0ca...
11:44:11,243 anker_solix_export INFO Exporting site detail...
11:44:11,243 anker_solix_export DEBUG post power_service/v1/site/get_site_detail --> site_detail_0dfee243-b28a-cff5-bcd6-0fbcb2ccb0ca.json
11:44:11,577 anker_solix_export INFO Saved JSON to file dirxxx/site_detail_0dfee243-b28a-cff5-bcd6-0fbcb2ccb0ca.json
11:44:11,578 anker_solix_export INFO Exporting wifi list...
11:44:11,578 anker_solix_export DEBUG post power_service/v1/site/get_wifi_info_list --> wifi_list_0dfee243-b28a-cff5-bcd6-0fbcb2ccb0ca.json
11:44:11,918 anker_solix_export INFO Saved JSON to file dirxxx/wifi_list_0dfee243-b28a-cff5-bcd6-0fbcb2ccb0ca.json
11:44:11,923 anker_solix_export INFO Exporting installation...
11:44:11,923 anker_solix_export DEBUG post power_service/v1/app/compatible/get_installation --> installation_0dfee243-b28a-cff5-bcd6-0fbcb2ccb0ca.json
11:44:12,221 anker_solix_export INFO Saved JSON to file dirxxx/installation_0dfee243-b28a-cff5-bcd6-0fbcb2ccb0ca.json
11:44:12,222 anker_solix_export INFO Exporting site price...
11:44:12,222 anker_solix_export DEBUG post power_service/v1/site/get_site_price --> price_0dfee243-b28a-cff5-bcd6-0fbcb2ccb0ca.json
11:44:12,557 anker_solix_export INFO Saved JSON to file dirxxx/price_0dfee243-b28a-cff5-bcd6-0fbcb2ccb0ca.json
11:44:12,559 anker_solix_export INFO Exporting CO2 ranking...
11:44:12,559 anker_solix_export DEBUG post power_service/v1/site/co2_ranking --> co2_ranking_0dfee243-b28a-cff5-bcd6-0fbcb2ccb0ca.json
11:44:12,871 anker_solix_export INFO Saved JSON to file dirxxx/co2_ranking_0dfee243-b28a-cff5-bcd6-0fbcb2ccb0ca.json
11:44:12,872 anker_solix_export INFO Exporting device parameter type 4 settings...
11:44:12,872 anker_solix_export DEBUG post power_service/v1/site/get_site_device_param --> device_parm_4_0dfee243-b28a-cff5-bcd6-0fbcb2ccb0ca.json
11:44:13,187 anker_solix_export ERROR Api: dir***, Method: POST, Endpoint: power_service/v1/site/get_site_device_param, Payload: ("{'site_id': '<siteId>', 'param_type': '4'}",)
<class 'custom_components.anker_solix.solixapi.errors.AnkerSolixError'>: (10004) Anker Api Error: Failed to request.
11:44:13,187 anker_solix_export INFO Exporting device parameter type 6 settings...
11:44:13,187 anker_solix_export DEBUG post power_service/v1/site/get_site_device_param --> device_parm_6_0dfee243-b28a-cff5-bcd6-0fbcb2ccb0ca.json
11:44:13,508 anker_solix_export INFO Saved JSON to file dirxxx/device_parm_6_0dfee243-b28a-cff5-bcd6-0fbcb2ccb0ca.json
11:44:13,509 anker_solix_export INFO Exporting device parameter type 9 settings...
11:44:13,509 anker_solix_export DEBUG post power_service/v1/site/get_site_device_param --> device_parm_9_0dfee243-b28a-cff5-bcd6-0fbcb2ccb0ca.json
11:44:13,823 anker_solix_export ERROR Api: dir***, Method: POST, Endpoint: power_service/v1/site/get_site_device_param, Payload: ("{'site_id': '<siteId>', 'param_type': '9'}",)
<class 'aiohttp.client_exceptions.ClientError'>: ("Api Request Error: 400, message='Bad Request', url='https://ankerpower-api-eu.anker.com/power_service/v1/site/get_site_device_param'", 'response=error: value "9" is not defined in options "[1 2 3 4 5 6 7 12 13 16]"\n')
11:44:13,823 anker_solix_export INFO Exporting device parameter type 12 settings...
11:44:13,823 anker_solix_export DEBUG post power_service/v1/site/get_site_device_param --> device_parm_12_0dfee243-b28a-cff5-bcd6-0fbcb2ccb0ca.json
11:44:14,140 anker_solix_export INFO Saved JSON to file dirxxx/device_parm_12_0dfee243-b28a-cff5-bcd6-0fbcb2ccb0ca.json
11:44:14,141 anker_solix_export INFO Exporting device parameter type 13 settings...
11:44:14,141 anker_solix_export DEBUG post power_service/v1/site/get_site_device_param --> device_parm_13_0dfee243-b28a-cff5-bcd6-0fbcb2ccb0ca.json
11:44:14,456 anker_solix_export INFO Saved JSON to file dirxxx/device_parm_13_0dfee243-b28a-cff5-bcd6-0fbcb2ccb0ca.json
11:44:14,457 anker_solix_export INFO Exporting site energy data for SOLARBANK...
11:44:14,457 anker_solix_export DEBUG post power_service/v1/site/energy_analysis --> energy_solarbank_0dfee243-b28a-cff5-bcd6-0fbcb2ccb0ca.json
11:44:14,785 anker_solix_export INFO Saved JSON to file dirxxx/energy_solarbank_0dfee243-b28a-cff5-bcd6-0fbcb2ccb0ca.json
11:44:14,786 anker_solix_export INFO Exporting site energy data for SOLAR_PRODUCTION...
11:44:14,786 anker_solix_export DEBUG post power_service/v1/site/energy_analysis --> energy_solar_production_0dfee243-b28a-cff5-bcd6-0fbcb2ccb0ca.json
11:45:13,677 anker_solix_export INFO Saved JSON to file dirxxx/energy_solar_production_0dfee243-b28a-cff5-bcd6-0fbcb2ccb0ca.json
11:45:13,678 anker_solix_export INFO Exporting site energy data for HOME_USAGE...
11:45:13,678 anker_solix_export DEBUG post power_service/v1/site/energy_analysis --> energy_home_usage_0dfee243-b28a-cff5-bcd6-0fbcb2ccb0ca.json
11:45:14,3 anker_solix_export INFO Saved JSON to file dirxxx/energy_home_usage_0dfee243-b28a-cff5-bcd6-0fbcb2ccb0ca.json
11:45:14,4 anker_solix_export INFO Exporting site energy data for GRID...
11:45:14,4 anker_solix_export DEBUG post power_service/v1/site/energy_analysis --> energy_grid_0dfee243-b28a-cff5-bcd6-0fbcb2ccb0ca.json
11:45:14,330 anker_solix_export INFO Saved JSON to file dirxxx/energy_grid_0dfee243-b28a-cff5-bcd6-0fbcb2ccb0ca.json
11:45:14,331 anker_solix_export INFO Exporting site energy data for solar production channel PV1...
11:45:14,331 anker_solix_export DEBUG post power_service/v1/site/energy_analysis --> energy_solar_production_pv1_0dfee243-b28a-cff5-bcd6-0fbcb2ccb0ca.json
11:45:14,655 anker_solix_export INFO Saved JSON to file dirxxx/energy_solar_production_pv1_0dfee243-b28a-cff5-bcd6-0fbcb2ccb0ca.json
11:45:14,655 anker_solix_export INFO Exporting site energy data for solar production channel PV2...
11:45:14,656 anker_solix_export DEBUG post power_service/v1/site/energy_analysis --> energy_solar_production_pv2_0dfee243-b28a-cff5-bcd6-0fbcb2ccb0ca.json
11:45:14,984 anker_solix_export INFO Saved JSON to file dirxxx/energy_solar_production_pv2_0dfee243-b28a-cff5-bcd6-0fbcb2ccb0ca.json
11:45:14,985 anker_solix_export INFO Exporting site energy data for solar production channel PV3...
11:45:14,985 anker_solix_export DEBUG post power_service/v1/site/energy_analysis --> energy_solar_production_pv3_0dfee243-b28a-cff5-bcd6-0fbcb2ccb0ca.json
11:45:15,313 anker_solix_export INFO Saved JSON to file dirxxx/energy_solar_production_pv3_0dfee243-b28a-cff5-bcd6-0fbcb2ccb0ca.json
11:45:15,314 anker_solix_export INFO Exporting site energy data for solar production channel PV4...
11:45:15,314 anker_solix_export DEBUG post power_service/v1/site/energy_analysis --> energy_solar_production_pv4_0dfee243-b28a-cff5-bcd6-0fbcb2ccb0ca.json
11:45:15,644 anker_solix_export INFO Saved JSON to file dirxxx/energy_solar_production_pv4_0dfee243-b28a-cff5-bcd6-0fbcb2ccb0ca.json
11:45:15,645 anker_solix_export INFO Exporting site energy data for solar production channel MICROINVERTER...
11:45:15,645 anker_solix_export DEBUG post power_service/v1/site/energy_analysis --> energy_solar_production_microinverter_0dfee243-b28a-cff5-bcd6-0fbcb2ccb0ca.json
11:45:15,968 anker_solix_export INFO Saved JSON to file dirxxx/energy_solar_production_microinverter_0dfee243-b28a-cff5-bcd6-0fbcb2ccb0ca.json
11:45:15,969 anker_solix_export INFO 
11:45:15,969 anker_solix_export INFO Exporting device specific data for device Solarbank 3 E2700 Pro SN DRVAACFZ5HDHWL8Q5...
11:45:15,969 anker_solix_export INFO Exporting solar info settings for solarbank...
11:45:15,969 anker_solix_export DEBUG post power_service/v1/app/compatible/get_compatible_solar_info --> solar_info_DRVAACFZ5HDHWL8Q5.json
11:45:16,286 anker_solix_export INFO Saved JSON to file dirxxx/solar_info_DRVAACFZ5HDHWL8Q5.json
11:45:16,287 anker_solix_export INFO Exporting compatible process info for solarbank...
11:45:16,287 anker_solix_export DEBUG post power_service/v1/app/compatible/get_compatible_process --> compatible_process_DRVAACFZ5HDHWL8Q5.json
11:45:16,601 anker_solix_export INFO Saved JSON to file dirxxx/compatible_process_DRVAACFZ5HDHWL8Q5.json
11:45:16,602 anker_solix_export INFO Exporting device income for solarbank...
11:45:16,602 anker_solix_export DEBUG post power_service/v1/app/device/get_device_income --> device_income_DRVAACFZ5HDHWL8Q5.json
11:45:16,917 anker_solix_export INFO Saved JSON to file dirxxx/device_income_DRVAACFZ5HDHWL8Q5.json
11:45:16,918 anker_solix_export INFO Exporting power cutoff settings...
11:45:16,918 anker_solix_export DEBUG post power_service/v1/app/compatible/get_power_cutoff --> power_cutoff_DRVAACFZ5HDHWL8Q5.json
11:45:17,256 anker_solix_export INFO Saved JSON to file dirxxx/power_cutoff_DRVAACFZ5HDHWL8Q5.json
11:45:17,258 anker_solix_export INFO Exporting fittings...
11:45:17,258 anker_solix_export DEBUG post power_service/v1/app/get_relate_device_fittings --> device_fittings_DRVAACFZ5HDHWL8Q5.json
11:45:17,576 anker_solix_export INFO Saved JSON to file dirxxx/device_fittings_DRVAACFZ5HDHWL8Q5.json
11:45:17,577 anker_solix_export INFO Exporting load...
11:45:17,577 anker_solix_export DEBUG post power_service/v1/app/device/get_device_home_load --> device_load_DRVAACFZ5HDHWL8Q5.json
11:45:17,908 anker_solix_export INFO Saved JSON to file dirxxx/device_load_DRVAACFZ5HDHWL8Q5.json
11:45:17,909 anker_solix_export INFO Exporting upgrade record for device...
11:45:17,909 anker_solix_export DEBUG post power_service/v1/app/get_upgrade_record --> upgrade_record_1_DRVAACFZ5HDHWL8Q5.json
11:45:18,241 anker_solix_export INFO Saved JSON to file dirxxx/upgrade_record_1_DRVAACFZ5HDHWL8Q5.json
11:45:18,242 anker_solix_export INFO Exporting device attributes...
11:45:18,242 anker_solix_export DEBUG post power_service/v1/app/device/get_device_attrs --> device_attrs_DRVAACFZ5HDHWL8Q5.json
11:45:18,557 anker_solix_export INFO Saved JSON to file dirxxx/device_attrs_DRVAACFZ5HDHWL8Q5.json
11:45:18,558 anker_solix_export INFO Exporting device dynamic price details for Nordpool GER...
11:45:18,558 anker_solix_export DEBUG post power_service/v1/dynamic_price/price_detail --> dynamic_price_details_DRVAACFZ5HDHWL8Q5.json
11:45:18,872 anker_solix_export INFO Saved JSON to file dirxxx/dynamic_price_details_DRVAACFZ5HDHWL8Q5.json
11:45:18,874 anker_solix_export INFO 
11:45:18,874 anker_solix_export INFO Exporting device specific data for device Shelly Pro Home SN GBCOTRWKNXCD6U...
11:45:18,874 anker_solix_export INFO Exporting power cutoff settings...
11:45:18,874 anker_solix_export DEBUG post power_service/v1/app/compatible/get_power_cutoff --> power_cutoff_GBCOTRWKNXCD6U.json
11:45:19,209 anker_solix_export INFO Saved JSON to file dirxxx/power_cutoff_GBCOTRWKNXCD6U.json
11:45:19,210 anker_solix_export INFO Exporting fittings...
11:45:19,210 anker_solix_export DEBUG post power_service/v1/app/get_relate_device_fittings --> device_fittings_GBCOTRWKNXCD6U.json
11:45:19,545 anker_solix_export INFO Saved JSON to file dirxxx/device_fittings_GBCOTRWKNXCD6U.json
11:45:19,546 anker_solix_export INFO Exporting load...
11:45:19,546 anker_solix_export DEBUG post power_service/v1/app/device/get_device_home_load --> device_load_GBCOTRWKNXCD6U.json
11:45:19,875 anker_solix_export INFO Saved JSON to file dirxxx/device_load_GBCOTRWKNXCD6U.json
11:45:19,876 anker_solix_export INFO Exporting upgrade record for device...
11:45:19,876 anker_solix_export DEBUG post power_service/v1/app/get_upgrade_record --> upgrade_record_1_GBCOTRWKNXCD6U.json
11:45:20,202 anker_solix_export INFO Saved JSON to file dirxxx/upgrade_record_1_GBCOTRWKNXCD6U.json
11:45:20,203 anker_solix_export INFO Exporting device attributes...
11:45:20,203 anker_solix_export DEBUG post power_service/v1/app/device/get_device_attrs --> device_attrs_GBCOTRWKNXCD6U.json
11:45:20,518 anker_solix_export INFO Saved JSON to file dirxxx/device_attrs_GBCOTRWKNXCD6U.json
11:45:20,519 anker_solix_export INFO 
11:45:20,519 anker_solix_export INFO Exporting device specific data for device Solarbank 2 E1600 AC SN 2HUES01SE2RX2JIF...
11:45:20,519 anker_solix_export INFO Exporting solar info settings for solarbank...
11:45:20,519 anker_solix_export DEBUG post power_service/v1/app/compatible/get_compatible_solar_info --> solar_info_2HUES01SE2RX2JIF.json
11:45:20,836 anker_solix_export INFO Saved JSON to file dirxxx/solar_info_2HUES01SE2RX2JIF.json
11:45:20,837 anker_solix_export INFO Exporting compatible process info for solarbank...
11:45:20,837 anker_solix_export DEBUG post power_service/v1/app/compatible/get_compatible_process --> compatible_process_2HUES01SE2RX2JIF.json
11:45:21,158 anker_solix_export INFO Saved JSON to file dirxxx/compatible_process_2HUES01SE2RX2JIF.json
11:45:21,160 anker_solix_export INFO Exporting device income for solarbank...
11:45:21,160 anker_solix_export DEBUG post power_service/v1/app/device/get_device_income --> device_income_2HUES01SE2RX2JIF.json
11:45:21,467 anker_solix_export INFO Saved JSON to file dirxxx/device_income_2HUES01SE2RX2JIF.json
11:45:21,468 anker_solix_export INFO Exporting power cutoff settings...
11:45:21,468 anker_solix_export DEBUG post power_service/v1/app/compatible/get_power_cutoff --> power_cutoff_2HUES01SE2RX2JIF.json
11:45:21,815 anker_solix_export INFO Saved JSON to file dirxxx/power_cutoff_2HUES01SE2RX2JIF.json
11:45:21,815 anker_solix_export INFO Exporting fittings...
11:45:21,816 anker_solix_export DEBUG post power_service/v1/app/get_relate_device_fittings --> device_fittings_2HUES01SE2RX2JIF.json
11:45:22,138 anker_solix_export INFO Saved JSON to file dirxxx/device_fittings_2HUES01SE2RX2JIF.json
11:45:22,139 anker_solix_export INFO Exporting load...
11:45:22,139 anker_solix_export DEBUG post power_service/v1/app/device/get_device_home_load --> device_load_2HUES01SE2RX2JIF.json
11:45:22,455 anker_solix_export ERROR Api: dir***, Method: POST, Endpoint: power_service/v1/app/device/get_device_home_load, Payload: ('("{\'site_id\': \'<siteId>\', \'device_sn\': \'<deviceSn>\'}",)',)
<class 'custom_components.anker_solix.solixapi.errors.AnkerSolixError'>: (10004) Anker Api Error: Failed to request.
11:45:22,455 anker_solix_export INFO Exporting upgrade record for device...
11:45:22,455 anker_solix_export DEBUG post power_service/v1/app/get_upgrade_record --> upgrade_record_1_2HUES01SE2RX2JIF.json
11:45:22,797 anker_solix_export INFO Saved JSON to file dirxxx/upgrade_record_1_2HUES01SE2RX2JIF.json
11:45:22,797 anker_solix_export INFO Exporting device attributes...
11:45:22,797 anker_solix_export DEBUG post power_service/v1/app/device/get_device_attrs --> device_attrs_2HUES01SE2RX2JIF.json
11:45:23,115 anker_solix_export INFO Saved JSON to file dirxxx/device_attrs_2HUES01SE2RX2JIF.json
11:45:23,116 anker_solix_export INFO 
11:45:23,116 anker_solix_export INFO Exporting device specific data for device Smart Meter SN NRL2VNK0468UWHYV...
11:45:23,116 anker_solix_export INFO Exporting power cutoff settings...
11:45:23,116 anker_solix_export DEBUG post power_service/v1/app/compatible/get_power_cutoff --> power_cutoff_NRL2VNK0468UWHYV.json
11:45:23,451 anker_solix_export INFO Saved JSON to file dirxxx/power_cutoff_NRL2VNK0468UWHYV.json
11:45:23,451 anker_solix_export INFO Exporting fittings...
11:45:23,452 anker_solix_export DEBUG post power_service/v1/app/get_relate_device_fittings --> device_fittings_NRL2VNK0468UWHYV.json
11:45:23,772 anker_solix_export INFO Saved JSON to file dirxxx/device_fittings_NRL2VNK0468UWHYV.json
11:45:23,772 anker_solix_export INFO Exporting load...
11:45:23,772 anker_solix_export DEBUG post power_service/v1/app/device/get_device_home_load --> device_load_NRL2VNK0468UWHYV.json
11:45:24,107 anker_solix_export ERROR Api: dir***, Method: POST, Endpoint: power_service/v1/app/device/get_device_home_load, Payload: ('("{\'site_id\': \'<siteId>\', \'device_sn\': \'<deviceSn>\'}",)',)
<class 'custom_components.anker_solix.solixapi.errors.AnkerSolixError'>: (10004) Anker Api Error: Failed to request.
11:45:24,107 anker_solix_export INFO Exporting upgrade record for device...
11:45:24,107 anker_solix_export DEBUG post power_service/v1/app/get_upgrade_record --> upgrade_record_1_NRL2VNK0468UWHYV.json
11:45:24,434 anker_solix_export INFO Saved JSON to file dirxxx/upgrade_record_1_NRL2VNK0468UWHYV.json
11:45:24,435 anker_solix_export INFO Exporting device attributes...
11:45:24,435 anker_solix_export DEBUG post power_service/v1/app/device/get_device_attrs --> device_attrs_NRL2VNK0468UWHYV.json
11:45:24,753 anker_solix_export INFO Saved JSON to file dirxxx/device_attrs_NRL2VNK0468UWHYV.json
11:45:24,754 anker_solix_export INFO 
11:45:24,754 anker_solix_export INFO Querying charging_energy_service endpoint data...
11:45:24,754 anker_solix_export INFO Exporting Charging error info...
11:45:24,754 anker_solix_export DEBUG post charging_energy_service/get_error_infos --> charging_error_info.json
11:45:25,66 anker_solix_export WARNING charging_energy_service endpoint data queries may not be supported on used server: ("Api Request Error: 503, message='Service Temporarily Unavailable', url='https://ankerpower-api-eu.anker.com/charging_energy_service/get_error_infos'", 'response=<html>\r\n<head><title>503 Service Temporarily Unavailable</title></head>\r\n<body>\r\n<center><h1>503 Service Temporarily Unavailable</h1></center>\r\n<hr><center>openresty</center>\r\n<p><em>Powered by <a href="https://apisix.apache.org/">APISIX</a>.</em></p></body>\r\n</html>\r\n')
11:45:25,66 anker_solix_export WARNING Skipping remaining charging_energy_service endpoint data queries.
11:45:25,67 anker_solix_export INFO 
11:45:25,67 anker_solix_export INFO Querying charging_hes_svc endpoint data...
11:45:25,67 anker_solix_export INFO Exporting HES product info...
11:45:25,67 anker_solix_export DEBUG post charging_hes_svc/get_device_product_info --> hes_product_info.json
11:45:25,388 anker_solix_export INFO Saved JSON to file dirxxx/hes_product_info.json
11:45:25,389 anker_solix_export INFO 
11:45:25,389 anker_solix_export INFO Exporting HES specific data for site 6b1c4a6c-ec3f-65f2-a840-5be72c5eefe2...
11:45:25,389 anker_solix_export INFO Exporting HES system running info...
11:45:25,389 anker_solix_export DEBUG post charging_hes_svc/get_system_running_info --> hes_system_running_info_6b1c4a6c-ec3f-65f2-a840-5be72c5eefe2.json
11:45:25,721 anker_solix_export INFO Saved JSON to file dirxxx/hes_system_running_info_6b1c4a6c-ec3f-65f2-a840-5be72c5eefe2.json
11:45:25,721 anker_solix_export INFO No system for charging_hes_svc endpoint data found, skipping remaining site queries...
11:45:25,721 anker_solix_export INFO 
11:45:25,722 anker_solix_export INFO Exporting HES specific data for site 0dfee243-b28a-cff5-bcd6-0fbcb2ccb0ca...
11:45:25,722 anker_solix_export INFO Exporting HES system running info...
11:45:25,722 anker_solix_export DEBUG post charging_hes_svc/get_system_running_info --> hes_system_running_info_0dfee243-b28a-cff5-bcd6-0fbcb2ccb0ca.json
11:45:26,57 anker_solix_export INFO Saved JSON to file dirxxx/hes_system_running_info_0dfee243-b28a-cff5-bcd6-0fbcb2ccb0ca.json
11:45:26,58 anker_solix_export INFO No system for charging_hes_svc endpoint data found, skipping remaining site queries...
11:45:26,58 anker_solix_export INFO No system for charging_hes_svc endpoint data found, skipping remaining queries...
11:45:26,59 anker_solix_export DEBUG Saved api dir*** original testfolder
11:45:26,184 anker_solix_export INFO 
11:45:26,185 anker_solix_export INFO Exporting api dir*** sites cache from files...
11:45:26,185 anker_solix_export DEBUG Api dir*** sites cache --> api_sites.json
11:45:26,187 anker_solix_export INFO Saved JSON to file dirxxx/api_sites.json
11:45:26,188 anker_solix_export INFO Exporting api dir*** devices cache from files...
11:45:26,188 anker_solix_export DEBUG Api dir*** devices cache --> api_devices.json
11:45:26,191 anker_solix_export INFO Saved JSON to file dirxxx/api_devices.json
11:45:26,192 anker_solix_export INFO 
11:45:26,192 anker_solix_export INFO Exporting api dir*** account cache...
11:45:26,192 anker_solix_export DEBUG Api dir*** account cache --> api_account.json
11:45:26,198 anker_solix_export INFO Saved JSON to file dirxxx/api_account.json
11:45:26,199 anker_solix_export INFO Api dir*** request stats: 378 last hour, 70 last minute
