09:21:19,861 anker_solix_export INFO Using AnkerSolixApiExport Version: 2.3.2.0, Date: 2025-01-23, Export Services: set()
09:21:19,861 anker_solix_export INFO 
09:21:19,861 anker_solix_export INFO Querying common endpoint data...
09:21:19,861 anker_solix_export INFO Querying site information...
09:21:20,391 anker_solix_export INFO Querying bind devices information...
09:21:20,735 anker_solix_export INFO Found 1 accessible systems (sites) and 5 devices.
09:21:20,735 anker_solix_export INFO Exporting site list...
09:21:20,735 anker_solix_export DEBUG post power_service/v1/site/get_site_list --> site_list.json
09:21:21,77 anker_solix_export INFO Saved JSON to file Markus Kociok/site_list.json
09:21:21,77 anker_solix_export INFO Exporting bind devices...
09:21:21,78 anker_solix_export DEBUG post power_service/v1/app/get_relate_and_bind_devices --> bind_devices.json
09:21:21,427 anker_solix_export INFO Saved JSON to file Markus Kociok/bind_devices.json
09:21:21,427 anker_solix_export INFO Exporting OTA batch info for all devices...
09:21:21,428 anker_solix_export DEBUG post app/ota/batch/check_update --> ota_batch.json
09:21:21,810 anker_solix_export INFO Saved JSON to file Markus Kociok/ota_batch.json
09:21:21,811 anker_solix_export INFO Exporting message unread status...
09:21:21,811 anker_solix_export DEBUG get power_service/v1/get_message_unread --> message_unread.json
09:21:22,139 anker_solix_export INFO Saved JSON to file Markus Kociok/message_unread.json
09:21:22,140 anker_solix_export INFO Exporting supported sites, devices and accessories...
09:21:22,140 anker_solix_export DEBUG post power_service/v1/site/get_site_rules --> list_site_rules.json
09:21:22,535 anker_solix_export INFO Saved JSON to file Markus Kociok/list_site_rules.json
09:21:22,536 anker_solix_export DEBUG get power_service/v1/product_categories --> list_products.json
09:21:22,914 anker_solix_export INFO Saved JSON to file Markus Kociok/list_products.json
09:21:22,915 anker_solix_export DEBUG get power_service/v1/product_accessories --> list_accessories.json
09:21:23,274 anker_solix_export INFO Saved JSON to file Markus Kociok/list_accessories.json
09:21:23,275 anker_solix_export DEBUG post power_service/v1/app/third/platform/list --> list_third_platforms.json
09:21:23,674 anker_solix_export INFO Saved JSON to file Markus Kociok/list_third_platforms.json
09:21:23,675 anker_solix_export INFO Exporting scene info...
09:21:23,675 anker_solix_export DEBUG post power_service/v1/site/get_scen_info --> scene_c71f3d61-92de-d17f-dd6a-34c9ecbecedc.json
09:21:24,64 anker_solix_export INFO Saved JSON to file Markus Kociok/scene_c71f3d61-92de-d17f-dd6a-34c9ecbecedc.json
09:21:24,65 anker_solix_export INFO 
09:21:24,65 anker_solix_export INFO Querying power_service endpoint data...
09:21:24,65 anker_solix_export INFO 
09:21:24,65 anker_solix_export INFO Exporting homepage...
09:21:24,66 anker_solix_export DEBUG post power_service/v1/site/get_site_homepage --> homepage.json
09:21:24,408 anker_solix_export INFO Saved JSON to file Markus Kociok/homepage.json
09:21:24,409 anker_solix_export INFO Exporting user devices...
09:21:24,409 anker_solix_export DEBUG post power_service/v1/site/list_user_devices --> user_devices.json
09:21:24,794 anker_solix_export INFO Saved JSON to file Markus Kociok/user_devices.json
09:21:24,795 anker_solix_export INFO Exporting charging devices...
09:21:24,795 anker_solix_export DEBUG post power_service/v1/site/get_charging_device --> charging_devices.json
09:21:25,120 anker_solix_export INFO Saved JSON to file Markus Kociok/charging_devices.json
09:21:25,120 anker_solix_export INFO Exporting auto upgrade settings...
09:21:25,120 anker_solix_export DEBUG post power_service/v1/app/get_auto_upgrade --> auto_upgrade.json
09:21:25,467 anker_solix_export INFO Saved JSON to file Markus Kociok/auto_upgrade.json
09:21:25,468 anker_solix_export INFO Exporting config...
09:21:25,468 anker_solix_export DEBUG post power_service/v1/app/get_config --> config.json
09:21:25,793 anker_solix_export INFO Saved JSON to file Markus Kociok/config.json
09:21:25,793 anker_solix_export INFO Get token for user account...
09:21:25,794 anker_solix_export DEBUG post power_service/v1/app/get_token_by_userid --> get_token.json
09:21:26,119 anker_solix_export INFO Saved JSON to file Markus Kociok/get_token.json
09:21:26,120 anker_solix_export INFO Get Shelly status with token...
09:21:26,120 anker_solix_export DEBUG post power_service/v1/app/get_user_op_shelly_status --> shelly_status.json
09:21:26,446 anker_solix_export INFO Saved JSON to file Markus Kociok/shelly_status.json
09:21:26,447 anker_solix_export INFO 
09:21:26,447 anker_solix_export INFO Exporting site specific data for site c71f3d61-92de-d17f-dd6a-34c9ecbecedc...
09:21:26,447 anker_solix_export INFO Exporting site detail...
09:21:26,447 anker_solix_export DEBUG post power_service/v1/site/get_site_detail --> site_detail_c71f3d61-92de-d17f-dd6a-34c9ecbecedc.json
09:21:26,808 anker_solix_export INFO Saved JSON to file Markus Kociok/site_detail_c71f3d61-92de-d17f-dd6a-34c9ecbecedc.json
09:21:26,808 anker_solix_export INFO Exporting wifi list...
09:21:26,809 anker_solix_export DEBUG post power_service/v1/site/get_wifi_info_list --> wifi_list_c71f3d61-92de-d17f-dd6a-34c9ecbecedc.json
09:21:27,152 anker_solix_export INFO Saved JSON to file Markus Kociok/wifi_list_c71f3d61-92de-d17f-dd6a-34c9ecbecedc.json
09:21:27,152 anker_solix_export INFO Exporting installation...
09:21:27,153 anker_solix_export DEBUG post power_service/v1/app/compatible/get_installation --> installation_c71f3d61-92de-d17f-dd6a-34c9ecbecedc.json
09:21:27,477 anker_solix_export INFO Saved JSON to file Markus Kociok/installation_c71f3d61-92de-d17f-dd6a-34c9ecbecedc.json
09:21:27,478 anker_solix_export INFO Exporting site price...
09:21:27,478 anker_solix_export DEBUG post power_service/v1/site/get_site_price --> price_c71f3d61-92de-d17f-dd6a-34c9ecbecedc.json
09:21:27,811 anker_solix_export INFO Saved JSON to file Markus Kociok/price_c71f3d61-92de-d17f-dd6a-34c9ecbecedc.json
09:21:27,812 anker_solix_export INFO Exporting device parameter type 4 settings...
09:21:27,812 anker_solix_export DEBUG post power_service/v1/site/get_site_device_param --> device_parm_4_c71f3d61-92de-d17f-dd6a-34c9ecbecedc.json
09:21:28,149 anker_solix_export INFO Saved JSON to file Markus Kociok/device_parm_4_c71f3d61-92de-d17f-dd6a-34c9ecbecedc.json
09:21:28,150 anker_solix_export INFO Exporting device parameter type 6 settings...
09:21:28,150 anker_solix_export DEBUG post power_service/v1/site/get_site_device_param --> device_parm_6_c71f3d61-92de-d17f-dd6a-34c9ecbecedc.json
09:21:28,484 anker_solix_export INFO Saved JSON to file Markus Kociok/device_parm_6_c71f3d61-92de-d17f-dd6a-34c9ecbecedc.json
09:21:28,485 anker_solix_export INFO Exporting site energy data for solarbank...
09:21:28,485 anker_solix_export DEBUG post power_service/v1/site/energy_analysis --> energy_solarbank_c71f3d61-92de-d17f-dd6a-34c9ecbecedc.json
09:21:28,829 anker_solix_export INFO Saved JSON to file Markus Kociok/energy_solarbank_c71f3d61-92de-d17f-dd6a-34c9ecbecedc.json
09:21:28,830 anker_solix_export INFO Exporting site energy data for solar_production...
09:21:28,830 anker_solix_export DEBUG post power_service/v1/site/energy_analysis --> energy_solar_production_c71f3d61-92de-d17f-dd6a-34c9ecbecedc.json
09:21:29,207 anker_solix_export INFO Saved JSON to file Markus Kociok/energy_solar_production_c71f3d61-92de-d17f-dd6a-34c9ecbecedc.json
09:21:29,207 anker_solix_export INFO Exporting site energy data for solar_production PV1...
09:21:29,208 anker_solix_export DEBUG post power_service/v1/site/energy_analysis --> energy_solar_production_pv1_c71f3d61-92de-d17f-dd6a-34c9ecbecedc.json
09:21:29,546 anker_solix_export INFO Saved JSON to file Markus Kociok/energy_solar_production_pv1_c71f3d61-92de-d17f-dd6a-34c9ecbecedc.json
09:21:29,547 anker_solix_export INFO Exporting site energy data for solar_production PV2...
09:21:29,547 anker_solix_export DEBUG post power_service/v1/site/energy_analysis --> energy_solar_production_pv2_c71f3d61-92de-d17f-dd6a-34c9ecbecedc.json
09:21:29,884 anker_solix_export INFO Saved JSON to file Markus Kociok/energy_solar_production_pv2_c71f3d61-92de-d17f-dd6a-34c9ecbecedc.json
09:21:29,885 anker_solix_export INFO Exporting site energy data for solar_production PV3...
09:21:29,885 anker_solix_export DEBUG post power_service/v1/site/energy_analysis --> energy_solar_production_pv3_c71f3d61-92de-d17f-dd6a-34c9ecbecedc.json
09:21:30,226 anker_solix_export INFO Saved JSON to file Markus Kociok/energy_solar_production_pv3_c71f3d61-92de-d17f-dd6a-34c9ecbecedc.json
09:21:30,227 anker_solix_export INFO Exporting site energy data for solar_production PV4...
09:21:30,227 anker_solix_export DEBUG post power_service/v1/site/energy_analysis --> energy_solar_production_pv4_c71f3d61-92de-d17f-dd6a-34c9ecbecedc.json
09:21:30,566 anker_solix_export INFO Saved JSON to file Markus Kociok/energy_solar_production_pv4_c71f3d61-92de-d17f-dd6a-34c9ecbecedc.json
09:21:30,567 anker_solix_export INFO Exporting site energy data for home_usage...
09:21:30,567 anker_solix_export DEBUG post power_service/v1/site/energy_analysis --> energy_home_usage_c71f3d61-92de-d17f-dd6a-34c9ecbecedc.json
09:21:30,907 anker_solix_export INFO Saved JSON to file Markus Kociok/energy_home_usage_c71f3d61-92de-d17f-dd6a-34c9ecbecedc.json
09:21:30,908 anker_solix_export INFO Exporting site energy data for grid...
09:21:30,908 anker_solix_export DEBUG post power_service/v1/site/energy_analysis --> energy_grid_c71f3d61-92de-d17f-dd6a-34c9ecbecedc.json
09:21:31,247 anker_solix_export INFO Saved JSON to file Markus Kociok/energy_grid_c71f3d61-92de-d17f-dd6a-34c9ecbecedc.json
09:21:31,254 anker_solix_export INFO 
09:21:31,255 anker_solix_export INFO Exporting device specific data for device Solarbank 2 E1600 Pro SN 6SFNCVTFOG0OC6AP...
09:21:31,255 anker_solix_export INFO Exporting solar info settings for solarbank...
09:21:31,255 anker_solix_export DEBUG post power_service/v1/app/compatible/get_compatible_solar_info --> solar_info_6SFNCVTFOG0OC6AP.json
09:21:31,576 anker_solix_export INFO Saved JSON to file Markus Kociok/solar_info_6SFNCVTFOG0OC6AP.json
09:21:31,576 anker_solix_export INFO Exporting compatible process info for solarbank...
09:21:31,576 anker_solix_export DEBUG post power_service/v1/app/compatible/get_compatible_process --> compatible_process_6SFNCVTFOG0OC6AP.json
09:21:31,901 anker_solix_export INFO Saved JSON to file Markus Kociok/compatible_process_6SFNCVTFOG0OC6AP.json
09:21:31,901 anker_solix_export INFO Exporting power cutoff settings...
09:21:31,901 anker_solix_export DEBUG post power_service/v1/app/compatible/get_power_cutoff --> power_cutoff_6SFNCVTFOG0OC6AP.json
09:21:32,242 anker_solix_export INFO Saved JSON to file Markus Kociok/power_cutoff_6SFNCVTFOG0OC6AP.json
09:21:32,243 anker_solix_export INFO Exporting fittings...
09:21:32,243 anker_solix_export DEBUG post power_service/v1/app/get_relate_device_fittings --> device_fittings_6SFNCVTFOG0OC6AP.json
09:21:32,576 anker_solix_export INFO Saved JSON to file Markus Kociok/device_fittings_6SFNCVTFOG0OC6AP.json
09:21:32,577 anker_solix_export INFO Exporting load...
09:21:32,577 anker_solix_export DEBUG post power_service/v1/app/device/get_device_home_load --> device_load_6SFNCVTFOG0OC6AP.json
09:21:32,927 anker_solix_export INFO Saved JSON to file Markus Kociok/device_load_6SFNCVTFOG0OC6AP.json
09:21:32,928 anker_solix_export INFO Exporting upgrade record for device...
09:21:32,928 anker_solix_export DEBUG post power_service/v1/app/get_upgrade_record --> upgrade_record_1_6SFNCVTFOG0OC6AP.json
09:21:33,272 anker_solix_export INFO Saved JSON to file Markus Kociok/upgrade_record_1_6SFNCVTFOG0OC6AP.json
09:21:33,273 anker_solix_export INFO Exporting device attributes...
09:21:33,273 anker_solix_export DEBUG post power_service/v1/app/device/get_device_attrs --> device_attrs_6SFNCVTFOG0OC6AP.json
09:21:33,595 anker_solix_export INFO Saved JSON to file Markus Kociok/device_attrs_6SFNCVTFOG0OC6AP.json
09:21:33,596 anker_solix_export INFO 
09:21:33,596 anker_solix_export INFO Exporting device specific data for device Solarbank E1600 SN V58HMP9PK2TW1G0A...
09:21:33,596 anker_solix_export INFO Exporting solar info settings for solarbank...
09:21:33,596 anker_solix_export DEBUG post power_service/v1/app/compatible/get_compatible_solar_info --> solar_info_V58HMP9PK2TW1G0A.json
09:21:33,929 anker_solix_export INFO Saved JSON to file Markus Kociok/solar_info_V58HMP9PK2TW1G0A.json
09:21:33,929 anker_solix_export INFO Exporting compatible process info for solarbank...
09:21:33,929 anker_solix_export DEBUG post power_service/v1/app/compatible/get_compatible_process --> compatible_process_V58HMP9PK2TW1G0A.json
09:21:34,258 anker_solix_export INFO Saved JSON to file Markus Kociok/compatible_process_V58HMP9PK2TW1G0A.json
09:21:34,259 anker_solix_export INFO Exporting power cutoff settings...
09:21:34,259 anker_solix_export DEBUG post power_service/v1/app/compatible/get_power_cutoff --> power_cutoff_V58HMP9PK2TW1G0A.json
09:21:34,598 anker_solix_export INFO Saved JSON to file Markus Kociok/power_cutoff_V58HMP9PK2TW1G0A.json
09:21:34,599 anker_solix_export INFO Exporting fittings...
09:21:34,599 anker_solix_export DEBUG post power_service/v1/app/get_relate_device_fittings --> device_fittings_V58HMP9PK2TW1G0A.json
09:21:34,935 anker_solix_export INFO Saved JSON to file Markus Kociok/device_fittings_V58HMP9PK2TW1G0A.json
09:21:34,936 anker_solix_export INFO Exporting load...
09:21:34,936 anker_solix_export DEBUG post power_service/v1/app/device/get_device_home_load --> device_load_V58HMP9PK2TW1G0A.json
09:21:35,287 anker_solix_export INFO Saved JSON to file Markus Kociok/device_load_V58HMP9PK2TW1G0A.json
09:21:35,287 anker_solix_export INFO Exporting upgrade record for device...
09:21:35,287 anker_solix_export DEBUG post power_service/v1/app/get_upgrade_record --> upgrade_record_1_V58HMP9PK2TW1G0A.json
09:21:35,625 anker_solix_export INFO Saved JSON to file Markus Kociok/upgrade_record_1_V58HMP9PK2TW1G0A.json
09:21:35,630 anker_solix_export INFO Exporting device attributes...
09:21:35,630 anker_solix_export DEBUG post power_service/v1/app/device/get_device_attrs --> device_attrs_V58HMP9PK2TW1G0A.json
09:21:35,950 anker_solix_export INFO Saved JSON to file Markus Kociok/device_attrs_V58HMP9PK2TW1G0A.json
09:21:35,951 anker_solix_export INFO 
09:21:35,951 anker_solix_export INFO Exporting device specific data for device Solarbank E1600 SN 3K3YXE9E47A6YH8M...
09:21:35,951 anker_solix_export INFO Exporting solar info settings for solarbank...
09:21:35,951 anker_solix_export DEBUG post power_service/v1/app/compatible/get_compatible_solar_info --> solar_info_3K3YXE9E47A6YH8M.json
09:21:36,279 anker_solix_export INFO Saved JSON to file Markus Kociok/solar_info_3K3YXE9E47A6YH8M.json
09:21:36,280 anker_solix_export INFO Exporting compatible process info for solarbank...
09:21:36,280 anker_solix_export DEBUG post power_service/v1/app/compatible/get_compatible_process --> compatible_process_3K3YXE9E47A6YH8M.json
09:21:36,609 anker_solix_export INFO Saved JSON to file Markus Kociok/compatible_process_3K3YXE9E47A6YH8M.json
09:21:36,610 anker_solix_export INFO Exporting power cutoff settings...
09:21:36,610 anker_solix_export DEBUG post power_service/v1/app/compatible/get_power_cutoff --> power_cutoff_3K3YXE9E47A6YH8M.json
09:21:36,949 anker_solix_export INFO Saved JSON to file Markus Kociok/power_cutoff_3K3YXE9E47A6YH8M.json
09:21:36,949 anker_solix_export INFO Exporting fittings...
09:21:36,949 anker_solix_export DEBUG post power_service/v1/app/get_relate_device_fittings --> device_fittings_3K3YXE9E47A6YH8M.json
09:21:37,281 anker_solix_export INFO Saved JSON to file Markus Kociok/device_fittings_3K3YXE9E47A6YH8M.json
09:21:37,282 anker_solix_export INFO Exporting load...
09:21:37,282 anker_solix_export DEBUG post power_service/v1/app/device/get_device_home_load --> device_load_3K3YXE9E47A6YH8M.json
09:21:37,633 anker_solix_export INFO Saved JSON to file Markus Kociok/device_load_3K3YXE9E47A6YH8M.json
09:21:37,634 anker_solix_export INFO Exporting upgrade record for device...
09:21:37,634 anker_solix_export DEBUG post power_service/v1/app/get_upgrade_record --> upgrade_record_1_3K3YXE9E47A6YH8M.json
09:21:37,971 anker_solix_export INFO Saved JSON to file Markus Kociok/upgrade_record_1_3K3YXE9E47A6YH8M.json
09:21:37,971 anker_solix_export INFO Exporting device attributes...
09:21:37,971 anker_solix_export DEBUG post power_service/v1/app/device/get_device_attrs --> device_attrs_3K3YXE9E47A6YH8M.json
09:21:38,295 anker_solix_export INFO Saved JSON to file Markus Kociok/device_attrs_3K3YXE9E47A6YH8M.json
09:21:38,296 anker_solix_export INFO 
09:21:38,296 anker_solix_export INFO Exporting device specific data for device Hauptstrom Keller SN RXRMEJ2X4LL98...
09:21:38,296 anker_solix_export INFO Exporting power cutoff settings...
09:21:38,296 anker_solix_export DEBUG post power_service/v1/app/compatible/get_power_cutoff --> power_cutoff_RXRMEJ2X4LL98.json
09:21:38,638 anker_solix_export INFO Saved JSON to file Markus Kociok/power_cutoff_RXRMEJ2X4LL98.json
09:21:38,639 anker_solix_export INFO Exporting fittings...
09:21:38,639 anker_solix_export DEBUG post power_service/v1/app/get_relate_device_fittings --> device_fittings_RXRMEJ2X4LL98.json
09:21:38,989 anker_solix_export INFO Saved JSON to file Markus Kociok/device_fittings_RXRMEJ2X4LL98.json
09:21:38,990 anker_solix_export INFO Exporting load...
09:21:38,990 anker_solix_export DEBUG post power_service/v1/app/device/get_device_home_load --> device_load_RXRMEJ2X4LL98.json
09:21:39,341 anker_solix_export INFO Saved JSON to file Markus Kociok/device_load_RXRMEJ2X4LL98.json
09:21:39,342 anker_solix_export INFO Exporting upgrade record for device...
09:21:39,342 anker_solix_export DEBUG post power_service/v1/app/get_upgrade_record --> upgrade_record_1_RXRMEJ2X4LL98.json
09:21:39,697 anker_solix_export INFO Saved JSON to file Markus Kociok/upgrade_record_1_RXRMEJ2X4LL98.json
09:21:39,698 anker_solix_export INFO Exporting device attributes...
09:21:39,698 anker_solix_export DEBUG post power_service/v1/app/device/get_device_attrs --> device_attrs_RXRMEJ2X4LL98.json
09:21:40,26 anker_solix_export INFO Saved JSON to file Markus Kociok/device_attrs_RXRMEJ2X4LL98.json
09:21:40,27 anker_solix_export INFO 
09:21:40,27 anker_solix_export INFO Exporting device specific data for device MI80 Microinverter(BLE) SN 33HJKXYL61HE...
09:21:40,27 anker_solix_export INFO Exporting power cutoff settings...
09:21:40,27 anker_solix_export DEBUG post power_service/v1/app/compatible/get_power_cutoff --> power_cutoff_33HJKXYL61HE.json
09:21:40,27 anker_solix_export WARNING Query requires account of site owner: power_service/v1/app/compatible/get_power_cutoff
09:21:40,27 anker_solix_export INFO Exporting fittings...
09:21:40,27 anker_solix_export DEBUG post power_service/v1/app/get_relate_device_fittings --> device_fittings_33HJKXYL61HE.json
09:21:40,27 anker_solix_export WARNING Query requires account of site owner: power_service/v1/app/get_relate_device_fittings
09:21:40,27 anker_solix_export INFO Exporting load...
09:21:40,27 anker_solix_export DEBUG post power_service/v1/app/device/get_device_home_load --> device_load_33HJKXYL61HE.json
09:21:40,27 anker_solix_export WARNING Query requires account of site owner: power_service/v1/app/device/get_device_home_load
09:21:40,28 anker_solix_export INFO Exporting upgrade record for device...
09:21:40,28 anker_solix_export DEBUG post power_service/v1/app/get_upgrade_record --> upgrade_record_1_33HJKXYL61HE.json
09:21:40,360 anker_solix_export INFO Saved JSON to file Markus Kociok/upgrade_record_1_33HJKXYL61HE.json
09:21:40,360 anker_solix_export INFO Exporting device attributes...
09:21:40,360 anker_solix_export DEBUG post power_service/v1/app/device/get_device_attrs --> device_attrs_33HJKXYL61HE.json
09:21:40,687 anker_solix_export INFO Saved JSON to file Markus Kociok/device_attrs_33HJKXYL61HE.json
09:21:40,688 anker_solix_export INFO 
09:21:40,688 anker_solix_export INFO Querying charging_energy_service endpoint data...
09:21:40,688 anker_solix_export INFO Exporting Charging error info...
09:21:40,688 anker_solix_export DEBUG post charging_energy_service/get_error_infos --> charging_error_info.json
09:21:41,12 anker_solix_export WARNING charging_energy_service endpoint data queries may not be supported on used server: ("Api Request Error: 503, message='Service Temporarily Unavailable', url='https://ankerpower-api-eu.anker.com/charging_energy_service/get_error_infos'", 'response=<html>\r\n<head><title>503 Service Temporarily Unavailable</title></head>\r\n<body>\r\n<center><h1>503 Service Temporarily Unavailable</h1></center>\r\n<hr><center>openresty</center>\r\n<p><em>Powered by <a href="https://apisix.apache.org/">APISIX</a>.</em></p></body>\r\n</html>\r\n')
09:21:41,12 anker_solix_export WARNING Skipping remaining charging_energy_service endpoint data queries.
09:21:41,12 anker_solix_export INFO 
09:21:41,13 anker_solix_export INFO Querying charging_hes_svc endpoint data...
09:21:41,13 anker_solix_export INFO Exporting HES product info...
09:21:41,13 anker_solix_export DEBUG post charging_hes_svc/get_device_product_info --> hes_product_info.json
09:21:41,417 anker_solix_export INFO Saved JSON to file Markus Kociok/hes_product_info.json
09:21:41,418 anker_solix_export INFO 
09:21:41,418 anker_solix_export INFO Exporting HES specific data for site c71f3d61-92de-d17f-dd6a-34c9ecbecedc...
09:21:41,418 anker_solix_export INFO Exporting HES system running info...
09:21:41,418 anker_solix_export DEBUG post charging_hes_svc/get_system_running_info --> hes_system_running_info_c71f3d61-92de-d17f-dd6a-34c9ecbecedc.json
09:21:41,759 anker_solix_export INFO Saved JSON to file Markus Kociok/hes_system_running_info_c71f3d61-92de-d17f-dd6a-34c9ecbecedc.json
09:21:41,760 anker_solix_export INFO No system for charging_hes_svc endpoint data found, skipping remaining site queries...
09:21:41,760 anker_solix_export INFO No system for charging_hes_svc endpoint data found, skipping remaining queries...
09:21:41,761 anker_solix_export DEBUG Saved original testfolder.
09:21:41,780 anker_solix_export INFO 
09:21:41,780 anker_solix_export INFO Exporting Api sites cache from files...
09:21:41,780 anker_solix_export DEBUG Api sites cache --> api_sites.json
09:21:41,782 anker_solix_export INFO Saved JSON to file Markus Kociok/api_sites.json
09:21:41,782 anker_solix_export INFO Exporting Api devices cache from files...
09:21:41,782 anker_solix_export DEBUG Api devices cache --> api_devices.json
09:21:41,783 anker_solix_export INFO Saved JSON to file Markus Kociok/api_devices.json
09:21:41,784 anker_solix_export INFO 
09:21:41,784 anker_solix_export INFO Exporting Api account cache...
09:21:41,784 anker_solix_export DEBUG Api account cache --> api_account.json
09:21:41,785 anker_solix_export INFO Saved JSON to file Markus Kociok/api_account.json
09:21:41,786 anker_solix_export INFO Api Request stats: 355 last hour, 90 last minute
