09:50:40,577 anker_solix_export INFO Using AnkerSolixApiExport Version: 2.3.2.0, Date: 2025-01-21, Export Services: set()
09:50:40,577 anker_solix_export INFO 
09:50:40,577 anker_solix_export INFO Querying common endpoint data...
09:50:40,577 anker_solix_export INFO Querying site information...
09:50:41,112 anker_solix_export INFO Querying bind devices information...
09:50:41,869 anker_solix_export INFO Found 1 accessible systems (sites) and 5 devices.
09:50:41,869 anker_solix_export INFO Exporting site list...
09:50:41,869 anker_solix_export DEBUG post power_service/v1/site/get_site_list --> site_list.json
09:50:42,213 anker_solix_export INFO Saved JSON to file Markus Kociok/site_list.json
09:50:42,213 anker_solix_export INFO Exporting bind devices...
09:50:42,213 anker_solix_export DEBUG post power_service/v1/app/get_relate_and_bind_devices --> bind_devices.json
09:50:42,563 anker_solix_export INFO Saved JSON to file Markus Kociok/bind_devices.json
09:50:42,564 anker_solix_export INFO Exporting OTA batch info for all devices...
09:50:42,564 anker_solix_export DEBUG post app/ota/batch/check_update --> ota_batch.json
09:50:42,927 anker_solix_export INFO Saved JSON to file Markus Kociok/ota_batch.json
09:50:42,928 anker_solix_export INFO Exporting message unread status...
09:50:42,928 anker_solix_export DEBUG get power_service/v1/get_message_unread --> message_unread.json
09:50:43,252 anker_solix_export INFO Saved JSON to file Markus Kociok/message_unread.json
09:50:43,253 anker_solix_export INFO Exporting supported sites, devices and accessories...
09:50:43,253 anker_solix_export DEBUG post power_service/v1/site/get_site_rules --> list_site_rules.json
09:50:43,649 anker_solix_export INFO Saved JSON to file Markus Kociok/list_site_rules.json
09:50:43,650 anker_solix_export DEBUG get power_service/v1/product_categories --> list_products.json
09:50:44,23 anker_solix_export INFO Saved JSON to file Markus Kociok/list_products.json
09:50:44,24 anker_solix_export DEBUG get power_service/v1/product_accessories --> list_accessories.json
09:50:44,383 anker_solix_export INFO Saved JSON to file Markus Kociok/list_accessories.json
09:50:44,383 anker_solix_export DEBUG post power_service/v1/app/third/platform/list --> list_third_platforms.json
09:50:44,781 anker_solix_export INFO Saved JSON to file Markus Kociok/list_third_platforms.json
09:50:44,782 anker_solix_export INFO Exporting scene info...
09:50:44,782 anker_solix_export DEBUG post power_service/v1/site/get_scen_info --> scene_f3edf80e-0c97-1eff-d675-ec87ec9b1b36.json
09:50:45,191 anker_solix_export INFO Saved JSON to file Markus Kociok/scene_f3edf80e-0c97-1eff-d675-ec87ec9b1b36.json
09:50:45,192 anker_solix_export INFO 
09:50:45,192 anker_solix_export INFO Querying power_service endpoint data...
09:50:45,192 anker_solix_export INFO 
09:50:45,192 anker_solix_export INFO Exporting homepage...
09:50:45,192 anker_solix_export DEBUG post power_service/v1/site/get_site_homepage --> homepage.json
09:50:45,551 anker_solix_export INFO Saved JSON to file Markus Kociok/homepage.json
09:50:45,552 anker_solix_export INFO Exporting user devices...
09:50:45,552 anker_solix_export DEBUG post power_service/v1/site/list_user_devices --> user_devices.json
09:50:45,915 anker_solix_export INFO Saved JSON to file Markus Kociok/user_devices.json
09:50:45,916 anker_solix_export INFO Exporting charging devices...
09:50:45,916 anker_solix_export DEBUG post power_service/v1/site/get_charging_device --> charging_devices.json
09:50:46,242 anker_solix_export INFO Saved JSON to file Markus Kociok/charging_devices.json
09:50:46,243 anker_solix_export INFO Exporting auto upgrade settings...
09:50:46,243 anker_solix_export DEBUG post power_service/v1/app/get_auto_upgrade --> auto_upgrade.json
09:50:46,603 anker_solix_export INFO Saved JSON to file Markus Kociok/auto_upgrade.json
09:50:46,604 anker_solix_export INFO Exporting config...
09:50:46,604 anker_solix_export DEBUG post power_service/v1/app/get_config --> config.json
09:50:46,926 anker_solix_export INFO Saved JSON to file Markus Kociok/config.json
09:50:46,927 anker_solix_export INFO Get token for user account...
09:50:46,927 anker_solix_export DEBUG post power_service/v1/app/get_token_by_userid --> get_token.json
09:50:47,254 anker_solix_export INFO Saved JSON to file Markus Kociok/get_token.json
09:50:47,255 anker_solix_export INFO Get Shelly status with token...
09:50:47,255 anker_solix_export DEBUG post power_service/v1/app/get_user_op_shelly_status --> shelly_status.json
09:50:47,575 anker_solix_export INFO Saved JSON to file Markus Kociok/shelly_status.json
09:50:47,575 anker_solix_export INFO 
09:50:47,575 anker_solix_export INFO Exporting site specific data for site f3edf80e-0c97-1eff-d675-ec87ec9b1b36...
09:50:47,575 anker_solix_export INFO Exporting site detail...
09:50:47,575 anker_solix_export DEBUG post power_service/v1/site/get_site_detail --> site_detail_f3edf80e-0c97-1eff-d675-ec87ec9b1b36.json
09:50:47,922 anker_solix_export INFO Saved JSON to file Markus Kociok/site_detail_f3edf80e-0c97-1eff-d675-ec87ec9b1b36.json
09:50:47,923 anker_solix_export INFO Exporting wifi list...
09:50:47,923 anker_solix_export DEBUG post power_service/v1/site/get_wifi_info_list --> wifi_list_f3edf80e-0c97-1eff-d675-ec87ec9b1b36.json
09:50:48,294 anker_solix_export INFO Saved JSON to file Markus Kociok/wifi_list_f3edf80e-0c97-1eff-d675-ec87ec9b1b36.json
09:50:48,295 anker_solix_export INFO Exporting installation...
09:50:48,295 anker_solix_export DEBUG post power_service/v1/app/compatible/get_installation --> installation_f3edf80e-0c97-1eff-d675-ec87ec9b1b36.json
09:50:48,623 anker_solix_export INFO Saved JSON to file Markus Kociok/installation_f3edf80e-0c97-1eff-d675-ec87ec9b1b36.json
09:50:48,623 anker_solix_export INFO Exporting site price...
09:50:48,624 anker_solix_export DEBUG post power_service/v1/site/get_site_price --> price_f3edf80e-0c97-1eff-d675-ec87ec9b1b36.json
09:50:48,956 anker_solix_export INFO Saved JSON to file Markus Kociok/price_f3edf80e-0c97-1eff-d675-ec87ec9b1b36.json
09:50:48,957 anker_solix_export INFO Exporting device parameter type 4 settings...
09:50:48,957 anker_solix_export DEBUG post power_service/v1/site/get_site_device_param --> device_parm_4_f3edf80e-0c97-1eff-d675-ec87ec9b1b36.json
09:50:49,301 anker_solix_export INFO Saved JSON to file Markus Kociok/device_parm_4_f3edf80e-0c97-1eff-d675-ec87ec9b1b36.json
09:50:49,301 anker_solix_export INFO Exporting device parameter type 6 settings...
09:50:49,302 anker_solix_export DEBUG post power_service/v1/site/get_site_device_param --> device_parm_6_f3edf80e-0c97-1eff-d675-ec87ec9b1b36.json
09:50:49,632 anker_solix_export INFO Saved JSON to file Markus Kociok/device_parm_6_f3edf80e-0c97-1eff-d675-ec87ec9b1b36.json
09:50:49,633 anker_solix_export INFO Exporting site energy data for solarbank...
09:50:49,633 anker_solix_export DEBUG post power_service/v1/site/energy_analysis --> energy_solarbank_f3edf80e-0c97-1eff-d675-ec87ec9b1b36.json
09:50:49,976 anker_solix_export INFO Saved JSON to file Markus Kociok/energy_solarbank_f3edf80e-0c97-1eff-d675-ec87ec9b1b36.json
09:50:49,976 anker_solix_export INFO Exporting site energy data for solar_production...
09:50:49,977 anker_solix_export DEBUG post power_service/v1/site/energy_analysis --> energy_solar_production_f3edf80e-0c97-1eff-d675-ec87ec9b1b36.json
09:50:50,352 anker_solix_export INFO Saved JSON to file Markus Kociok/energy_solar_production_f3edf80e-0c97-1eff-d675-ec87ec9b1b36.json
09:50:50,353 anker_solix_export INFO Exporting site energy data for solar_production PV1...
09:50:50,353 anker_solix_export DEBUG post power_service/v1/site/energy_analysis --> energy_solar_production_pv1_f3edf80e-0c97-1eff-d675-ec87ec9b1b36.json
09:50:50,695 anker_solix_export INFO Saved JSON to file Markus Kociok/energy_solar_production_pv1_f3edf80e-0c97-1eff-d675-ec87ec9b1b36.json
09:50:50,696 anker_solix_export INFO Exporting site energy data for solar_production PV2...
09:50:50,696 anker_solix_export DEBUG post power_service/v1/site/energy_analysis --> energy_solar_production_pv2_f3edf80e-0c97-1eff-d675-ec87ec9b1b36.json
09:50:51,36 anker_solix_export INFO Saved JSON to file Markus Kociok/energy_solar_production_pv2_f3edf80e-0c97-1eff-d675-ec87ec9b1b36.json
09:50:51,37 anker_solix_export INFO Exporting site energy data for solar_production PV3...
09:50:51,37 anker_solix_export DEBUG post power_service/v1/site/energy_analysis --> energy_solar_production_pv3_f3edf80e-0c97-1eff-d675-ec87ec9b1b36.json
09:50:51,376 anker_solix_export INFO Saved JSON to file Markus Kociok/energy_solar_production_pv3_f3edf80e-0c97-1eff-d675-ec87ec9b1b36.json
09:50:51,377 anker_solix_export INFO Exporting site energy data for solar_production PV4...
09:50:51,377 anker_solix_export DEBUG post power_service/v1/site/energy_analysis --> energy_solar_production_pv4_f3edf80e-0c97-1eff-d675-ec87ec9b1b36.json
09:50:51,719 anker_solix_export INFO Saved JSON to file Markus Kociok/energy_solar_production_pv4_f3edf80e-0c97-1eff-d675-ec87ec9b1b36.json
09:50:51,719 anker_solix_export INFO Exporting site energy data for home_usage...
09:50:51,720 anker_solix_export DEBUG post power_service/v1/site/energy_analysis --> energy_home_usage_f3edf80e-0c97-1eff-d675-ec87ec9b1b36.json
09:50:52,59 anker_solix_export INFO Saved JSON to file Markus Kociok/energy_home_usage_f3edf80e-0c97-1eff-d675-ec87ec9b1b36.json
09:50:52,60 anker_solix_export INFO Exporting site energy data for grid...
09:50:52,60 anker_solix_export DEBUG post power_service/v1/site/energy_analysis --> energy_grid_f3edf80e-0c97-1eff-d675-ec87ec9b1b36.json
09:50:52,403 anker_solix_export INFO Saved JSON to file Markus Kociok/energy_grid_f3edf80e-0c97-1eff-d675-ec87ec9b1b36.json
09:50:52,404 anker_solix_export INFO 
09:50:52,404 anker_solix_export INFO Exporting device specific data for device Solarbank 2 E1600 Pro SN 1CC2UKC60CE16V6T...
09:50:52,404 anker_solix_export INFO Exporting solar info settings for solarbank...
09:50:52,404 anker_solix_export DEBUG post power_service/v1/app/compatible/get_compatible_solar_info --> solar_info_1CC2UKC60CE16V6T.json
09:50:52,743 anker_solix_export INFO Saved JSON to file Markus Kociok/solar_info_1CC2UKC60CE16V6T.json
09:50:52,744 anker_solix_export INFO Exporting compatible process info for solarbank...
09:50:52,744 anker_solix_export DEBUG post power_service/v1/app/compatible/get_compatible_process --> compatible_process_1CC2UKC60CE16V6T.json
09:50:53,71 anker_solix_export INFO Saved JSON to file Markus Kociok/compatible_process_1CC2UKC60CE16V6T.json
09:50:53,72 anker_solix_export INFO Exporting power cutoff settings...
09:50:53,72 anker_solix_export DEBUG post power_service/v1/app/compatible/get_power_cutoff --> power_cutoff_1CC2UKC60CE16V6T.json
09:50:53,413 anker_solix_export INFO Saved JSON to file Markus Kociok/power_cutoff_1CC2UKC60CE16V6T.json
09:50:53,414 anker_solix_export INFO Exporting fittings...
09:50:53,414 anker_solix_export DEBUG post power_service/v1/app/get_relate_device_fittings --> device_fittings_1CC2UKC60CE16V6T.json
09:50:53,749 anker_solix_export INFO Saved JSON to file Markus Kociok/device_fittings_1CC2UKC60CE16V6T.json
09:50:53,750 anker_solix_export INFO Exporting load...
09:50:53,750 anker_solix_export DEBUG post power_service/v1/app/device/get_device_home_load --> device_load_1CC2UKC60CE16V6T.json
09:50:54,92 anker_solix_export INFO Saved JSON to file Markus Kociok/device_load_1CC2UKC60CE16V6T.json
09:50:54,93 anker_solix_export INFO Exporting upgrade record for device...
09:50:54,94 anker_solix_export DEBUG post power_service/v1/app/get_upgrade_record --> upgrade_record_1_1CC2UKC60CE16V6T.json
09:50:54,432 anker_solix_export INFO Saved JSON to file Markus Kociok/upgrade_record_1_1CC2UKC60CE16V6T.json
09:50:54,432 anker_solix_export INFO Exporting device attributes...
09:50:54,433 anker_solix_export DEBUG post power_service/v1/app/device/get_device_attrs --> device_attrs_1CC2UKC60CE16V6T.json
09:50:54,757 anker_solix_export INFO Saved JSON to file Markus Kociok/device_attrs_1CC2UKC60CE16V6T.json
09:50:54,758 anker_solix_export INFO 
09:50:54,758 anker_solix_export INFO Exporting device specific data for device Solarbank E1600 SN B91KD2ROPQVP6MLG...
09:50:54,758 anker_solix_export INFO Exporting solar info settings for solarbank...
09:50:54,758 anker_solix_export DEBUG post power_service/v1/app/compatible/get_compatible_solar_info --> solar_info_B91KD2ROPQVP6MLG.json
09:50:55,89 anker_solix_export INFO Saved JSON to file Markus Kociok/solar_info_B91KD2ROPQVP6MLG.json
09:50:55,90 anker_solix_export INFO Exporting compatible process info for solarbank...
09:50:55,90 anker_solix_export DEBUG post power_service/v1/app/compatible/get_compatible_process --> compatible_process_B91KD2ROPQVP6MLG.json
09:50:55,418 anker_solix_export INFO Saved JSON to file Markus Kociok/compatible_process_B91KD2ROPQVP6MLG.json
09:50:55,419 anker_solix_export INFO Exporting power cutoff settings...
09:50:55,419 anker_solix_export DEBUG post power_service/v1/app/compatible/get_power_cutoff --> power_cutoff_B91KD2ROPQVP6MLG.json
09:50:55,759 anker_solix_export INFO Saved JSON to file Markus Kociok/power_cutoff_B91KD2ROPQVP6MLG.json
09:50:55,760 anker_solix_export INFO Exporting fittings...
09:50:55,760 anker_solix_export DEBUG post power_service/v1/app/get_relate_device_fittings --> device_fittings_B91KD2ROPQVP6MLG.json
09:50:56,94 anker_solix_export INFO Saved JSON to file Markus Kociok/device_fittings_B91KD2ROPQVP6MLG.json
09:50:56,95 anker_solix_export INFO Exporting load...
09:50:56,95 anker_solix_export DEBUG post power_service/v1/app/device/get_device_home_load --> device_load_B91KD2ROPQVP6MLG.json
09:50:56,436 anker_solix_export INFO Saved JSON to file Markus Kociok/device_load_B91KD2ROPQVP6MLG.json
09:50:56,436 anker_solix_export INFO Exporting upgrade record for device...
09:50:56,436 anker_solix_export DEBUG post power_service/v1/app/get_upgrade_record --> upgrade_record_1_B91KD2ROPQVP6MLG.json
09:50:56,770 anker_solix_export INFO Saved JSON to file Markus Kociok/upgrade_record_1_B91KD2ROPQVP6MLG.json
09:50:56,771 anker_solix_export INFO Exporting device attributes...
09:50:56,771 anker_solix_export DEBUG post power_service/v1/app/device/get_device_attrs --> device_attrs_B91KD2ROPQVP6MLG.json
09:50:57,94 anker_solix_export INFO Saved JSON to file Markus Kociok/device_attrs_B91KD2ROPQVP6MLG.json
09:50:57,95 anker_solix_export INFO 
09:50:57,95 anker_solix_export INFO Exporting device specific data for device Solarbank E1600 SN NEBY5IUHDXTGQKC2...
09:50:57,95 anker_solix_export INFO Exporting solar info settings for solarbank...
09:50:57,95 anker_solix_export DEBUG post power_service/v1/app/compatible/get_compatible_solar_info --> solar_info_NEBY5IUHDXTGQKC2.json
09:50:57,428 anker_solix_export INFO Saved JSON to file Markus Kociok/solar_info_NEBY5IUHDXTGQKC2.json
09:50:57,428 anker_solix_export INFO Exporting compatible process info for solarbank...
09:50:57,429 anker_solix_export DEBUG post power_service/v1/app/compatible/get_compatible_process --> compatible_process_NEBY5IUHDXTGQKC2.json
09:50:57,754 anker_solix_export INFO Saved JSON to file Markus Kociok/compatible_process_NEBY5IUHDXTGQKC2.json
09:50:57,755 anker_solix_export INFO Exporting power cutoff settings...
09:50:57,755 anker_solix_export DEBUG post power_service/v1/app/compatible/get_power_cutoff --> power_cutoff_NEBY5IUHDXTGQKC2.json
09:50:58,98 anker_solix_export INFO Saved JSON to file Markus Kociok/power_cutoff_NEBY5IUHDXTGQKC2.json
09:50:58,99 anker_solix_export INFO Exporting fittings...
09:50:58,99 anker_solix_export DEBUG post power_service/v1/app/get_relate_device_fittings --> device_fittings_NEBY5IUHDXTGQKC2.json
09:50:58,439 anker_solix_export INFO Saved JSON to file Markus Kociok/device_fittings_NEBY5IUHDXTGQKC2.json
09:50:58,442 anker_solix_export INFO Exporting load...
09:50:58,442 anker_solix_export DEBUG post power_service/v1/app/device/get_device_home_load --> device_load_NEBY5IUHDXTGQKC2.json
09:50:58,783 anker_solix_export INFO Saved JSON to file Markus Kociok/device_load_NEBY5IUHDXTGQKC2.json
09:50:58,784 anker_solix_export INFO Exporting upgrade record for device...
09:50:58,784 anker_solix_export DEBUG post power_service/v1/app/get_upgrade_record --> upgrade_record_1_NEBY5IUHDXTGQKC2.json
09:50:59,131 anker_solix_export INFO Saved JSON to file Markus Kociok/upgrade_record_1_NEBY5IUHDXTGQKC2.json
09:50:59,131 anker_solix_export INFO Exporting device attributes...
09:50:59,132 anker_solix_export DEBUG post power_service/v1/app/device/get_device_attrs --> device_attrs_NEBY5IUHDXTGQKC2.json
09:50:59,455 anker_solix_export INFO Saved JSON to file Markus Kociok/device_attrs_NEBY5IUHDXTGQKC2.json
09:50:59,455 anker_solix_export INFO 
09:50:59,456 anker_solix_export INFO Exporting device specific data for device Hauptstrom Keller SN 7P5PFRUSCH7NK...
09:50:59,456 anker_solix_export INFO Exporting power cutoff settings...
09:50:59,456 anker_solix_export DEBUG post power_service/v1/app/compatible/get_power_cutoff --> power_cutoff_7P5PFRUSCH7NK.json
09:50:59,798 anker_solix_export INFO Saved JSON to file Markus Kociok/power_cutoff_7P5PFRUSCH7NK.json
09:50:59,799 anker_solix_export INFO Exporting fittings...
09:50:59,799 anker_solix_export DEBUG post power_service/v1/app/get_relate_device_fittings --> device_fittings_7P5PFRUSCH7NK.json
09:51:00,140 anker_solix_export INFO Saved JSON to file Markus Kociok/device_fittings_7P5PFRUSCH7NK.json
09:51:00,140 anker_solix_export INFO Exporting load...
09:51:00,140 anker_solix_export DEBUG post power_service/v1/app/device/get_device_home_load --> device_load_7P5PFRUSCH7NK.json
09:51:00,484 anker_solix_export INFO Saved JSON to file Markus Kociok/device_load_7P5PFRUSCH7NK.json
09:51:00,485 anker_solix_export INFO Exporting upgrade record for device...
09:51:00,485 anker_solix_export DEBUG post power_service/v1/app/get_upgrade_record --> upgrade_record_1_7P5PFRUSCH7NK.json
09:51:00,831 anker_solix_export INFO Saved JSON to file Markus Kociok/upgrade_record_1_7P5PFRUSCH7NK.json
09:51:00,832 anker_solix_export INFO Exporting device attributes...
09:51:00,832 anker_solix_export DEBUG post power_service/v1/app/device/get_device_attrs --> device_attrs_7P5PFRUSCH7NK.json
09:51:01,155 anker_solix_export INFO Saved JSON to file Markus Kociok/device_attrs_7P5PFRUSCH7NK.json
09:51:01,156 anker_solix_export INFO 
09:51:01,156 anker_solix_export INFO Exporting device specific data for device MI80 Microinverter(BLE) SN J66TVTZGJG3G...
09:51:01,156 anker_solix_export INFO Exporting power cutoff settings...
09:51:01,156 anker_solix_export DEBUG post power_service/v1/app/compatible/get_power_cutoff --> power_cutoff_J66TVTZGJG3G.json
09:51:01,156 anker_solix_export WARNING Query requires account of site owner: power_service/v1/app/compatible/get_power_cutoff
09:51:01,156 anker_solix_export INFO Exporting fittings...
09:51:01,156 anker_solix_export DEBUG post power_service/v1/app/get_relate_device_fittings --> device_fittings_J66TVTZGJG3G.json
09:51:01,156 anker_solix_export WARNING Query requires account of site owner: power_service/v1/app/get_relate_device_fittings
09:51:01,156 anker_solix_export INFO Exporting load...
09:51:01,156 anker_solix_export DEBUG post power_service/v1/app/device/get_device_home_load --> device_load_J66TVTZGJG3G.json
09:51:01,156 anker_solix_export WARNING Query requires account of site owner: power_service/v1/app/device/get_device_home_load
09:51:01,157 anker_solix_export INFO Exporting upgrade record for device...
09:51:01,157 anker_solix_export DEBUG post power_service/v1/app/get_upgrade_record --> upgrade_record_1_J66TVTZGJG3G.json
09:51:01,495 anker_solix_export INFO Saved JSON to file Markus Kociok/upgrade_record_1_J66TVTZGJG3G.json
09:51:01,496 anker_solix_export INFO Exporting device attributes...
09:51:01,496 anker_solix_export DEBUG post power_service/v1/app/device/get_device_attrs --> device_attrs_J66TVTZGJG3G.json
09:51:01,820 anker_solix_export INFO Saved JSON to file Markus Kociok/device_attrs_J66TVTZGJG3G.json
09:51:01,821 anker_solix_export INFO 
09:51:01,821 anker_solix_export INFO Querying charging_energy_service endpoint data...
09:51:01,821 anker_solix_export INFO Exporting Charging error info...
09:51:01,821 anker_solix_export DEBUG post charging_energy_service/get_error_infos --> charging_error_info.json
09:51:02,144 anker_solix_export WARNING charging_energy_service endpoint data queries may not be supported on used server: ("Api Request Error: 503, message='Service Temporarily Unavailable', url='https://ankerpower-api-eu.anker.com/charging_energy_service/get_error_infos'", 'response=<html>\r\n<head><title>503 Service Temporarily Unavailable</title></head>\r\n<body>\r\n<center><h1>503 Service Temporarily Unavailable</h1></center>\r\n<hr><center>openresty</center>\r\n<p><em>Powered by <a href="https://apisix.apache.org/">APISIX</a>.</em></p></body>\r\n</html>\r\n')
09:51:02,144 anker_solix_export WARNING Skipping remaining charging_energy_service endpoint data queries.
09:51:02,144 anker_solix_export INFO 
09:51:02,145 anker_solix_export INFO Querying charging_hes_svc endpoint data...
09:51:02,145 anker_solix_export INFO Exporting HES product info...
09:51:02,145 anker_solix_export DEBUG post charging_hes_svc/get_device_product_info --> hes_product_info.json
09:51:02,568 anker_solix_export INFO Saved JSON to file Markus Kociok/hes_product_info.json
09:51:02,568 anker_solix_export INFO 
09:51:02,569 anker_solix_export INFO Exporting HES specific data for site f3edf80e-0c97-1eff-d675-ec87ec9b1b36...
09:51:02,569 anker_solix_export INFO Exporting HES system running info...
09:51:02,569 anker_solix_export DEBUG post charging_hes_svc/get_system_running_info --> hes_system_running_info_f3edf80e-0c97-1eff-d675-ec87ec9b1b36.json
09:51:02,916 anker_solix_export INFO Saved JSON to file Markus Kociok/hes_system_running_info_f3edf80e-0c97-1eff-d675-ec87ec9b1b36.json
09:51:02,917 anker_solix_export INFO No system for charging_hes_svc endpoint data found, skipping remaining site queries...
09:51:02,917 anker_solix_export INFO No system for charging_hes_svc endpoint data found, skipping remaining queries...
09:51:02,918 anker_solix_export DEBUG Saved original testfolder.
09:51:02,934 anker_solix_export INFO 
09:51:02,934 anker_solix_export INFO Exporting Api sites cache from files...
09:51:02,934 anker_solix_export DEBUG Api sites cache --> api_sites.json
09:51:02,935 anker_solix_export INFO Saved JSON to file Markus Kociok/api_sites.json
09:51:02,936 anker_solix_export INFO Exporting Api devices cache from files...
09:51:02,936 anker_solix_export DEBUG Api devices cache --> api_devices.json
09:51:02,937 anker_solix_export INFO Saved JSON to file Markus Kociok/api_devices.json
09:51:02,937 anker_solix_export INFO 
09:51:02,937 anker_solix_export INFO Exporting Api account cache...
09:51:02,937 anker_solix_export DEBUG Api account cache --> api_account.json
09:51:02,938 anker_solix_export INFO Saved JSON to file Markus Kociok/api_account.json
09:51:02,939 anker_solix_export INFO Api Request stats: 119 last hour, 90 last minute
