20:28:27,536 ExportSystem INFO Using AnkerSolixApiExport version: 2.2.0.0, Date: 2024-10-21
20:28:27,536 ExportSystem INFO 
20:28:27,536 ExportSystem INFO Querying power_service endpoint data...
20:28:27,536 ExportSystem INFO Querying site information...
20:28:28,84 ExportSystem INFO Querying bind devices information...
20:28:28,432 ExportSystem INFO Found 1 accessible systems (sites) and 3 devices.
20:28:28,432 ExportSystem INFO 
20:28:28,432 ExportSystem INFO Exporting homepage...
20:28:28,432 ExportSystem DEBUG post power_service/v1/site/get_site_homepage --> homepage.json
20:28:28,781 ExportSystem INFO Saved JSON to file nkr/homepage.json
20:28:28,781 ExportSystem INFO Exporting site list...
20:28:28,781 ExportSystem DEBUG post power_service/v1/site/get_site_list --> site_list.json
20:28:29,133 ExportSystem INFO Saved JSON to file nkr/site_list.json
20:28:29,133 ExportSystem INFO Exporting bind devices...
20:28:29,133 ExportSystem DEBUG post power_service/v1/app/get_relate_and_bind_devices --> bind_devices.json
20:28:29,497 ExportSystem INFO Saved JSON to file nkr/bind_devices.json
20:28:29,497 ExportSystem INFO Exporting user devices...
20:28:29,497 ExportSystem DEBUG post power_service/v1/site/list_user_devices --> user_devices.json
20:28:29,861 ExportSystem INFO Saved JSON to file nkr/user_devices.json
20:28:29,862 ExportSystem INFO Exporting charging devices...
20:28:29,862 ExportSystem DEBUG post power_service/v1/site/get_charging_device --> charging_devices.json
20:28:30,197 ExportSystem INFO Saved JSON to file nkr/charging_devices.json
20:28:30,197 ExportSystem INFO Exporting auto upgrade settings...
20:28:30,198 ExportSystem DEBUG post power_service/v1/app/get_auto_upgrade --> auto_upgrade.json
20:28:30,556 ExportSystem INFO Saved JSON to file nkr/auto_upgrade.json
20:28:30,557 ExportSystem INFO Exporting OTA batch info for all devices...
20:28:30,557 ExportSystem DEBUG post app/ota/batch/check_update --> ota_batch.json
20:28:30,928 ExportSystem INFO Saved JSON to file nkr/ota_batch.json
20:28:30,928 ExportSystem INFO Exporting config...
20:28:30,928 ExportSystem DEBUG post power_service/v1/app/get_config --> config.json
20:28:31,262 ExportSystem INFO Saved JSON to file nkr/config.json
20:28:31,262 ExportSystem INFO Exporting supported sites, devices and accessories...
20:28:31,263 ExportSystem DEBUG post power_service/v1/site/get_site_rules --> list_site_rules.json
20:28:31,596 ExportSystem INFO Saved JSON to file nkr/list_site_rules.json
20:28:31,597 ExportSystem DEBUG get power_service/v1/product_categories --> list_products.json
20:28:32,53 ExportSystem INFO Saved JSON to file nkr/list_products.json
20:28:32,53 ExportSystem DEBUG get power_service/v1/product_accessories --> list_accessories.json
20:28:32,419 ExportSystem INFO Saved JSON to file nkr/list_accessories.json
20:28:32,419 ExportSystem DEBUG post power_service/v1/app/third/platform/list --> list_third_platforms.json
20:28:32,829 ExportSystem INFO Saved JSON to file nkr/list_third_platforms.json
20:28:32,829 ExportSystem INFO Get token for user account...
20:28:32,829 ExportSystem DEBUG post power_service/v1/app/get_token_by_userid --> get_token.json
20:28:33,157 ExportSystem INFO Saved JSON to file nkr/get_token.json
20:28:33,157 ExportSystem INFO Get Shelly status with token...
20:28:33,157 ExportSystem DEBUG post power_service/v1/app/get_user_op_shelly_status --> shelly_status.json
20:28:33,486 ExportSystem INFO Saved JSON to file nkr/shelly_status.json
20:28:33,487 ExportSystem INFO 
20:28:33,487 ExportSystem INFO Exporting site specific data for site cafd5d6b-57a4-da8a-bbe3-41f6c6bddda2...
20:28:33,487 ExportSystem INFO Exporting scene info...
20:28:33,487 ExportSystem DEBUG post power_service/v1/site/get_scen_info --> scene_cafd5d6b-57a4-da8a-bbe3-41f6c6bddda2.json
20:28:33,927 ExportSystem INFO Saved JSON to file nkr/scene_cafd5d6b-57a4-da8a-bbe3-41f6c6bddda2.json
20:28:33,928 ExportSystem INFO Exporting site detail...
20:28:33,928 ExportSystem DEBUG post power_service/v1/site/get_site_detail --> site_detail_cafd5d6b-57a4-da8a-bbe3-41f6c6bddda2.json
20:28:34,278 ExportSystem INFO Saved JSON to file nkr/site_detail_cafd5d6b-57a4-da8a-bbe3-41f6c6bddda2.json
20:28:34,279 ExportSystem INFO Exporting wifi list...
20:28:34,279 ExportSystem DEBUG post power_service/v1/site/get_wifi_info_list --> wifi_list_cafd5d6b-57a4-da8a-bbe3-41f6c6bddda2.json
20:28:34,629 ExportSystem INFO Saved JSON to file nkr/wifi_list_cafd5d6b-57a4-da8a-bbe3-41f6c6bddda2.json
20:28:34,629 ExportSystem INFO Exporting installation...
20:28:34,629 ExportSystem DEBUG post power_service/v1/app/compatible/get_installation --> installation_cafd5d6b-57a4-da8a-bbe3-41f6c6bddda2.json
20:28:34,961 ExportSystem INFO Saved JSON to file nkr/installation_cafd5d6b-57a4-da8a-bbe3-41f6c6bddda2.json
20:28:34,961 ExportSystem INFO Exporting site price...
20:28:34,961 ExportSystem DEBUG post power_service/v1/site/get_site_price --> price_cafd5d6b-57a4-da8a-bbe3-41f6c6bddda2.json
20:28:35,290 ExportSystem INFO Saved JSON to file nkr/price_cafd5d6b-57a4-da8a-bbe3-41f6c6bddda2.json
20:28:35,290 ExportSystem INFO Exporting device parameter type 4 settings...
20:28:35,290 ExportSystem DEBUG post power_service/v1/site/get_site_device_param --> device_parm_4_cafd5d6b-57a4-da8a-bbe3-41f6c6bddda2.json
20:28:35,639 ExportSystem INFO Saved JSON to file nkr/device_parm_4_cafd5d6b-57a4-da8a-bbe3-41f6c6bddda2.json
20:28:35,639 ExportSystem INFO Exporting device parameter type 6 settings...
20:28:35,640 ExportSystem DEBUG post power_service/v1/site/get_site_device_param --> device_parm_6_cafd5d6b-57a4-da8a-bbe3-41f6c6bddda2.json
20:28:35,984 ExportSystem INFO Saved JSON to file nkr/device_parm_6_cafd5d6b-57a4-da8a-bbe3-41f6c6bddda2.json
20:28:35,985 ExportSystem INFO Exporting site energy data for solarbank...
20:28:35,985 ExportSystem DEBUG post power_service/v1/site/energy_analysis --> energy_solarbank_cafd5d6b-57a4-da8a-bbe3-41f6c6bddda2.json
20:28:36,330 ExportSystem INFO Saved JSON to file nkr/energy_solarbank_cafd5d6b-57a4-da8a-bbe3-41f6c6bddda2.json
20:28:36,330 ExportSystem INFO Exporting site energy data for solar_production...
20:28:36,330 ExportSystem DEBUG post power_service/v1/site/energy_analysis --> energy_solar_production_cafd5d6b-57a4-da8a-bbe3-41f6c6bddda2.json
20:28:36,702 ExportSystem INFO Saved JSON to file nkr/energy_solar_production_cafd5d6b-57a4-da8a-bbe3-41f6c6bddda2.json
20:28:36,703 ExportSystem INFO Exporting site energy data for solar_production PV1...
20:28:36,703 ExportSystem DEBUG post power_service/v1/site/energy_analysis --> energy_solar_production_pv1_cafd5d6b-57a4-da8a-bbe3-41f6c6bddda2.json
20:28:37,41 ExportSystem INFO Saved JSON to file nkr/energy_solar_production_pv1_cafd5d6b-57a4-da8a-bbe3-41f6c6bddda2.json
20:28:37,41 ExportSystem INFO Exporting site energy data for solar_production PV2...
20:28:37,41 ExportSystem DEBUG post power_service/v1/site/energy_analysis --> energy_solar_production_pv2_cafd5d6b-57a4-da8a-bbe3-41f6c6bddda2.json
20:28:37,385 ExportSystem INFO Saved JSON to file nkr/energy_solar_production_pv2_cafd5d6b-57a4-da8a-bbe3-41f6c6bddda2.json
20:28:37,385 ExportSystem INFO Exporting site energy data for solar_production PV3...
20:28:37,385 ExportSystem DEBUG post power_service/v1/site/energy_analysis --> energy_solar_production_pv3_cafd5d6b-57a4-da8a-bbe3-41f6c6bddda2.json
20:28:37,738 ExportSystem INFO Saved JSON to file nkr/energy_solar_production_pv3_cafd5d6b-57a4-da8a-bbe3-41f6c6bddda2.json
20:28:37,739 ExportSystem INFO Exporting site energy data for solar_production PV4...
20:28:37,739 ExportSystem DEBUG post power_service/v1/site/energy_analysis --> energy_solar_production_pv4_cafd5d6b-57a4-da8a-bbe3-41f6c6bddda2.json
20:28:38,79 ExportSystem INFO Saved JSON to file nkr/energy_solar_production_pv4_cafd5d6b-57a4-da8a-bbe3-41f6c6bddda2.json
20:28:38,79 ExportSystem INFO Exporting site energy data for home_usage...
20:28:38,79 ExportSystem DEBUG post power_service/v1/site/energy_analysis --> energy_home_usage_cafd5d6b-57a4-da8a-bbe3-41f6c6bddda2.json
20:28:38,649 ExportSystem INFO Saved JSON to file nkr/energy_home_usage_cafd5d6b-57a4-da8a-bbe3-41f6c6bddda2.json
20:28:38,650 ExportSystem INFO Exporting site energy data for grid...
20:28:38,650 ExportSystem DEBUG post power_service/v1/site/energy_analysis --> energy_grid_cafd5d6b-57a4-da8a-bbe3-41f6c6bddda2.json
20:28:39,42 ExportSystem INFO Saved JSON to file nkr/energy_grid_cafd5d6b-57a4-da8a-bbe3-41f6c6bddda2.json
20:28:39,42 ExportSystem INFO 
20:28:39,43 ExportSystem INFO Exporting device specific data for device Solarbank 2 E1600 Pro SN 81QCP7Q5D1258SXT...
20:28:39,43 ExportSystem INFO Exporting solar info settings for solarbank...
20:28:39,43 ExportSystem DEBUG post power_service/v1/app/compatible/get_compatible_solar_info --> solar_info_81QCP7Q5D1258SXT.json
20:28:39,514 ExportSystem INFO Saved JSON to file nkr/solar_info_81QCP7Q5D1258SXT.json
20:28:39,514 ExportSystem INFO Exporting compatible process info for solarbank...
20:28:39,514 ExportSystem DEBUG post power_service/v1/app/compatible/get_compatible_process --> compatible_process_81QCP7Q5D1258SXT.json
20:28:39,873 ExportSystem INFO Saved JSON to file nkr/compatible_process_81QCP7Q5D1258SXT.json
20:28:39,874 ExportSystem INFO Exporting power cutoff settings...
20:28:39,874 ExportSystem DEBUG post power_service/v1/app/compatible/get_power_cutoff --> power_cutoff_81QCP7Q5D1258SXT.json
20:28:40,377 ExportSystem INFO Saved JSON to file nkr/power_cutoff_81QCP7Q5D1258SXT.json
20:28:40,377 ExportSystem INFO Exporting fittings...
20:28:40,377 ExportSystem DEBUG post power_service/v1/app/get_relate_device_fittings --> device_fittings_81QCP7Q5D1258SXT.json
20:28:40,713 ExportSystem INFO Saved JSON to file nkr/device_fittings_81QCP7Q5D1258SXT.json
20:28:40,714 ExportSystem INFO Exporting load...
20:28:40,714 ExportSystem DEBUG post power_service/v1/app/device/get_device_home_load --> device_load_81QCP7Q5D1258SXT.json
20:28:41,145 ExportSystem INFO Saved JSON to file nkr/device_load_81QCP7Q5D1258SXT.json
20:28:41,145 ExportSystem INFO Exporting OTA update info for device...
20:28:41,145 ExportSystem DEBUG post power_service/v1/app/compatible/get_ota_update --> ota_update_81QCP7Q5D1258SXT.json
20:28:41,603 ExportSystem INFO Saved JSON to file nkr/ota_update_81QCP7Q5D1258SXT.json
20:28:41,603 ExportSystem INFO Exporting upgrade record for device...
20:28:41,603 ExportSystem DEBUG post power_service/v1/app/get_upgrade_record --> upgrade_record_1_81QCP7Q5D1258SXT.json
20:28:41,954 ExportSystem INFO Saved JSON to file nkr/upgrade_record_1_81QCP7Q5D1258SXT.json
20:28:41,954 ExportSystem INFO Exporting device attributes...
20:28:41,954 ExportSystem DEBUG post power_service/v1/app/device/get_device_attrs --> device_attrs_81QCP7Q5D1258SXT.json
20:28:42,281 ExportSystem INFO Saved JSON to file nkr/device_attrs_81QCP7Q5D1258SXT.json
20:28:42,281 ExportSystem INFO 
20:28:42,281 ExportSystem INFO Exporting device specific data for device Smart Plug SN MU1JPN69C3CB0VVV...
20:28:42,282 ExportSystem INFO Exporting power cutoff settings...
20:28:42,282 ExportSystem DEBUG post power_service/v1/app/compatible/get_power_cutoff --> power_cutoff_MU1JPN69C3CB0VVV.json
20:28:42,644 ExportSystem INFO Saved JSON to file nkr/power_cutoff_MU1JPN69C3CB0VVV.json
20:28:42,644 ExportSystem INFO Exporting fittings...
20:28:42,644 ExportSystem DEBUG post power_service/v1/app/get_relate_device_fittings --> device_fittings_MU1JPN69C3CB0VVV.json
20:28:42,986 ExportSystem INFO Saved JSON to file nkr/device_fittings_MU1JPN69C3CB0VVV.json
20:28:42,986 ExportSystem INFO Exporting load...
20:28:42,986 ExportSystem DEBUG post power_service/v1/app/device/get_device_home_load --> device_load_MU1JPN69C3CB0VVV.json
20:28:43,348 ExportSystem INFO Saved JSON to file nkr/device_load_MU1JPN69C3CB0VVV.json
20:28:43,348 ExportSystem INFO Exporting OTA update info for device...
20:28:43,348 ExportSystem DEBUG post power_service/v1/app/compatible/get_ota_update --> ota_update_MU1JPN69C3CB0VVV.json
20:28:43,802 ExportSystem INFO Saved JSON to file nkr/ota_update_MU1JPN69C3CB0VVV.json
20:28:43,802 ExportSystem INFO Exporting upgrade record for device...
20:28:43,802 ExportSystem DEBUG post power_service/v1/app/get_upgrade_record --> upgrade_record_1_MU1JPN69C3CB0VVV.json
20:28:44,148 ExportSystem INFO Saved JSON to file nkr/upgrade_record_1_MU1JPN69C3CB0VVV.json
20:28:44,148 ExportSystem INFO Exporting device attributes...
20:28:44,148 ExportSystem DEBUG post power_service/v1/app/device/get_device_attrs --> device_attrs_MU1JPN69C3CB0VVV.json
20:28:44,480 ExportSystem INFO Saved JSON to file nkr/device_attrs_MU1JPN69C3CB0VVV.json
20:28:44,480 ExportSystem INFO 
20:28:44,480 ExportSystem INFO Exporting device specific data for device Smart Plug SN IU47YZ0USSGF2K2A...
20:28:44,480 ExportSystem INFO Exporting power cutoff settings...
20:28:44,481 ExportSystem DEBUG post power_service/v1/app/compatible/get_power_cutoff --> power_cutoff_IU47YZ0USSGF2K2A.json
20:28:44,831 ExportSystem INFO Saved JSON to file nkr/power_cutoff_IU47YZ0USSGF2K2A.json
20:28:44,831 ExportSystem INFO Exporting fittings...
20:28:44,831 ExportSystem DEBUG post power_service/v1/app/get_relate_device_fittings --> device_fittings_IU47YZ0USSGF2K2A.json
20:28:45,164 ExportSystem INFO Saved JSON to file nkr/device_fittings_IU47YZ0USSGF2K2A.json
20:28:45,165 ExportSystem INFO Exporting load...
20:28:45,165 ExportSystem DEBUG post power_service/v1/app/device/get_device_home_load --> device_load_IU47YZ0USSGF2K2A.json
20:28:45,526 ExportSystem INFO Saved JSON to file nkr/device_load_IU47YZ0USSGF2K2A.json
20:28:45,527 ExportSystem INFO Exporting OTA update info for device...
20:28:45,527 ExportSystem DEBUG post power_service/v1/app/compatible/get_ota_update --> ota_update_IU47YZ0USSGF2K2A.json
20:28:45,998 ExportSystem INFO Saved JSON to file nkr/ota_update_IU47YZ0USSGF2K2A.json
20:28:45,998 ExportSystem INFO Exporting upgrade record for device...
20:28:45,998 ExportSystem DEBUG post power_service/v1/app/get_upgrade_record --> upgrade_record_1_IU47YZ0USSGF2K2A.json
20:28:46,342 ExportSystem INFO Saved JSON to file nkr/upgrade_record_1_IU47YZ0USSGF2K2A.json
20:28:46,343 ExportSystem INFO Exporting device attributes...
20:28:46,343 ExportSystem DEBUG post power_service/v1/app/device/get_device_attrs --> device_attrs_IU47YZ0USSGF2K2A.json
20:28:46,673 ExportSystem INFO Saved JSON to file nkr/device_attrs_IU47YZ0USSGF2K2A.json
20:28:46,673 ExportSystem INFO 
20:28:46,673 ExportSystem INFO Exporting message unread status...
20:28:46,673 ExportSystem DEBUG get power_service/v1/get_message_unread --> message_unread.json
20:28:47,4 ExportSystem INFO Saved JSON to file nkr/message_unread.json
20:28:47,5 ExportSystem DEBUG Saved original testfolder.
20:28:47,95 ExportSystem INFO 
20:28:47,95 ExportSystem INFO Exporting Api sites cache from files...
20:28:47,95 ExportSystem DEBUG Api sites cache --> api_sites.json
20:28:47,95 ExportSystem INFO Saved JSON to file nkr/api_sites.json
20:28:47,95 ExportSystem INFO Exporting Api devices cache from files...
20:28:47,96 ExportSystem DEBUG Api devices cache --> api_devices.json
20:28:47,96 ExportSystem INFO Saved JSON to file nkr/api_devices.json
20:28:47,96 ExportSystem INFO 
20:28:47,96 ExportSystem INFO Querying charging_energy_service endpoint data...
20:28:47,96 ExportSystem INFO Found 1 accessible systems (sites) and 3 devices.
20:28:47,96 ExportSystem INFO Exporting Charging error info...
20:28:47,96 ExportSystem DEBUG post charging_energy_service/get_error_infos --> charging_error_info.json
20:28:47,414 ExportSystem ERROR <class 'aiohttp.client_exceptions.ClientError'>: ("Api Request Error: 503, message='Service Temporarily Unavailable', url=URL('https://ankerpower-api-eu.anker.com/charging_energy_service/get_error_infos')", 'response=<html>\r\n<head><title>503 Service Temporarily Unavailable</title></head>\r\n<body>\r\n<center><h1>503 Service Temporarily Unavailable</h1></center>\r\n<hr><center>openresty</center>\r\n<p><em>Powered by <a href="https://apisix.apache.org/">APISIX</a>.</em></p></body>\r\n</html>\r\n')
20:28:47,414 ExportSystem WARNING Skipping remaining charging_energy_service endpoint data queries.
20:28:47,414 ExportSystem INFO 
20:28:47,414 ExportSystem INFO Querying charging_hes_svc endpoint data...
20:28:47,414 ExportSystem INFO Found 1 accessible systems (sites) and 3 devices.
20:28:47,414 ExportSystem INFO Exporting HES product info...
20:28:47,414 ExportSystem DEBUG post charging_hes_svc/get_device_product_info --> hes_product_info.json
20:28:47,765 ExportSystem INFO Saved JSON to file nkr/hes_product_info.json
20:28:47,766 ExportSystem INFO 
20:28:47,766 ExportSystem INFO Exporting HES specific data for site cafd5d6b-57a4-da8a-bbe3-41f6c6bddda2...
20:28:47,766 ExportSystem INFO Exporting HES system running info...
20:28:47,766 ExportSystem DEBUG post charging_hes_svc/get_system_running_info --> hes_system_running_info_cafd5d6b-57a4-da8a-bbe3-41f6c6bddda2.json
20:28:48,116 ExportSystem INFO Saved JSON to file nkr/hes_system_running_info_cafd5d6b-57a4-da8a-bbe3-41f6c6bddda2.json
20:28:48,116 ExportSystem INFO Exporting HES monetary units...
20:28:48,116 ExportSystem DEBUG post charging_hes_svc/get_world_monetary_unit --> hes_monetary_units_cafd5d6b-57a4-da8a-bbe3-41f6c6bddda2.json
20:28:48,460 ExportSystem INFO Saved JSON to file nkr/hes_monetary_units_cafd5d6b-57a4-da8a-bbe3-41f6c6bddda2.json
20:28:48,460 ExportSystem INFO Exporting HES install info...
20:28:48,460 ExportSystem DEBUG post charging_hes_svc/get_install_info --> hes_install_info_cafd5d6b-57a4-da8a-bbe3-41f6c6bddda2.json
20:28:48,798 ExportSystem INFO Saved JSON to file nkr/hes_install_info_cafd5d6b-57a4-da8a-bbe3-41f6c6bddda2.json
20:28:48,798 ExportSystem INFO Exporting HES site energy data for solar...
20:28:48,798 ExportSystem DEBUG post charging_hes_svc/get_energy_statistics --> hes_energy_solar_cafd5d6b-57a4-da8a-bbe3-41f6c6bddda2.json
20:28:49,138 ExportSystem INFO Saved JSON to file nkr/hes_energy_solar_cafd5d6b-57a4-da8a-bbe3-41f6c6bddda2.json
20:28:49,138 ExportSystem INFO Exporting HES site energy data for home energy systems...
20:28:49,138 ExportSystem DEBUG post charging_hes_svc/get_energy_statistics --> hes_energy_hes_cafd5d6b-57a4-da8a-bbe3-41f6c6bddda2.json
20:28:49,479 ExportSystem INFO Saved JSON to file nkr/hes_energy_hes_cafd5d6b-57a4-da8a-bbe3-41f6c6bddda2.json
20:28:49,480 ExportSystem INFO Exporting HES site energy data for home usage...
20:28:49,480 ExportSystem DEBUG post charging_hes_svc/get_energy_statistics --> hes_energy_home_cafd5d6b-57a4-da8a-bbe3-41f6c6bddda2.json
20:28:49,822 ExportSystem INFO Saved JSON to file nkr/hes_energy_home_cafd5d6b-57a4-da8a-bbe3-41f6c6bddda2.json
20:28:49,823 ExportSystem INFO Exporting HES site energy data for grid...
20:28:49,823 ExportSystem DEBUG post charging_hes_svc/get_energy_statistics --> hes_energy_grid_cafd5d6b-57a4-da8a-bbe3-41f6c6bddda2.json
20:28:50,161 ExportSystem INFO Saved JSON to file nkr/hes_energy_grid_cafd5d6b-57a4-da8a-bbe3-41f6c6bddda2.json
20:28:50,162 ExportSystem INFO Exporting HES installer info...
20:28:50,162 ExportSystem DEBUG post charging_hes_svc/get_installer_info --> hes_installer_info_cafd5d6b-57a4-da8a-bbe3-41f6c6bddda2.json
20:28:50,504 ExportSystem ERROR Method: POST, Endpoint: charging_hes_svc/get_installer_info, Payload: ("{'siteIds': ['<siteId>'], 'siteId': '<siteId>'}",)
<class 'api.errors.RequestError'>: (10000) Anker Api Error: Failed to request.
20:28:50,504 ExportSystem INFO Exporting HES system running time...
20:28:50,504 ExportSystem DEBUG post charging_hes_svc/get_system_running_time --> hes_system_running_time_cafd5d6b-57a4-da8a-bbe3-41f6c6bddda2.json
20:28:50,847 ExportSystem ERROR Method: POST, Endpoint: charging_hes_svc/get_system_running_time, Payload: ("{'siteId': '<siteId>'}",)
<class 'api.errors.RequestError'>: (10000) Anker Api Error: Failed to request.
20:28:50,847 ExportSystem INFO Exporting HES MI layout...
20:28:50,847 ExportSystem DEBUG post charging_hes_svc/get_mi_layout --> hes_mi_layout_cafd5d6b-57a4-da8a-bbe3-41f6c6bddda2.json
20:28:51,184 ExportSystem INFO Saved JSON to file nkr/hes_mi_layout_cafd5d6b-57a4-da8a-bbe3-41f6c6bddda2.json
20:28:51,184 ExportSystem INFO Exporting HES connection net tips...
20:28:51,184 ExportSystem DEBUG post charging_hes_svc/get_conn_net_tips --> hes_conn_net_tips_cafd5d6b-57a4-da8a-bbe3-41f6c6bddda2.json
20:28:51,512 ExportSystem ERROR Method: POST, Endpoint: charging_hes_svc/get_conn_net_tips, Payload: ("{'siteId': '<siteId>'}",)
<class 'api.errors.RequestError'>: (10000) Anker Api Error: Failed to request.
20:28:51,512 ExportSystem INFO Exporting HES device info...
20:28:51,512 ExportSystem DEBUG post charging_hes_svc/get_hes_dev_info --> hes_dev_info_cafd5d6b-57a4-da8a-bbe3-41f6c6bddda2.json
20:28:51,854 ExportSystem INFO Saved JSON to file nkr/hes_dev_info_cafd5d6b-57a4-da8a-bbe3-41f6c6bddda2.json
20:28:51,854 ExportSystem INFO Exporting HES device info...
20:28:51,854 ExportSystem DEBUG post charging_hes_svc/report_device_data --> hes_report_device_data_cafd5d6b-57a4-da8a-bbe3-41f6c6bddda2.json
20:28:52,208 ExportSystem ERROR Method: POST, Endpoint: charging_hes_svc/report_device_data, Payload: ("{'siteIds': ['<siteId>']}",)
<class 'api.errors.AnkerSolixError'>: (200104) Anker Api Error: The installer system does not exist
20:28:52,208 ExportSystem INFO Exporting HES heat pump plan...
20:28:52,208 ExportSystem DEBUG post charging_hes_svc/get_heat_pump_plan_json --> hes_heat_pump_plan.json
20:28:52,646 ExportSystem INFO Saved JSON to file nkr/hes_heat_pump_plan.json
20:28:52,647 ExportSystem INFO Exporting HES electric utility and plan list (exemplary for country 'de' and state 'nw')...
20:28:52,647 ExportSystem DEBUG post charging_hes_svc/get_electric_utility_and_electric_plan_list --> hes_electric_plan_de_nw.json
20:28:53,173 ExportSystem INFO Saved JSON to file nkr/hes_electric_plan_de_nw.json
20:28:53,174 ExportSystem INFO 
20:28:53,174 ExportSystem INFO Exporting HES specific data for device Solarbank 2 E1600 Pro SN 81QCP7Q5D1258SXT...
20:28:53,174 ExportSystem INFO 
20:28:53,174 ExportSystem INFO Exporting HES specific data for device Smart Plug SN MU1JPN69C3CB0VVV...
20:28:53,174 ExportSystem INFO 
20:28:53,174 ExportSystem INFO Exporting HES specific data for device Smart Plug SN IU47YZ0USSGF2K2A...
